<?xml version="1.0" encoding="UTF-8"?>
<!-- Generated by org.testng.reporters.JUnitXMLReporter -->
<testsuite ignored="0" hostname="PSK9T3U-DESKTOP" failures="1" tests="1" name="Default test" time="24.776" errors="0" timestamp="2024-01-09T10:31:14 IST">
  <testcase classname="io.cucumber.testng.AbstractTestNGCucumberTests" name="runScenario" time="19.106">
    <failure type="java.lang.IllegalArgumentException" message="Keys to send should be a not null CharSequence">
      <![CDATA[java.lang.IllegalArgumentException: Keys to send should be a not null CharSequence
at org.openqa.selenium.remote.RemoteWebElement.sendKeys(RemoteWebElement.java:97)
at stepdefinitions.MurabhaLogin.loginWithMurabhaApplication(MurabhaLogin.java:31)
at stepdefinitions.Murabha_AddressDetailsSteps.login_with_valid_credentials_for_murabha_operation_check(Murabha_AddressDetailsSteps.java:166)
at ✽.login with valid credentials for Murabha_OperationCheck(file:///C:/Users/ININDC00482/git/Murabha/ULS_Murabha_MainRepository/src/test/java/features/MurabhaFeatures/Murabha_OperationCheck.feature:6)
]]>
    </failure>
  </testcase> <!-- runScenario -->
</testsuite> <!-- Default test -->
