<?xml version="1.0" encoding="UTF-8"?>
<testng-results ignored="0" total="1" passed="1" failed="0" skipped="0">
  <reporter-output>
  </reporter-output>
  <suite started-at="2023-11-16T11:17:33 IST" name="Default suite" finished-at="2023-11-16T11:18:05 IST" duration-ms="32076">
    <groups>
      <group name="cucumber">
        <method signature="AbstractTestNGCucumberTests.runScenario(io.cucumber.testng.PickleWrapper,io.cucumber.testng.FeatureWrapper)[pri:0, instance:Runner.TestApplication@1224144a]" name="runScenario" class="io.cucumber.testng.AbstractTestNGCucumberTests"/>
      </group> <!-- cucumber -->
    </groups>
    <test started-at="2023-11-16T11:17:33 IST" name="Default test" finished-at="2023-11-16T11:18:05 IST" duration-ms="32076">
      <class name="Runner.TestApplication">
        <test-method is-config="true" signature="setUpClass()[pri:0, instance:Runner.TestApplication@1224144a]" started-at="2023-11-16T11:17:33 IST" name="setUpClass" finished-at="2023-11-16T11:17:34 IST" duration-ms="971" status="PASS">
          <reporter-output>
          </reporter-output>
        </test-method> <!-- setUpClass -->
        <test-method signature="runScenario(io.cucumber.testng.PickleWrapper,io.cucumber.testng.FeatureWrapper)[pri:0, instance:Runner.TestApplication@1224144a]" started-at="2023-11-16T11:17:34 IST" name="runScenario" description="Runs Cucumber Scenarios" data-provider="scenarios" finished-at="2023-11-16T11:17:57 IST" duration-ms="23264" status="PASS">
          <params>
            <param index="0">
              <value>
                <![CDATA["Validation of Living expense view list"]]>
              </value>
            </param>
            <param index="1">
              <value>
                <![CDATA["Optional[Murabha_AppDataEntry_LivingExpenses]"]]>
              </value>
            </param>
          </params>
          <reporter-output>
          </reporter-output>
        </test-method> <!-- runScenario -->
        <test-method is-config="true" signature="tearDownClass()[pri:0, instance:Runner.TestApplication@1224144a]" started-at="2023-11-16T11:17:57 IST" name="tearDownClass" finished-at="2023-11-16T11:18:05 IST" duration-ms="7783" status="PASS">
          <reporter-output>
          </reporter-output>
        </test-method> <!-- tearDownClass -->
      </class> <!-- Runner.TestApplication -->
    </test> <!-- Default test -->
  </suite> <!-- Default suite -->
</testng-results>
