<?xml version="1.0" encoding="UTF-8"?>
<!-- Generated by org.testng.reporters.JUnitReportReporter -->
<testsuite hostname="INMUVAVD000608" failures="0" tests="1" name="Runner.TestApplication" time="27.568" errors="1" timestamp="2023-09-06T18:46:14 IST" skipped="0">
  <testcase classname="Runner.TestApplication" name="runScenario" time="27.568">
    <error message="Cannot invoke &quot;org.openqa.selenium.WebElement.click()&quot; because the return value of &quot;helper.JavascriptHelper.executeScriptWithWebElement(String)&quot; is null" type="java.lang.NullPointerException">
      <![CDATA[java.lang.NullPointerException: Cannot invoke "org.openqa.selenium.WebElement.click()" because the return value of "helper.JavascriptHelper.executeScriptWithWebElement(String)" is null
at stepdefinitions.IjaraLogin.loginWithIjaraApplication(IjaraLogin.java:29)
at stepdefinitions.IjaraTest.login_with_valid_credentials(IjaraTest.java:22)
at ✽.login with valid credentials(file:///C:/Users/inindc00608/git/KULS_Sankar/KULS_Sankar/src/test/java/features/CustomerDebt.feature:110)
]]>
    </error>
  </testcase> <!-- runScenario -->
  <system-out/>
</testsuite> <!-- Runner.TestApplication -->
