<?xml version="1.0" encoding="UTF-8"?>
<testng-results ignored="0" total="1" passed="1" failed="0" skipped="0">
  <reporter-output>
  </reporter-output>
  <suite started-at="2023-12-29T14:03:22 IST" name="Default suite" finished-at="2023-12-29T14:06:49 IST" duration-ms="207012">
    <groups>
      <group name="cucumber">
        <method signature="AbstractTestNGCucumberTests.runScenario(io.cucumber.testng.PickleWrapper,io.cucumber.testng.FeatureWrapper)[pri:0, instance:Runner.TestApplication@7bba5817]" name="runScenario" class="io.cucumber.testng.AbstractTestNGCucumberTests"/>
      </group> <!-- cucumber -->
    </groups>
    <test started-at="2023-12-29T14:03:22 IST" name="Default test" finished-at="2023-12-29T14:06:49 IST" duration-ms="207012">
      <class name="Runner.TestApplication">
        <test-method is-config="true" signature="setUpClass()[pri:0, instance:Runner.TestApplication@7bba5817]" started-at="2023-12-29T14:03:22 IST" name="setUpClass" finished-at="2023-12-29T14:03:24 IST" duration-ms="1302" status="PASS">
          <reporter-output>
          </reporter-output>
        </test-method> <!-- setUpClass -->
        <test-method signature="runScenario(io.cucumber.testng.PickleWrapper,io.cucumber.testng.FeatureWrapper)[pri:0, instance:Runner.TestApplication@7bba5817]" started-at="2023-12-29T14:03:24 IST" name="runScenario" description="Runs Cucumber Scenarios" data-provider="scenarios" finished-at="2023-12-29T14:06:36 IST" duration-ms="192083" status="PASS">
          <params>
            <param index="0">
              <value>
                <![CDATA["To test the list view record of appication details (Ijarah)"]]>
              </value>
            </param>
            <param index="1">
              <value>
                <![CDATA["Optional[To Test the application details record at the new app stage]"]]>
              </value>
            </param>
          </params>
          <reporter-output>
          </reporter-output>
        </test-method> <!-- runScenario -->
        <test-method is-config="true" signature="tearDownClass()[pri:0, instance:Runner.TestApplication@7bba5817]" started-at="2023-12-29T14:06:36 IST" name="tearDownClass" finished-at="2023-12-29T14:06:49 IST" duration-ms="13579" status="PASS">
          <reporter-output>
          </reporter-output>
        </test-method> <!-- tearDownClass -->
      </class> <!-- Runner.TestApplication -->
    </test> <!-- Default test -->
  </suite> <!-- Default suite -->
</testng-results>
