<?xml version="1.0" encoding="UTF-8"?>
<testng-results ignored="0" total="4" passed="4" failed="0" skipped="0">
  <reporter-output>
  </reporter-output>
  <suite started-at="2023-12-01T14:36:25 IST" name="Default suite" finished-at="2023-12-01T14:40:02 IST" duration-ms="217181">
    <groups>
      <group name="cucumber">
        <method signature="AbstractTestNGCucumberTests.runScenario(io.cucumber.testng.PickleWrapper,io.cucumber.testng.FeatureWrapper)[pri:0, instance:Runner.TestApplication@7bba5817]" name="runScenario" class="io.cucumber.testng.AbstractTestNGCucumberTests"/>
      </group> <!-- cucumber -->
    </groups>
    <test started-at="2023-12-01T14:36:25 IST" name="Default test" finished-at="2023-12-01T14:40:02 IST" duration-ms="217181">
      <class name="Runner.TestApplication">
        <test-method is-config="true" signature="setUpClass()[pri:0, instance:Runner.TestApplication@7bba5817]" started-at="2023-12-01T14:36:25 IST" name="setUpClass" finished-at="2023-12-01T14:36:26 IST" duration-ms="1017" status="PASS">
          <reporter-output>
          </reporter-output>
        </test-method> <!-- setUpClass -->
        <test-method signature="runScenario(io.cucumber.testng.PickleWrapper,io.cucumber.testng.FeatureWrapper)[pri:0, instance:Runner.TestApplication@7bba5817]" started-at="2023-12-01T14:36:26 IST" name="runScenario" description="Runs Cucumber Scenarios" data-provider="scenarios" finished-at="2023-12-01T14:37:10 IST" duration-ms="43969" status="PASS">
          <params>
            <param index="0">
              <value>
                <![CDATA["To verify if Finance Details section is available with correct fields and button under offering"]]>
              </value>
            </param>
            <param index="1">
              <value>
                <![CDATA["Optional[To verify the offerDetails screen in Tawarruq]"]]>
              </value>
            </param>
          </params>
          <reporter-output>
          </reporter-output>
        </test-method> <!-- runScenario -->
        <test-method signature="runScenario(io.cucumber.testng.PickleWrapper,io.cucumber.testng.FeatureWrapper)[pri:0, instance:Runner.TestApplication@7bba5817]" started-at="2023-12-01T14:37:10 IST" name="runScenario" description="Runs Cucumber Scenarios" data-provider="scenarios" finished-at="2023-12-01T14:37:28 IST" duration-ms="18189" status="PASS">
          <params>
            <param index="0">
              <value>
                <![CDATA["To verify if Eligibility Details section is available with correct fields and button under offering"]]>
              </value>
            </param>
            <param index="1">
              <value>
                <![CDATA["Optional[To verify the offerDetails screen in Tawarruq]"]]>
              </value>
            </param>
          </params>
          <reporter-output>
          </reporter-output>
        </test-method> <!-- runScenario -->
        <test-method signature="runScenario(io.cucumber.testng.PickleWrapper,io.cucumber.testng.FeatureWrapper)[pri:0, instance:Runner.TestApplication@7bba5817]" started-at="2023-12-01T14:37:28 IST" name="runScenario" description="Runs Cucumber Scenarios" data-provider="scenarios" finished-at="2023-12-01T14:38:59 IST" duration-ms="91369" status="PASS">
          <params>
            <param index="0">
              <value>
                <![CDATA["To verify the Offer details screen"]]>
              </value>
            </param>
            <param index="1">
              <value>
                <![CDATA["Optional[To verify the offerDetails screen in Tawarruq]"]]>
              </value>
            </param>
          </params>
          <reporter-output>
          </reporter-output>
        </test-method> <!-- runScenario -->
        <test-method signature="runScenario(io.cucumber.testng.PickleWrapper,io.cucumber.testng.FeatureWrapper)[pri:0, instance:Runner.TestApplication@7bba5817]" started-at="2023-12-01T14:38:59 IST" name="runScenario" description="Runs Cucumber Scenarios" data-provider="scenarios" finished-at="2023-12-01T14:39:18 IST" duration-ms="18913" status="PASS">
          <params>
            <param index="0">
              <value>
                <![CDATA["To verify if all the fields in Eligibility Details are non-editable"]]>
              </value>
            </param>
            <param index="1">
              <value>
                <![CDATA["Optional[To verify the offerDetails screen in Tawarruq]"]]>
              </value>
            </param>
          </params>
          <reporter-output>
          </reporter-output>
        </test-method> <!-- runScenario -->
        <test-method is-config="true" signature="tearDownClass()[pri:0, instance:Runner.TestApplication@7bba5817]" started-at="2023-12-01T14:39:18 IST" name="tearDownClass" finished-at="2023-12-01T14:40:02 IST" duration-ms="43677" status="PASS">
          <reporter-output>
          </reporter-output>
        </test-method> <!-- tearDownClass -->
      </class> <!-- Runner.TestApplication -->
    </test> <!-- Default test -->
  </suite> <!-- Default suite -->
</testng-results>
