<?xml version="1.0" encoding="UTF-8"?>
<testng-results ignored="0" total="1" passed="0" failed="1" skipped="0">
  <reporter-output>
  </reporter-output>
  <suite started-at="2023-09-20T17:21:06 IST" name="Default suite" finished-at="2023-09-20T17:21:51 IST" duration-ms="45314">
    <groups>
      <group name="cucumber">
        <method signature="AbstractTestNGCucumberTests.runScenario(io.cucumber.testng.PickleWrapper,io.cucumber.testng.FeatureWrapper)[pri:0, instance:Runner.TestApplication@1224144a]" name="runScenario" class="io.cucumber.testng.AbstractTestNGCucumberTests"/>
      </group> <!-- cucumber -->
    </groups>
    <test started-at="2023-09-20T17:21:06 IST" name="Default test" finished-at="2023-09-20T17:21:51 IST" duration-ms="45314">
      <class name="Runner.TestApplication">
        <test-method is-config="true" signature="setUpClass()[pri:0, instance:Runner.TestApplication@1224144a]" started-at="2023-09-20T17:21:06 IST" name="setUpClass" finished-at="2023-09-20T17:21:06 IST" duration-ms="817" status="PASS">
          <reporter-output>
          </reporter-output>
        </test-method> <!-- setUpClass -->
        <test-method signature="runScenario(io.cucumber.testng.PickleWrapper,io.cucumber.testng.FeatureWrapper)[pri:0, instance:Runner.TestApplication@1224144a]" started-at="2023-09-20T17:21:07 IST" name="runScenario" description="Runs Cucumber Scenarios" data-provider="scenarios" finished-at="2023-09-20T17:21:44 IST" duration-ms="37514" status="FAIL">
          <params>
            <param index="0">
              <value>
                <![CDATA["To verify the Customer Debt record is available in the system"]]>
              </value>
            </param>
            <param index="1">
              <value>
                <![CDATA["Optional[Test the Customer Debt Module in IJARA URL]"]]>
              </value>
            </param>
          </params>
          <exception class="java.lang.AssertionError">
            <message>
              <![CDATA[element not interactable
  (Session info: chrome=117.0.5938.88)
Build info: version: '4.11.0', revision: '040bc5406b'
System info: os.name: 'Windows 10', os.arch: 'amd64', os.version: '10.0', java.version: '17.0.8.1'
Driver info: org.openqa.selenium.chrome.ChromeDriver
Command: [79c7dbf5c48fb6652544bef0f23d1bc3, clickElement {id=F5C458ADA7F1C4D8B9D62268BCC35562_element_117}]
Capabilities {acceptInsecureCerts: false, browserName: chrome, browserVersion: 117.0.5938.88, chrome: {chromedriverVersion: 117.0.5938.88 (be6afae47212..., userDataDir: C:\Users\ININDC~1\AppData\L...}, fedcm:accounts: true, goog:chromeOptions: {debuggerAddress: localhost:62697}, networkConnectionEnabled: false, pageLoadStrategy: normal, platformName: windows, proxy: Proxy(), se:cdp: ws://localhost:62697/devtoo..., se:cdpVersion: 117.0.5938.88, setWindowRect: true, strictFileInteractability: false, timeouts: {implicit: 0, pageLoad: 300000, script: 30000}, unhandledPromptBehavior: dismiss and notify, webauthn:extension:credBlob: true, webauthn:extension:largeBlob: true, webauthn:extension:minPinLength: true, webauthn:extension:prf: true, webauthn:virtualAuthenticators: true}
Element: [org.openqa.selenium.remote.RemoteWebElement@62fcc4b9 -> unknown locator]
Session ID: 79c7dbf5c48fb6652544bef0f23d1bc3]]>
            </message>
            <full-stacktrace>
              <![CDATA[java.lang.AssertionError: element not interactable
  (Session info: chrome=117.0.5938.88)
Build info: version: '4.11.0', revision: '040bc5406b'
System info: os.name: 'Windows 10', os.arch: 'amd64', os.version: '10.0', java.version: '17.0.8.1'
Driver info: org.openqa.selenium.chrome.ChromeDriver
Command: [79c7dbf5c48fb6652544bef0f23d1bc3, clickElement {id=F5C458ADA7F1C4D8B9D62268BCC35562_element_117}]
Capabilities {acceptInsecureCerts: false, browserName: chrome, browserVersion: 117.0.5938.88, chrome: {chromedriverVersion: 117.0.5938.88 (be6afae47212..., userDataDir: C:\Users\ININDC~1\AppData\L...}, fedcm:accounts: true, goog:chromeOptions: {debuggerAddress: localhost:62697}, networkConnectionEnabled: false, pageLoadStrategy: normal, platformName: windows, proxy: Proxy(), se:cdp: ws://localhost:62697/devtoo..., se:cdpVersion: 117.0.5938.88, setWindowRect: true, strictFileInteractability: false, timeouts: {implicit: 0, pageLoad: 300000, script: 30000}, unhandledPromptBehavior: dismiss and notify, webauthn:extension:credBlob: true, webauthn:extension:largeBlob: true, webauthn:extension:minPinLength: true, webauthn:extension:prf: true, webauthn:virtualAuthenticators: true}
Element: [org.openqa.selenium.remote.RemoteWebElement@62fcc4b9 -> unknown locator]
Session ID: 79c7dbf5c48fb6652544bef0f23d1bc3
at org.junit.Assert.fail(Assert.java:88)
at stepdefinitions.IjaraTest.user_click_on_the_action_button_below_financial_commitments(IjaraTest.java:3468)
at ✽.User click On the Action button below Financial Commitments(file:///C:/Users/inindc00626/git/ULS_Ijarahkk/ULS_kailash/src/test/java/features/CustomerDebt.feature:15)
]]>
            </full-stacktrace>
          </exception> <!-- java.lang.AssertionError -->
          <reporter-output>
          </reporter-output>
        </test-method> <!-- runScenario -->
        <test-method is-config="true" signature="tearDownClass()[pri:0, instance:Runner.TestApplication@1224144a]" started-at="2023-09-20T17:21:44 IST" name="tearDownClass" finished-at="2023-09-20T17:21:51 IST" duration-ms="6918" status="PASS">
          <reporter-output>
          </reporter-output>
        </test-method> <!-- tearDownClass -->
      </class> <!-- Runner.TestApplication -->
    </test> <!-- Default test -->
  </suite> <!-- Default suite -->
</testng-results>
