<?xml version="1.0" encoding="UTF-8"?>
<!-- Generated by org.testng.reporters.JUnitReportReporter -->
<testsuite hostname="DESKTOP-PSK9T3J" failures="1" tests="7" name="runner.TestApplication" time="403.901" errors="0" timestamp="2024-02-12T10:06:13 IST" skipped="0">
  <testcase classname="runner.TestApplication" name="runScenario" time="43.011"/>
  <system-out/>
  <testcase classname="runner.TestApplication" name="runScenario" time="62.440"/>
  <system-out/>
  <testcase classname="runner.TestApplication" name="runScenario" time="54.772"/>
  <system-out/>
  <testcase classname="runner.TestApplication" name="runScenario" time="115.619">
    <failure message="element click intercepted: Element &lt;button _ngcontent-ykk-c530=&quot;&quot; tooltipposition=&quot;top&quot; pbutton=&quot;&quot; pripple=&quot;&quot; type=&quot;button&quot; icon=&quot;pi pi-pencil&quot; class=&quot;p-element p-button-sm p-button-info p-button-raised p-button p-component p-button-icon-only ng-star-inserted&quot; ng-reflect-icon=&quot;pi pi-pencil&quot; ng-reflect-tooltip-position=&quot;top&quot; ng-reflect-text=&quot;Edit&quot;&gt;...&lt;/button&gt; is not clickable at point (132, 351). Other element would receive the click: &lt;button _ngcontent-ykk-c530=&quot;&quot; tooltipposition=&quot;top&quot; pbutton=&quot;&quot; pripple=&quot;&quot; type=&quot;button&quot; icon=&quot;pi pi-pencil&quot; class=&quot;p-element p-button-sm p-button-info p-button-raised p-button p-component p-button-icon-only ng-star-inserted&quot; ng-reflect-icon=&quot;pi pi-pencil&quot; ng-reflect-tooltip-position=&quot;top&quot; ng-reflect-text=&quot;Edit&quot;&gt;...&lt;/button&gt;
  (Session info: chrome=121.0.6167.161)
Build info: version: &#039;4.11.0&#039;, revision: &#039;040bc5406b&#039;
System info: os.name: &#039;Windows 10&#039;, os.arch: &#039;amd64&#039;, os.version: &#039;10.0&#039;, java.version: &#039;16.0.2&#039;
Driver info: org.openqa.selenium.chrome.ChromeDriver
Command: [004b3fce9f1f10e7b984a1298b30920a, clickElement {id=A8932B571C2C375A8A84013B9377328F_element_179}]
Capabilities {acceptInsecureCerts: false, browserName: chrome, browserVersion: 121.0.6167.161, chrome: {chromedriverVersion: 121.0.6167.85 (3f98d690ad7e..., userDataDir: C:\Users\ININDC~1\AppData\L...}, fedcm:accounts: true, goog:chromeOptions: {debuggerAddress: localhost:56241}, networkConnectionEnabled: false, pageLoadStrategy: normal, platformName: windows, proxy: Proxy(), se:cdp: ws://localhost:56241/devtoo..., se:cdpVersion: 121.0.6167.161, setWindowRect: true, strictFileInteractability: false, timeouts: {implicit: 0, pageLoad: 300000, script: 30000}, unhandledPromptBehavior: dismiss and notify, webauthn:extension:credBlob: true, webauthn:extension:largeBlob: true, webauthn:extension:minPinLength: true, webauthn:extension:prf: true, webauthn:virtualAuthenticators: true}
Element: [org.openqa.selenium.remote.RemoteWebElement@6e3f863 -&gt; unknown locator]
Session ID: 004b3fce9f1f10e7b984a1298b30920a" type="java.lang.AssertionError">
      <![CDATA[java.lang.AssertionError: element click intercepted: Element <button _ngcontent-ykk-c530="" tooltipposition="top" pbutton="" pripple="" type="button" icon="pi pi-pencil" class="p-element p-button-sm p-button-info p-button-raised p-button p-component p-button-icon-only ng-star-inserted" ng-reflect-icon="pi pi-pencil" ng-reflect-tooltip-position="top" ng-reflect-text="Edit">...</button> is not clickable at point (132, 351). Other element would receive the click: <button _ngcontent-ykk-c530="" tooltipposition="top" pbutton="" pripple="" type="button" icon="pi pi-pencil" class="p-element p-button-sm p-button-info p-button-raised p-button p-component p-button-icon-only ng-star-inserted" ng-reflect-icon="pi pi-pencil" ng-reflect-tooltip-position="top" ng-reflect-text="Edit">...</button>
  (Session info: chrome=121.0.6167.161)
Build info: version: '4.11.0', revision: '040bc5406b'
System info: os.name: 'Windows 10', os.arch: 'amd64', os.version: '10.0', java.version: '16.0.2'
Driver info: org.openqa.selenium.chrome.ChromeDriver
Command: [004b3fce9f1f10e7b984a1298b30920a, clickElement {id=A8932B571C2C375A8A84013B9377328F_element_179}]
Capabilities {acceptInsecureCerts: false, browserName: chrome, browserVersion: 121.0.6167.161, chrome: {chromedriverVersion: 121.0.6167.85 (3f98d690ad7e..., userDataDir: C:\Users\ININDC~1\AppData\L...}, fedcm:accounts: true, goog:chromeOptions: {debuggerAddress: localhost:56241}, networkConnectionEnabled: false, pageLoadStrategy: normal, platformName: windows, proxy: Proxy(), se:cdp: ws://localhost:56241/devtoo..., se:cdpVersion: 121.0.6167.161, setWindowRect: true, strictFileInteractability: false, timeouts: {implicit: 0, pageLoad: 300000, script: 30000}, unhandledPromptBehavior: dismiss and notify, webauthn:extension:credBlob: true, webauthn:extension:largeBlob: true, webauthn:extension:minPinLength: true, webauthn:extension:prf: true, webauthn:virtualAuthenticators: true}
Element: [org.openqa.selenium.remote.RemoteWebElement@6e3f863 -> unknown locator]
Session ID: 004b3fce9f1f10e7b984a1298b30920a
at org.testng.Assert.fail(Assert.java:99)
at stepdefinitions.AutoLoan_AppDataEntry_IdentificationDetails_Step074.user_074_click_on_edit_icon_of_existing_record_in_autoloan_identification_details(AutoLoan_AppDataEntry_IdentificationDetails_Step074.java:594)
at ✽.User_074 Click on Edit icon of existing record in Autoloan_Identification details(file:///C:/Users/inindc00604/git/ULS_IjarahAutoLoanMaster/AzentioAutomationFramework_AutoLoan/src/test/java/features/autoloan/AutoLoan_AppDataEntry_Identification.feature:99)
]]>
    </failure>
  </testcase> <!-- runScenario -->
  <system-out/>
  <testcase classname="runner.TestApplication" name="runScenario" time="42.743"/>
  <system-out/>
  <testcase classname="runner.TestApplication" name="runScenario" time="44.516"/>
  <system-out/>
  <testcase classname="runner.TestApplication" name="runScenario" time="40.800"/>
  <system-out/>
</testsuite> <!-- runner.TestApplication -->
