<?xml version="1.0" encoding="UTF-8"?>
<!-- Generated by org.testng.reporters.JUnitReportReporter -->
<testsuite hostname="AWS-PVDI-6" failures="3" tests="3" name="runner.TestApplication" time="149.617" errors="0" timestamp="2024-02-06T12:39:54 IST" skipped="0">
  <testcase classname="runner.TestApplication" name="runScenario" time="29.078">
    <failure message="Element must be set" type="java.lang.AssertionError">
      <![CDATA[java.lang.AssertionError: Element must be set
at org.testng.Assert.fail(Assert.java:111)
at stepdefinitions.AppDataEntry_EmploymentDetailsSteps.user_076_click_on_edit_button_in_customer_employment_list_view(AppDataEntry_EmploymentDetailsSteps.java:1622)
at ✽.user_076 click on edit button in customer employment list view(file:///C:/Users/ININDC00076/eclipse-workspace/AzentioAutomationFramework_AutoLoan/src/test/java/features/autoloan/AutoLoan_AppDataEntry_ReferenceDetailsFEATURE.feature:75)
]]>
    </failure>
  </testcase> <!-- runScenario -->
  <testcase classname="runner.TestApplication" name="runScenario" time="43.662">
    <failure message="The following asserts failed:
	Primary employment field is not available hence failed expected [true] but found [false],
	Company Type field is not available hence failed expected [true] but found [false],
	Profession field is not available hence failed expected [true] but found [false],
	Profession Type field is not available hence failed expected [true] but found [false],
	Statutory Authority field is not available hence failed expected [true] but found [false],
	Department field is not available hence failed expected [true] but found [false],
	Designation field is not available hence failed expected [true] but found [false],
	Direct Manager Contact Number Extension field is not available hence failed expected [true] but found [false],
	Direct Manager Telephone field is not available hence failed expected [true] but found [false],
	Income Paymode field is not available hence failed expected [true] but found [false],
	Employer Phone Extension field is not available hence failed expected [true] but found [false],
	Employer Phone Number field is not available hence failed expected [true] but found [false],
	State field is not available hence failed expected [true] but found [false],
	City field is not available hence failed expected [true] but found [false],
	Pincode field is not available hence failed expected [true] but found [false],
	Sector field is not available hence failed expected [true] but found [false],
	Industry Sub Sector field is not available hence failed expected [true] but found [false],
	No Of Partners field is not available hence failed expected [true] but found [false],
	Registered Business Name field is not available hence failed expected [true] but found [false],
	Registered Bussiness Number field is not available hence failed expected [true] but found [false],
	Business Registration Date field is not available hence failed expected [true] but found [false],
	Office Premises Type field is not available hence failed expected [true] but found [false],
	No Of Employees field is not available hence failed expected [true] but found [false],
	Experience At Current Employment field is not available hence failed expected [true] but found [false],
	Direct Manager Name field is not available hence failed expected [true] but found [false],
	Employer City Code field is not available hence failed expected [true] but found [false],
	Retirement Age(Years) field is not available hence failed expected [true] but found [false],
	Remarks field is not available hence failed expected [true] but found [false],
	 Primary employment field is not enabled hence failed expected [true] but found [false],
	When we choose company firm Company Type field is not available hence failed expected [true] but found [false],
	When we choose company firm Employment end date field is not available hence failed expected [true] but found [false],
	When we choose company firm Employer Phone Extension field is not available hence failed expected [true] but found [false],
	When we choose company firm Income Paymode field is not available hence failed expected [true] but found [false],
	When we choose self employed professionals Company Type field is not available hence failed expected [true] but found [false],
	When we choose self employed professionals Employment end date field is not available hence failed expected [true] but found [false],
	When we choose self employed professionals Employer Phone Extension field is not available hence failed expected [true] but found [false],
	When we choose self employed professionals Designation field is not available hence failed expected [true] but found [false],
	When we choose Salaried Employment end date field is not available hence failed expected [true] but found [false],
	When we choose Salaried Employer Phone Extension field is not available hence failed expected [true] but found [false],
	When we choose Salaried State field is not available hence failed expected [true] but found [false],
	When we choose Salaried Pincode field is not available hence failed expected [true] but found [false],
	When we choose Salaried Experience At Current Employment field is not available hence failed expected [true] but found [false],
	When we choose Salaried Employer City Code field is not available hence failed expected [true] but found [false],
	When we choose Salaried Retirement Age(Years) field is not available hence failed expected [true] but found [false]" type="java.lang.AssertionError">
      <![CDATA[java.lang.AssertionError: The following asserts failed:
Primary employment field is not available hence failed expected [true] but found [false],
Company Type field is not available hence failed expected [true] but found [false],
Profession field is not available hence failed expected [true] but found [false],
Profession Type field is not available hence failed expected [true] but found [false],
Statutory Authority field is not available hence failed expected [true] but found [false],
Department field is not available hence failed expected [true] but found [false],
Designation field is not available hence failed expected [true] but found [false],
Direct Manager Contact Number Extension field is not available hence failed expected [true] but found [false],
Direct Manager Telephone field is not available hence failed expected [true] but found [false],
Income Paymode field is not available hence failed expected [true] but found [false],
Employer Phone Extension field is not available hence failed expected [true] but found [false],
Employer Phone Number field is not available hence failed expected [true] but found [false],
State field is not available hence failed expected [true] but found [false],
City field is not available hence failed expected [true] but found [false],
Pincode field is not available hence failed expected [true] but found [false],
Sector field is not available hence failed expected [true] but found [false],
Industry Sub Sector field is not available hence failed expected [true] but found [false],
No Of Partners field is not available hence failed expected [true] but found [false],
Registered Business Name field is not available hence failed expected [true] but found [false],
Registered Bussiness Number field is not available hence failed expected [true] but found [false],
Business Registration Date field is not available hence failed expected [true] but found [false],
Office Premises Type field is not available hence failed expected [true] but found [false],
No Of Employees field is not available hence failed expected [true] but found [false],
Experience At Current Employment field is not available hence failed expected [true] but found [false],
Direct Manager Name field is not available hence failed expected [true] but found [false],
Employer City Code field is not available hence failed expected [true] but found [false],
Retirement Age(Years) field is not available hence failed expected [true] but found [false],
Remarks field is not available hence failed expected [true] but found [false],
 Primary employment field is not enabled hence failed expected [true] but found [false],
When we choose company firm Company Type field is not available hence failed expected [true] but found [false],
When we choose company firm Employment end date field is not available hence failed expected [true] but found [false],
When we choose company firm Employer Phone Extension field is not available hence failed expected [true] but found [false],
When we choose company firm Income Paymode field is not available hence failed expected [true] but found [false],
When we choose self employed professionals Company Type field is not available hence failed expected [true] but found [false],
When we choose self employed professionals Employment end date field is not available hence failed expected [true] but found [false],
When we choose self employed professionals Employer Phone Extension field is not available hence failed expected [true] but found [false],
When we choose self employed professionals Designation field is not available hence failed expected [true] but found [false],
When we choose Salaried Employment end date field is not available hence failed expected [true] but found [false],
When we choose Salaried Employer Phone Extension field is not available hence failed expected [true] but found [false],
When we choose Salaried State field is not available hence failed expected [true] but found [false],
When we choose Salaried Pincode field is not available hence failed expected [true] but found [false],
When we choose Salaried Experience At Current Employment field is not available hence failed expected [true] but found [false],
When we choose Salaried Employer City Code field is not available hence failed expected [true] but found [false],
When we choose Salaried Retirement Age(Years) field is not available hence failed expected [true] but found [false]
at org.testng.asserts.SoftAssert.assertAll(SoftAssert.java:46)
at org.testng.asserts.SoftAssert.assertAll(SoftAssert.java:30)
at stepdefinitions.AppDataEntry_EmploymentDetailsSteps.user_076_invoke_soft_assert_in_employment_details_screen(AppDataEntry_EmploymentDetailsSteps.java:1652)
at ✽.user_076 invoke soft assert in employment details screen(file:///C:/Users/ININDC00076/eclipse-workspace/AzentioAutomationFramework_AutoLoan/src/test/java/features/autoloan/AutoLoan_AppDataEntry_ReferenceDetailsFEATURE.feature:25)
]]>
    </failure>
  </testcase> <!-- runScenario -->
  <testcase classname="runner.TestApplication" name="runScenario" time="76.877">
    <failure message="javascript error: Cannot read properties of null (reading &#039;innerText&#039;)
  (Session info: chrome=121.0.6167.140)
Build info: version: &#039;4.11.0&#039;, revision: &#039;040bc5406b&#039;
System info: os.name: &#039;Windows 10&#039;, os.arch: &#039;amd64&#039;, os.version: &#039;10.0&#039;, java.version: &#039;21.0.1&#039;
Driver info: org.openqa.selenium.chrome.ChromeDriver
Command: [c447cea8b5625ff9c4dd5aa45e17b2dc, executeScript {script=return document.querySelector(&#039;digital-prime-date[id=&quot;employmentEndDate&quot;]&#039;).innerText, args=[]}]
Capabilities {acceptInsecureCerts: false, browserName: chrome, browserVersion: 121.0.6167.140, chrome: {chromedriverVersion: 121.0.6167.85 (3f98d690ad7e..., userDataDir: C:\Users\ININDC~1\AppData\L...}, fedcm:accounts: true, goog:chromeOptions: {debuggerAddress: localhost:58973}, networkConnectionEnabled: false, pageLoadStrategy: normal, platformName: windows, proxy: Proxy(), se:cdp: ws://localhost:58973/devtoo..., se:cdpVersion: 121.0.6167.140, setWindowRect: true, strictFileInteractability: false, timeouts: {implicit: 0, pageLoad: 300000, script: 30000}, unhandledPromptBehavior: dismiss and notify, webauthn:extension:credBlob: true, webauthn:extension:largeBlob: true, webauthn:extension:minPinLength: true, webauthn:extension:prf: true, webauthn:virtualAuthenticators: true}
Session ID: c447cea8b5625ff9c4dd5aa45e17b2dc" type="java.lang.AssertionError">
      <![CDATA[java.lang.AssertionError: javascript error: Cannot read properties of null (reading 'innerText')
  (Session info: chrome=121.0.6167.140)
Build info: version: '4.11.0', revision: '040bc5406b'
System info: os.name: 'Windows 10', os.arch: 'amd64', os.version: '10.0', java.version: '21.0.1'
Driver info: org.openqa.selenium.chrome.ChromeDriver
Command: [c447cea8b5625ff9c4dd5aa45e17b2dc, executeScript {script=return document.querySelector('digital-prime-date[id="employmentEndDate"]').innerText, args=[]}]
Capabilities {acceptInsecureCerts: false, browserName: chrome, browserVersion: 121.0.6167.140, chrome: {chromedriverVersion: 121.0.6167.85 (3f98d690ad7e..., userDataDir: C:\Users\ININDC~1\AppData\L...}, fedcm:accounts: true, goog:chromeOptions: {debuggerAddress: localhost:58973}, networkConnectionEnabled: false, pageLoadStrategy: normal, platformName: windows, proxy: Proxy(), se:cdp: ws://localhost:58973/devtoo..., se:cdpVersion: 121.0.6167.140, setWindowRect: true, strictFileInteractability: false, timeouts: {implicit: 0, pageLoad: 300000, script: 30000}, unhandledPromptBehavior: dismiss and notify, webauthn:extension:credBlob: true, webauthn:extension:largeBlob: true, webauthn:extension:minPinLength: true, webauthn:extension:prf: true, webauthn:virtualAuthenticators: true}
Session ID: c447cea8b5625ff9c4dd5aa45e17b2dc
at org.testng.Assert.fail(Assert.java:111)
at stepdefinitions.AppDataEntry_EmploymentDetailsSteps.user_076_verify_empoyment_end_date_field_should_be_non_mandatory_date(AppDataEntry_EmploymentDetailsSteps.java:1025)
at ✽.user_076 verify empoyment end date field should be non mandatory date(file:///C:/Users/ININDC00076/eclipse-workspace/AzentioAutomationFramework_AutoLoan/src/test/java/features/autoloan/AutoLoan_AppDataEntry_ReferenceDetailsFEATURE.feature:46)
]]>
    </failure>
  </testcase> <!-- runScenario -->
</testsuite> <!-- runner.TestApplication -->
