<?xml version="1.0" encoding="UTF-8"?>
<!-- Generated by org.testng.reporters.JUnitReportReporter -->
<testsuite hostname="AWS-PVDI-24" failures="1" tests="1" name="runner.TestApplication" time="95.720" errors="0" timestamp="2024-02-06T18:04:30 IST" skipped="0">
  <testcase classname="runner.TestApplication" name="runScenario" time="95.720">
    <failure message="Cannot invoke &quot;Object.toString()&quot; because the return value of &quot;helper.JavascriptHelper.executeScript(String)&quot; is null" type="java.lang.AssertionError">
      <![CDATA[java.lang.AssertionError: Cannot invoke "Object.toString()" because the return value of "helper.JavascriptHelper.executeScript(String)" is null
at org.junit.Assert.fail(Assert.java:88)
at stepdefinitions.AutoLoan_Steps.user_608_click_the_update_button_with_valid_data_in_customer_debt_screen(AutoLoan_Steps.java:10580)
at ✽.User_608 click the Update button with valid data in Customer Debt screen(file:///C:/Users/inindc00608/git/ULS_Ijarah_AutoLoanMaster/AzentioAutomationFramework_AutoLoan/src/test/java/features/autoloan/AL_AppData_FinancialCommitments.feature:196)
]]>
    </failure>
  </testcase> <!-- runScenario -->
  <system-out/>
</testsuite> <!-- runner.TestApplication -->
