<?xml version="1.0" encoding="UTF-8"?>
<testng-results ignored="0" total="1" passed="1" failed="0" skipped="0">
  <reporter-output>
  </reporter-output>
  <suite started-at="2023-12-19T18:33:13 IST" name="Default suite" finished-at="2023-12-19T18:34:19 IST" duration-ms="65911">
    <groups>
      <group name="cucumber">
        <method signature="AbstractTestNGCucumberTests.runScenario(io.cucumber.testng.PickleWrapper,io.cucumber.testng.FeatureWrapper)[pri:0, instance:Runner.TestApplication@6e9a5ed8]" name="runScenario" class="io.cucumber.testng.AbstractTestNGCucumberTests"/>
      </group> <!-- cucumber -->
    </groups>
    <test started-at="2023-12-19T18:33:13 IST" name="Default test" finished-at="2023-12-19T18:34:19 IST" duration-ms="65911">
      <class name="Runner.TestApplication">
        <test-method is-config="true" signature="setUpClass()[pri:0, instance:Runner.TestApplication@6e9a5ed8]" started-at="2023-12-19T18:33:13 IST" name="setUpClass" finished-at="2023-12-19T18:33:14 IST" duration-ms="1361" status="PASS">
          <reporter-output>
          </reporter-output>
        </test-method> <!-- setUpClass -->
        <test-method signature="runScenario(io.cucumber.testng.PickleWrapper,io.cucumber.testng.FeatureWrapper)[pri:0, instance:Runner.TestApplication@6e9a5ed8]" started-at="2023-12-19T18:33:14 IST" name="runScenario" description="Runs Cucumber Scenarios" data-provider="scenarios" finished-at="2023-12-19T18:34:09 IST" duration-ms="55293" status="PASS">
          <params>
            <param index="0">
              <value>
                <![CDATA["To verify that all fields are present in Eligibility details section"]]>
              </value>
            </param>
            <param index="1">
              <value>
                <![CDATA["Optional[To check the Offer details feature]"]]>
              </value>
            </param>
          </params>
          <reporter-output>
          </reporter-output>
        </test-method> <!-- runScenario -->
        <test-method is-config="true" signature="tearDownClass()[pri:0, instance:Runner.TestApplication@6e9a5ed8]" started-at="2023-12-19T18:34:09 IST" name="tearDownClass" finished-at="2023-12-19T18:34:19 IST" duration-ms="9206" status="PASS">
          <reporter-output>
          </reporter-output>
        </test-method> <!-- tearDownClass -->
      </class> <!-- Runner.TestApplication -->
    </test> <!-- Default test -->
  </suite> <!-- Default suite -->
</testng-results>
