<?xml version="1.0" encoding="UTF-8"?>
<testng-results ignored="0" total="1" passed="1" failed="0" skipped="0">
  <reporter-output>
  </reporter-output>
  <suite started-at="2024-02-16T18:10:20 IST" name="Default suite" finished-at="2024-02-16T18:12:17 IST" duration-ms="117422">
    <groups>
      <group name="cucumber">
        <method signature="AbstractTestNGCucumberTests.runScenario(io.cucumber.testng.PickleWrapper,io.cucumber.testng.FeatureWrapper)[pri:0, instance:Runner.TestApplication@7ce026d3]" name="runScenario" class="io.cucumber.testng.AbstractTestNGCucumberTests"/>
      </group> <!-- cucumber -->
    </groups>
    <test started-at="2024-02-16T18:10:20 IST" name="Default test" finished-at="2024-02-16T18:12:17 IST" duration-ms="117422">
      <class name="Runner.TestApplication">
        <test-method is-config="true" signature="setUpClass()[pri:0, instance:Runner.TestApplication@7ce026d3]" started-at="2024-02-16T18:10:20 IST" name="setUpClass" finished-at="2024-02-16T18:10:20 IST" duration-ms="916" status="PASS">
          <reporter-output>
          </reporter-output>
        </test-method> <!-- setUpClass -->
        <test-method signature="runScenario(io.cucumber.testng.PickleWrapper,io.cucumber.testng.FeatureWrapper)[pri:0, instance:Runner.TestApplication@7ce026d3]" started-at="2024-02-16T18:10:20 IST" name="runScenario" description="Runs Cucumber Scenarios" data-provider="scenarios" finished-at="2024-02-16T18:11:56 IST" duration-ms="95128" status="PASS">
          <params>
            <param index="0">
              <value>
                <![CDATA["System should display the below mention fields and button under Income details section and display only at Data Check stage."]]>
              </value>
            </param>
            <param index="1">
              <value>
                <![CDATA["Optional[To check the App Data Check - Income feature]"]]>
              </value>
            </param>
          </params>
          <reporter-output>
          </reporter-output>
        </test-method> <!-- runScenario -->
        <test-method is-config="true" signature="tearDownClass()[pri:0, instance:Runner.TestApplication@7ce026d3]" started-at="2024-02-16T18:11:56 IST" name="tearDownClass" finished-at="2024-02-16T18:12:17 IST" duration-ms="21311" status="PASS">
          <reporter-output>
          </reporter-output>
        </test-method> <!-- tearDownClass -->
      </class> <!-- Runner.TestApplication -->
    </test> <!-- Default test -->
  </suite> <!-- Default suite -->
</testng-results>
