<?xml version="1.0" encoding="UTF-8"?>
<!-- Generated by org.testng.reporters.JUnitXMLReporter -->
<testsuite ignored="0" hostname="AWS-PVDI-12" failures="3" tests="4" name="Default test" time="76.348" errors="0" timestamp="2023-11-17T17:41:20 IST">
  <testcase classname="io.cucumber.testng.AbstractTestNGCucumberTests" name="runScenario" time="30.208"/>
  <testcase classname="io.cucumber.testng.AbstractTestNGCucumberTests" name="runScenario" time="8.492">
    <failure type="java.lang.NullPointerException" message="Cannot invoke &amp;quot;org.openqa.selenium.WebElement.click()&amp;quot; because the return value of &amp;quot;helper.JavascriptHelper.executeScriptWithWebElement(String)&amp;quot; is null">
      <![CDATA[java.lang.NullPointerException: Cannot invoke "org.openqa.selenium.WebElement.click()" because the return value of "helper.JavascriptHelper.executeScriptWithWebElement(String)" is null
at stepdefinitions.IjaraLogin.loginWithIjaraApplication(IjaraLogin.java:31)
at stepdefinitions.ApplicationDataEntry_Steps.Login_with_valid_credentials(ApplicationDataEntry_Steps.java:50)
at ✽.User_6047 Login with valid credentials(file:///C:/Users/ININDC00071/git/ULs_Ramya1/Uls_Ramya/src/test/java/features/Tawarruq_AppDataEntry_DocumentDetails.feature:45)
]]>
    </failure>
  </testcase> <!-- runScenario -->
  <testcase classname="io.cucumber.testng.AbstractTestNGCucumberTests" name="runScenario" time="7.6">
    <failure type="java.lang.NullPointerException" message="Cannot invoke &amp;quot;org.openqa.selenium.WebElement.click()&amp;quot; because the return value of &amp;quot;helper.JavascriptHelper.executeScriptWithWebElement(String)&amp;quot; is null">
      <![CDATA[java.lang.NullPointerException: Cannot invoke "org.openqa.selenium.WebElement.click()" because the return value of "helper.JavascriptHelper.executeScriptWithWebElement(String)" is null
at stepdefinitions.IjaraLogin.loginWithIjaraApplication(IjaraLogin.java:31)
at stepdefinitions.ApplicationDataEntry_Steps.Login_with_valid_credentials(ApplicationDataEntry_Steps.java:50)
at ✽.User_6047 Login with valid credentials(file:///C:/Users/ININDC00071/git/ULs_Ramya1/Uls_Ramya/src/test/java/features/Tawarruq_AppDataEntry_DocumentDetails.feature:74)
]]>
    </failure>
  </testcase> <!-- runScenario -->
  <testcase classname="io.cucumber.testng.AbstractTestNGCucumberTests" name="runScenario" time="8.244">
    <failure type="java.lang.NullPointerException" message="Cannot invoke &amp;quot;org.openqa.selenium.WebElement.click()&amp;quot; because the return value of &amp;quot;helper.JavascriptHelper.executeScriptWithWebElement(String)&amp;quot; is null">
      <![CDATA[java.lang.NullPointerException: Cannot invoke "org.openqa.selenium.WebElement.click()" because the return value of "helper.JavascriptHelper.executeScriptWithWebElement(String)" is null
at stepdefinitions.IjaraLogin.loginWithIjaraApplication(IjaraLogin.java:31)
at stepdefinitions.ApplicationDataEntry_Steps.Login_with_valid_credentials(ApplicationDataEntry_Steps.java:50)
at ✽.User_6047 Login with valid credentials(file:///C:/Users/ININDC00071/git/ULs_Ramya1/Uls_Ramya/src/test/java/features/Tawarruq_AppDataEntry_DocumentDetails.feature:97)
]]>
    </failure>
  </testcase> <!-- runScenario -->
</testsuite> <!-- Default test -->
