<?xml version="1.0" encoding="UTF-8"?>
<!-- Generated by org.testng.reporters.JUnitXMLReporter -->
<testsuite ignored="0" hostname="DESKTOP-PSK9T3C" failures="1" tests="1" name="Default test" time="108.293" errors="0" timestamp="2023-09-06T18:01:46 IST">
  <testcase classname="io.cucumber.testng.AbstractTestNGCucumberTests" name="runScenario" time="84.056">
    <failure type="java.lang.AssertionError" message="Cannot invoke &amp;quot;org.openqa.selenium.WebElement.click()&amp;quot; because the return value of &amp;quot;helper.JavascriptHelper.executeScriptWithWebElement(String)&amp;quot; is null">
      <![CDATA[java.lang.AssertionError: Cannot invoke "org.openqa.selenium.WebElement.click()" because the return value of "helper.JavascriptHelper.executeScriptWithWebElement(String)" is null
at org.testng.Assert.fail(Assert.java:99)
at stepdefinitions.CFEmploymentDetailsSteps611.user_validate_the_declared_net_monthly_income_is_editable(CFEmploymentDetailsSteps611.java:876)
at ✽.User_611 Validate the Declared net  monthly income is editable(file:///C:/Users/inindc00611/git/ULS_Ijarah/AzentioAutomationFramework_Ijara/src/test/java/features/ContractSigningAppDet611.feature:61)
]]>
    </failure>
  </testcase> <!-- runScenario -->
</testsuite> <!-- Default test -->
