<?xml version="1.0" encoding="UTF-8"?>
<!-- Generated by org.testng.reporters.JUnitXMLReporter -->
<testsuite ignored="0" hostname="DESKTOP-PSK9T3V" failures="1" tests="1" name="Default test" time="73.167" errors="0" timestamp="2023-11-03T16:38:44 IST">
  <testcase classname="io.cucumber.testng.AbstractTestNGCucumberTests" name="runScenario" time="62.834">
    <failure type="java.lang.AssertionError" message="Cannot invoke &amp;quot;org.openqa.selenium.WebElement.click()&amp;quot; because the return value of &amp;quot;helper.JavascriptHelper.executeScriptWithWebElement(String)&amp;quot; is null">
      <![CDATA[java.lang.AssertionError: Cannot invoke "org.openqa.selenium.WebElement.click()" because the return value of "helper.JavascriptHelper.executeScriptWithWebElement(String)" is null
at org.testng.Assert.fail(Assert.java:99)
at stepdefinitions.Ijara_AD_DocumentDetails_Steps_610.user_select_the_module_name_to_los(Ijara_AD_DocumentDetails_Steps_610.java:113)
at ✽.User_610 click the module name(file:///C:/Users/inindc00610/git/ULS_Jay1/ULS_Jay/src/test/java/features/murabhe_AppDataEntery_EmployementDetails.feature:36)
]]>
    </failure>
  </testcase> <!-- runScenario -->
</testsuite> <!-- Default test -->
