<?xml version="1.0" encoding="UTF-8"?>
<!-- Generated by org.testng.reporters.JUnitXMLReporter -->
<testsuite ignored="0" hostname="DESKTOP-PSK9T3V" failures="1" tests="1" name="Default test" time="81.496" errors="0" timestamp="2024-01-05T17:17:59 IST">
  <testcase classname="io.cucumber.testng.AbstractTestNGCucumberTests" name="runScenario" time="69.914">
    <failure type="java.lang.AssertionError" message="Cannot invoke &amp;quot;org.openqa.selenium.WebElement.isDisplayed()&amp;quot; because the return value of &amp;quot;helper.JavascriptHelper.executeScriptWithWebElement(String)&amp;quot; is null">
      <![CDATA[java.lang.AssertionError: Cannot invoke "org.openqa.selenium.WebElement.isDisplayed()" because the return value of "helper.JavascriptHelper.executeScriptWithWebElement(String)" is null
at org.testng.Assert.fail(Assert.java:99)
at stepdefinitions.AutoLoan_Stepa.user_click_save_and_verify_in_documents_details_screen(AutoLoan_Stepa.java:4647)
at ✽.User_610 click save and verify in documents details screen(file:///C:/Users/inindc00610/git/ULS_Jay1/ULS_Jay/src/test/java/features/AutoLoan_AppDataEntry_DocumentsDetails.feature:61)
]]>
    </failure>
  </testcase> <!-- runScenario -->
</testsuite> <!-- Default test -->
