<?xml version="1.0" encoding="UTF-8"?>
<!-- Generated by org.testng.reporters.JUnitXMLReporter -->
<testsuite ignored="0" hostname="DESKTOP-PSK9T3V" failures="1" tests="1" name="Default test" time="50.438" errors="0" timestamp="2023-12-28T14:38:10 IST">
  <testcase classname="io.cucumber.testng.AbstractTestNGCucumberTests" name="runScenario" time="39.705">
    <failure type="org.openqa.selenium.ElementClickInterceptedException" message="element click intercepted: Element &amp;lt;ion-item _ngcontent-afn-c224=&amp;quot;&amp;quot; lines=&amp;quot;none&amp;quot; tooltipposition=&amp;quot;bottom&amp;quot; class=&amp;quot;p-element UserAccSec headerSecdiv item md item-lines-none item-fill-none in-list hydrated&amp;quot; ng-reflect-lines=&amp;quot;none&amp;quot; ng-reflect-tooltip-position=&amp;quot;bottom&amp;quot; ng-reflect-text=&amp;quot;Profile&amp;quot; role=&amp;quot;listitem&amp;quot;&amp;gt;...&amp;lt;/ion-item&amp;gt; is not clickable at point (1877, 26). Other element would receive the click: &amp;lt;div class=&amp;quot;ng-tns-c144-9 ng-star-inserted ng-trigger ng-trigger-flyInOut ngx-toastr toast-error&amp;quot; toast-component=&amp;quot;&amp;quot; style=&amp;quot;opacity: 1;&amp;quot;&amp;gt;...&amp;lt;/div&amp;gt;
  (Session info: chrome=120.0.6099.130)
Build info: version: &amp;apos;4.11.0&amp;apos;, revision: &amp;apos;040bc5406b&amp;apos;
System info: os.name: &amp;apos;Windows 10&amp;apos;, os.arch: &amp;apos;amd64&amp;apos;, os.version: &amp;apos;10.0&amp;apos;, java.version: &amp;apos;17.0.7&amp;apos;
Driver info: org.openqa.selenium.chrome.ChromeDriver
Command: [cc101c0ee97c1352d50f61f0bcab2e35, clickElement {id=E7AF97BFD83292B9EF6309207FFC7E76_element_95}]
Capabilities {acceptInsecureCerts: false, browserName: chrome, browserVersion: 120.0.6099.130, chrome: {chromedriverVersion: 120.0.6099.109 (3419140ab66..., userDataDir: C:\Users\ININDC~1\AppData\L...}, fedcm:accounts: true, goog:chromeOptions: {debuggerAddress: localhost:50395}, networkConnectionEnabled: false, pageLoadStrategy: normal, platformName: windows, proxy: Proxy(), se:cdp: ws://localhost:50395/devtoo..., se:cdpVersion: 120.0.6099.130, setWindowRect: true, strictFileInteractability: false, timeouts: {implicit: 0, pageLoad: 300000, script: 30000}, unhandledPromptBehavior: dismiss and notify, webauthn:extension:credBlob: true, webauthn:extension:largeBlob: true, webauthn:extension:minPinLength: true, webauthn:extension:prf: true, webauthn:virtualAuthenticators: true}
Element: [org.openqa.selenium.remote.RemoteWebElement@1a4bfe44 -&amp;gt; unknown locator]
Session ID: cc101c0ee97c1352d50f61f0bcab2e35">
      <![CDATA[org.openqa.selenium.ElementClickInterceptedException: element click intercepted: Element <ion-item _ngcontent-afn-c224="" lines="none" tooltipposition="bottom" class="p-element UserAccSec headerSecdiv item md item-lines-none item-fill-none in-list hydrated" ng-reflect-lines="none" ng-reflect-tooltip-position="bottom" ng-reflect-text="Profile" role="listitem">...</ion-item> is not clickable at point (1877, 26). Other element would receive the click: <div class="ng-tns-c144-9 ng-star-inserted ng-trigger ng-trigger-flyInOut ngx-toastr toast-error" toast-component="" style="opacity: 1;">...</div>
  (Session info: chrome=120.0.6099.130)
Build info: version: '4.11.0', revision: '040bc5406b'
System info: os.name: 'Windows 10', os.arch: 'amd64', os.version: '10.0', java.version: '17.0.7'
Driver info: org.openqa.selenium.chrome.ChromeDriver
Command: [cc101c0ee97c1352d50f61f0bcab2e35, clickElement {id=E7AF97BFD83292B9EF6309207FFC7E76_element_95}]
Capabilities {acceptInsecureCerts: false, browserName: chrome, browserVersion: 120.0.6099.130, chrome: {chromedriverVersion: 120.0.6099.109 (3419140ab66..., userDataDir: C:\Users\ININDC~1\AppData\L...}, fedcm:accounts: true, goog:chromeOptions: {debuggerAddress: localhost:50395}, networkConnectionEnabled: false, pageLoadStrategy: normal, platformName: windows, proxy: Proxy(), se:cdp: ws://localhost:50395/devtoo..., se:cdpVersion: 120.0.6099.130, setWindowRect: true, strictFileInteractability: false, timeouts: {implicit: 0, pageLoad: 300000, script: 30000}, unhandledPromptBehavior: dismiss and notify, webauthn:extension:credBlob: true, webauthn:extension:largeBlob: true, webauthn:extension:minPinLength: true, webauthn:extension:prf: true, webauthn:virtualAuthenticators: true}
Element: [org.openqa.selenium.remote.RemoteWebElement@1a4bfe44 -> unknown locator]
Session ID: cc101c0ee97c1352d50f61f0bcab2e35
at java.base/jdk.internal.reflect.NativeConstructorAccessorImpl.newInstance0(Native Method)
at java.base/jdk.internal.reflect.NativeConstructorAccessorImpl.newInstance(NativeConstructorAccessorImpl.java:77)
at java.base/jdk.internal.reflect.DelegatingConstructorAccessorImpl.newInstance(DelegatingConstructorAccessorImpl.java:45)
at java.base/java.lang.reflect.Constructor.newInstanceWithCaller(Constructor.java:499)
at java.base/java.lang.reflect.Constructor.newInstance(Constructor.java:480)
at org.openqa.selenium.remote.codec.w3c.W3CHttpResponseCodec.createException(W3CHttpResponseCodec.java:200)
at org.openqa.selenium.remote.codec.w3c.W3CHttpResponseCodec.decode(W3CHttpResponseCodec.java:133)
at org.openqa.selenium.remote.codec.w3c.W3CHttpResponseCodec.decode(W3CHttpResponseCodec.java:52)
at org.openqa.selenium.remote.HttpCommandExecutor.execute(HttpCommandExecutor.java:191)
at org.openqa.selenium.remote.service.DriverCommandExecutor.invokeExecute(DriverCommandExecutor.java:196)
at org.openqa.selenium.remote.service.DriverCommandExecutor.execute(DriverCommandExecutor.java:171)
at org.openqa.selenium.remote.RemoteWebDriver.execute(RemoteWebDriver.java:518)
at org.openqa.selenium.remote.RemoteWebElement.execute(RemoteWebElement.java:224)
at org.openqa.selenium.remote.RemoteWebElement.click(RemoteWebElement.java:77)
at stepdefinitions.IjaraLogin.logoutFromIjara(IjaraLogin.java:518)
at stepdefinitions.IjaraTest.logout_from_the_ijara_application(IjaraTest.java:237)
at ✽.logout from the ijaraApplication(file:///C:/Users/inindc00610/git/ULS_Jay1/ULS_Jay/src/test/java/features/AutoLoan_AppDataEntry_DocumentsDetails.feature:62)
]]>
    </failure>
  </testcase> <!-- runScenario -->
</testsuite> <!-- Default test -->
