<?xml version="1.0" encoding="UTF-8"?>
<!-- Generated by org.testng.reporters.JUnitXMLReporter -->
<testsuite ignored="0" hostname="DESKTOP-PSK9T3V" failures="1" tests="1" name="Default test" time="61.818" errors="0" timestamp="2023-10-20T15:00:09 IST">
  <testcase classname="io.cucumber.testng.AbstractTestNGCucumberTests" name="runScenario" time="46.644">
    <failure type="java.lang.AssertionError" message="javascript error: Cannot read properties of null (reading &amp;apos;parentElement&amp;apos;)
  (Session info: chrome=118.0.5993.89)
Build info: version: &amp;apos;4.11.0&amp;apos;, revision: &amp;apos;040bc5406b&amp;apos;
System info: os.name: &amp;apos;Windows 10&amp;apos;, os.arch: &amp;apos;amd64&amp;apos;, os.version: &amp;apos;10.0&amp;apos;, java.version: &amp;apos;17.0.7&amp;apos;
Driver info: org.openqa.selenium.chrome.ChromeDriver
Command: [81e576d040ce88beba7ad6eabeb69928, executeScript {script=return document.querySelector(&amp;apos;ion-label[ng-reflect-text=&amp;quot;Remarks.TOOLTIP&amp;quot;]&amp;apos;).parentElement.innerText, args=[]}]
Capabilities {acceptInsecureCerts: false, browserName: chrome, browserVersion: 118.0.5993.89, chrome: {chromedriverVersion: 118.0.5993.70 (e52f33f30b91..., userDataDir: C:\Users\ININDC~1\AppData\L...}, fedcm:accounts: true, goog:chromeOptions: {debuggerAddress: localhost:62175}, networkConnectionEnabled: false, pageLoadStrategy: normal, platformName: windows, proxy: Proxy(), se:cdp: ws://localhost:62175/devtoo..., se:cdpVersion: 118.0.5993.89, setWindowRect: true, strictFileInteractability: false, timeouts: {implicit: 0, pageLoad: 300000, script: 30000}, unhandledPromptBehavior: dismiss and notify, webauthn:extension:credBlob: true, webauthn:extension:largeBlob: true, webauthn:extension:minPinLength: true, webauthn:extension:prf: true, webauthn:virtualAuthenticators: true}
Session ID: 81e576d040ce88beba7ad6eabeb69928">
      <![CDATA[java.lang.AssertionError: javascript error: Cannot read properties of null (reading 'parentElement')
  (Session info: chrome=118.0.5993.89)
Build info: version: '4.11.0', revision: '040bc5406b'
System info: os.name: 'Windows 10', os.arch: 'amd64', os.version: '10.0', java.version: '17.0.7'
Driver info: org.openqa.selenium.chrome.ChromeDriver
Command: [81e576d040ce88beba7ad6eabeb69928, executeScript {script=return document.querySelector('ion-label[ng-reflect-text="Remarks.TOOLTIP"]').parentElement.innerText, args=[]}]
Capabilities {acceptInsecureCerts: false, browserName: chrome, browserVersion: 118.0.5993.89, chrome: {chromedriverVersion: 118.0.5993.70 (e52f33f30b91..., userDataDir: C:\Users\ININDC~1\AppData\L...}, fedcm:accounts: true, goog:chromeOptions: {debuggerAddress: localhost:62175}, networkConnectionEnabled: false, pageLoadStrategy: normal, platformName: windows, proxy: Proxy(), se:cdp: ws://localhost:62175/devtoo..., se:cdpVersion: 118.0.5993.89, setWindowRect: true, strictFileInteractability: false, timeouts: {implicit: 0, pageLoad: 300000, script: 30000}, unhandledPromptBehavior: dismiss and notify, webauthn:extension:credBlob: true, webauthn:extension:largeBlob: true, webauthn:extension:minPinLength: true, webauthn:extension:prf: true, webauthn:virtualAuthenticators: true}
Session ID: 81e576d040ce88beba7ad6eabeb69928
at org.testng.Assert.fail(Assert.java:99)
at stepdefinitions.Ijara_AD_DocumentDetails_Steps_610.user_validate_the_customer_responce_field_should_be_look_up_mandatory_and_editable_in_murabha(Ijara_AD_DocumentDetails_Steps_610.java:5355)
at ✽.User_610 validate the customer responce field should be lookUp , mandatory and editable in Murabha(file:///C:/Users/inindc00610/git/ULS_Jay1/ULS_Jay/src/test/java/features/morabha_CustomerFollowUPDetails_610.feature:42)
]]>
    </failure>
  </testcase> <!-- runScenario -->
</testsuite> <!-- Default test -->
