<?xml version="1.0" encoding="UTF-8"?>
<!-- Generated by org.testng.reporters.JUnitReportReporter -->
<testsuite hostname="DESKTOP-PSK9T3V" failures="1" tests="1" name="Runner.TestApplication" time="69.914" errors="0" timestamp="2024-01-05T17:17:59 IST" skipped="0">
  <testcase classname="Runner.TestApplication" name="runScenario" time="69.914">
    <failure message="Cannot invoke &quot;org.openqa.selenium.WebElement.isDisplayed()&quot; because the return value of &quot;helper.JavascriptHelper.executeScriptWithWebElement(String)&quot; is null" type="java.lang.AssertionError">
      <![CDATA[java.lang.AssertionError: Cannot invoke "org.openqa.selenium.WebElement.isDisplayed()" because the return value of "helper.JavascriptHelper.executeScriptWithWebElement(String)" is null
at org.testng.Assert.fail(Assert.java:99)
at stepdefinitions.AutoLoan_Stepa.user_click_save_and_verify_in_documents_details_screen(AutoLoan_Stepa.java:4647)
at ✽.User_610 click save and verify in documents details screen(file:///C:/Users/inindc00610/git/ULS_Jay1/ULS_Jay/src/test/java/features/AutoLoan_AppDataEntry_DocumentsDetails.feature:61)
]]>
    </failure>
  </testcase> <!-- runScenario -->
  <system-out/>
</testsuite> <!-- Runner.TestApplication -->
