<?xml version="1.0" encoding="UTF-8"?>
<!-- Generated by org.testng.reporters.JUnitReportReporter -->
<testsuite hostname="DESKTOP-PSK9T3V" failures="1" tests="1" name="Runner.TestApplication" time="60.580" errors="0" timestamp="2023-11-09T11:31:03 IST" skipped="0">
  <testcase classname="Runner.TestApplication" name="runScenario" time="60.580">
    <failure message="Cannot invoke &quot;org.openqa.selenium.WebElement.clear()&quot; because the return value of &quot;helper.JavascriptHelper.executeScriptWithWebElement(String)&quot; is null" type="java.lang.AssertionError">
      <![CDATA[java.lang.AssertionError: Cannot invoke "org.openqa.selenium.WebElement.clear()" because the return value of "helper.JavascriptHelper.executeScriptWithWebElement(String)" is null
at org.testng.Assert.fail(Assert.java:99)
at stepdefinitions.murabha_Steps.user_click_search_button_and_enter_mismatching_data(murabha_Steps.java:935)
at ✽.User_610 click search button and enter mismatching data(file:///C:/Users/inindc00610/git/ULS_Jay1/ULS_Jay/src/test/java/features/murabha_AppDataCheck_Quatation.feature:92)
]]>
    </failure>
  </testcase> <!-- runScenario -->
  <system-out/>
</testsuite> <!-- Runner.TestApplication -->
