<?xml version="1.0" encoding="UTF-8"?>
<!-- Generated by org.testng.reporters.JUnitReportReporter -->
<testsuite hostname="DESKTOP-PSK9T3V" failures="1" tests="1" name="Runner.TestApplication" time="62.834" errors="0" timestamp="2023-11-03T16:38:44 IST" skipped="0">
  <testcase classname="Runner.TestApplication" name="runScenario" time="62.834">
    <failure message="Cannot invoke &quot;org.openqa.selenium.WebElement.click()&quot; because the return value of &quot;helper.JavascriptHelper.executeScriptWithWebElement(String)&quot; is null" type="java.lang.AssertionError">
      <![CDATA[java.lang.AssertionError: Cannot invoke "org.openqa.selenium.WebElement.click()" because the return value of "helper.JavascriptHelper.executeScriptWithWebElement(String)" is null
at org.testng.Assert.fail(Assert.java:99)
at stepdefinitions.Ijara_AD_DocumentDetails_Steps_610.user_select_the_module_name_to_los(Ijara_AD_DocumentDetails_Steps_610.java:113)
at ✽.User_610 click the module name(file:///C:/Users/inindc00610/git/ULS_Jay1/ULS_Jay/src/test/java/features/murabhe_AppDataEntery_EmployementDetails.feature:36)
]]>
    </failure>
  </testcase> <!-- runScenario -->
  <system-out/>
</testsuite> <!-- Runner.TestApplication -->
