<?xml version="1.0" encoding="UTF-8"?>
<!-- Generated by org.testng.reporters.JUnitReportReporter -->
<testsuite hostname="DESKTOP-PSK9T3V" failures="1" tests="1" name="Runner.TestApplication" time="27.153" errors="0" timestamp="2024-01-10T18:20:12 IST" skipped="0">
  <testcase classname="Runner.TestApplication" name="runScenario" time="27.153">
    <failure message="Cannot invoke &quot;org.openqa.selenium.WebElement.click()&quot; because the return value of &quot;helper.JavascriptHelper.executeScriptWithWebElement(String)&quot; is null" type="java.lang.AssertionError">
      <![CDATA[java.lang.AssertionError: Cannot invoke "org.openqa.selenium.WebElement.click()" because the return value of "helper.JavascriptHelper.executeScriptWithWebElement(String)" is null
at org.testng.Assert.fail(Assert.java:99)
at stepdefinitions.IjaraTest.login_with_valid_credentials17(IjaraTest.java:256)
at ✽.login with valid credentials17(file:///C:/Users/inindc00610/git/ULS_Jay1/ULS_Jay/src/test/java/features/Iijara_AppDataEntry_FacilityDetails.feature:37)
]]>
    </failure>
  </testcase> <!-- runScenario -->
  <system-out/>
</testsuite> <!-- Runner.TestApplication -->
