<?xml version="1.0" encoding="UTF-8"?>
<!-- Generated by org.testng.reporters.JUnitReportReporter -->
<testsuite hostname="DESKTOP-PSK9T3V" failures="1" tests="1" name="Runner.TestApplication" time="46.644" errors="0" timestamp="2023-10-20T15:00:09 IST" skipped="0">
  <testcase classname="Runner.TestApplication" name="runScenario" time="46.644">
    <failure message="javascript error: Cannot read properties of null (reading &#039;parentElement&#039;)
  (Session info: chrome=118.0.5993.89)
Build info: version: &#039;4.11.0&#039;, revision: &#039;040bc5406b&#039;
System info: os.name: &#039;Windows 10&#039;, os.arch: &#039;amd64&#039;, os.version: &#039;10.0&#039;, java.version: &#039;17.0.7&#039;
Driver info: org.openqa.selenium.chrome.ChromeDriver
Command: [81e576d040ce88beba7ad6eabeb69928, executeScript {script=return document.querySelector(&#039;ion-label[ng-reflect-text=&quot;Remarks.TOOLTIP&quot;]&#039;).parentElement.innerText, args=[]}]
Capabilities {acceptInsecureCerts: false, browserName: chrome, browserVersion: 118.0.5993.89, chrome: {chromedriverVersion: 118.0.5993.70 (e52f33f30b91..., userDataDir: C:\Users\ININDC~1\AppData\L...}, fedcm:accounts: true, goog:chromeOptions: {debuggerAddress: localhost:62175}, networkConnectionEnabled: false, pageLoadStrategy: normal, platformName: windows, proxy: Proxy(), se:cdp: ws://localhost:62175/devtoo..., se:cdpVersion: 118.0.5993.89, setWindowRect: true, strictFileInteractability: false, timeouts: {implicit: 0, pageLoad: 300000, script: 30000}, unhandledPromptBehavior: dismiss and notify, webauthn:extension:credBlob: true, webauthn:extension:largeBlob: true, webauthn:extension:minPinLength: true, webauthn:extension:prf: true, webauthn:virtualAuthenticators: true}
Session ID: 81e576d040ce88beba7ad6eabeb69928" type="java.lang.AssertionError">
      <![CDATA[java.lang.AssertionError: javascript error: Cannot read properties of null (reading 'parentElement')
  (Session info: chrome=118.0.5993.89)
Build info: version: '4.11.0', revision: '040bc5406b'
System info: os.name: 'Windows 10', os.arch: 'amd64', os.version: '10.0', java.version: '17.0.7'
Driver info: org.openqa.selenium.chrome.ChromeDriver
Command: [81e576d040ce88beba7ad6eabeb69928, executeScript {script=return document.querySelector('ion-label[ng-reflect-text="Remarks.TOOLTIP"]').parentElement.innerText, args=[]}]
Capabilities {acceptInsecureCerts: false, browserName: chrome, browserVersion: 118.0.5993.89, chrome: {chromedriverVersion: 118.0.5993.70 (e52f33f30b91..., userDataDir: C:\Users\ININDC~1\AppData\L...}, fedcm:accounts: true, goog:chromeOptions: {debuggerAddress: localhost:62175}, networkConnectionEnabled: false, pageLoadStrategy: normal, platformName: windows, proxy: Proxy(), se:cdp: ws://localhost:62175/devtoo..., se:cdpVersion: 118.0.5993.89, setWindowRect: true, strictFileInteractability: false, timeouts: {implicit: 0, pageLoad: 300000, script: 30000}, unhandledPromptBehavior: dismiss and notify, webauthn:extension:credBlob: true, webauthn:extension:largeBlob: true, webauthn:extension:minPinLength: true, webauthn:extension:prf: true, webauthn:virtualAuthenticators: true}
Session ID: 81e576d040ce88beba7ad6eabeb69928
at org.testng.Assert.fail(Assert.java:99)
at stepdefinitions.Ijara_AD_DocumentDetails_Steps_610.user_validate_the_customer_responce_field_should_be_look_up_mandatory_and_editable_in_murabha(Ijara_AD_DocumentDetails_Steps_610.java:5355)
at ✽.User_610 validate the customer responce field should be lookUp , mandatory and editable in Murabha(file:///C:/Users/inindc00610/git/ULS_Jay1/ULS_Jay/src/test/java/features/morabha_CustomerFollowUPDetails_610.feature:42)
]]>
    </failure>
  </testcase> <!-- runScenario -->
  <system-out/>
</testsuite> <!-- Runner.TestApplication -->
