# JRE version: OpenJDK Runtime Environment Temurin-19.0.1+10 (19.0.1+10) (build 19.0.1+10)
# Java VM: OpenJDK 64-Bit Server VM Temurin-19.0.1+10 (19.0.1+10, mixed mode, tiered, compressed oops, compressed class ptrs, g1 gc, windows-amd64)
GC Precious Log:
 CardTable entry size: 512
 Card Set container configuration: InlinePtr #cards 4 size 8 Array Of Cards #cards 16 size 48 Howl #buckets 8 coarsen threshold 3686 Howl Bitmap #cards 512 size 80 coarsen threshold 460 Card regions per heap region 1 cards per card region 4096
 CPUs: 2 total, 2 available
 Memory: 16025M
 Large Page Support: Disabled
 NUMA Support: Disabled
 Compressed Oops: Enabled (Zero based)
 Heap Region Size: 2M
 Heap Min Capacity: 8M
 Heap Initial Capacity: 252M
 Heap Max Capacity: 4008M
 Pre-touch: Disabled
 Parallel Workers: 2
 Concurrent Workers: 1
 Concurrent Refinement Workers: 2
 Periodic GC: Disabled
Heap:
 garbage-first heap   total 735232K, used 477184K [0x0000000705800000, 0x0000000800000000)
  region size 2048K, 8 young (16384K), 8 survivors (16384K)
 Metaspace       used 55633K, committed 56000K, reserved 1114112K
  class space    used 5943K, committed 6080K, reserved 1048576K
GC Heap History (20 events):
Event: 23.763 GC heap after
{Heap after GC invocations=23 (full 0):
 garbage-first heap   total 184320K, used 104448K [0x0000000705800000, 0x0000000800000000)
  region size 2048K, 3 young (6144K), 3 survivors (6144K)
 Metaspace       used 55463K, committed 55808K, reserved 1114112K
  class space    used 5935K, committed 6080K, reserved 1048576K
}
Event: 23.977 GC heap before
{Heap before GC invocations=23 (full 0):
 garbage-first heap   total 184320K, used 135168K [0x0000000705800000, 0x0000000800000000)
  region size 2048K, 18 young (36864K), 3 survivors (6144K)
 Metaspace       used 55465K, committed 55808K, reserved 1114112K
  class space    used 5935K, committed 6080K, reserved 1048576K
}
Event: 24.005 GC heap after
{Heap after GC invocations=24 (full 0):
 garbage-first heap   total 184320K, used 115712K [0x0000000705800000, 0x0000000800000000)
  region size 2048K, 3 young (6144K), 3 survivors (6144K)
 Metaspace       used 55465K, committed 55808K, reserved 1114112K
  class space    used 5935K, committed 6080K, reserved 1048576K
}
Event: 24.774 GC heap before
{Heap before GC invocations=24 (full 0):
 garbage-first heap   total 184320K, used 136192K [0x0000000705800000, 0x0000000800000000)
  region size 2048K, 14 young (28672K), 3 survivors (6144K)
 Metaspace       used 55490K, committed 55808K, reserved 1114112K
  class space    used 5937K, committed 6080K, reserved 1048576K
}
Event: 24.795 GC heap after
{Heap after GC invocations=25 (full 0):
 garbage-first heap   total 534528K, used 123904K [0x0000000705800000, 0x0000000800000000)
  region size 2048K, 2 young (4096K), 2 survivors (4096K)
 Metaspace       used 55490K, committed 55808K, reserved 1114112K
  class space    used 5937K, committed 6080K, reserved 1048576K
}
Event: 26.035 GC heap before
{Heap before GC invocations=25 (full 0):
 garbage-first heap   total 534528K, used 297984K [0x0000000705800000, 0x0000000800000000)
  region size 2048K, 85 young (174080K), 2 survivors (4096K)
 Metaspace       used 55504K, committed 55872K, reserved 1114112K
  class space    used 5938K, committed 6080K, reserved 1048576K
}
Event: 26.118 GC heap after
{Heap after GC invocations=26 (full 0):
 garbage-first heap   total 534528K, used 178080K [0x0000000705800000, 0x0000000800000000)
  region size 2048K, 11 young (22528K), 11 survivors (22528K)
 Metaspace       used 55504K, committed 55872K, reserved 1114112K
  class space    used 5938K, committed 6080K, reserved 1048576K
}
Event: 27.650 GC heap before
{Heap before GC invocations=26 (full 0):
 garbage-first heap   total 534528K, used 331680K [0x0000000705800000, 0x0000000800000000)
  region size 2048K, 84 young (172032K), 11 survivors (22528K)
 Metaspace       used 55540K, committed 55872K, reserved 1114112K
  class space    used 5943K, committed 6080K, reserved 1048576K
}
Event: 27.753 GC heap after
{Heap after GC invocations=27 (full 0):
 garbage-first heap   total 534528K, used 224256K [0x0000000705800000, 0x0000000800000000)
  region size 2048K, 11 young (22528K), 11 survivors (22528K)
 Metaspace       used 55540K, committed 55872K, reserved 1114112K
  class space    used 5943K, committed 6080K, reserved 1048576K
}
Event: 29.792 GC heap before
{Heap before GC invocations=27 (full 0):
 garbage-first heap   total 534528K, used 340992K [0x0000000705800000, 0x0000000800000000)
  region size 2048K, 66 young (135168K), 11 survivors (22528K)
 Metaspace       used 55567K, committed 55936K, reserved 1114112K
  class space    used 5943K, committed 6080K, reserved 1048576K
}
Event: 29.882 GC heap after
{Heap after GC invocations=28 (full 0):
 garbage-first heap   total 534528K, used 264192K [0x0000000705800000, 0x0000000800000000)
  region size 2048K, 9 young (18432K), 9 survivors (18432K)
 Metaspace       used 55567K, committed 55936K, reserved 1114112K
  class space    used 5943K, committed 6080K, reserved 1048576K
}
Event: 30.691 GC heap before
{Heap before GC invocations=28 (full 0):
 garbage-first heap   total 534528K, used 368640K [0x0000000705800000, 0x0000000800000000)
  region size 2048K, 58 young (118784K), 9 survivors (18432K)
 Metaspace       used 55581K, committed 55936K, reserved 1114112K
  class space    used 5943K, committed 6080K, reserved 1048576K
}
Event: 30.772 GC heap after
{Heap after GC invocations=29 (full 0):
 garbage-first heap   total 735232K, used 296960K [0x0000000705800000, 0x0000000800000000)
  region size 2048K, 8 young (16384K), 8 survivors (16384K)
 Metaspace       used 55581K, committed 55936K, reserved 1114112K
  class space    used 5943K, committed 6080K, reserved 1048576K
}
Event: 32.262 GC heap before
{Heap before GC invocations=29 (full 0):
 garbage-first heap   total 735232K, used 495616K [0x0000000705800000, 0x0000000800000000)
  region size 2048K, 103 young (210944K), 8 survivors (16384K)
 Metaspace       used 55599K, committed 55936K, reserved 1114112K
  class space    used 5943K, committed 6080K, reserved 1048576K
}
Event: 32.375 GC heap after
{Heap after GC invocations=30 (full 0):
 garbage-first heap   total 735232K, used 355328K [0x0000000705800000, 0x0000000800000000)
  region size 2048K, 13 young (26624K), 13 survivors (26624K)
 Metaspace       used 55599K, committed 55936K, reserved 1114112K
  class space    used 5943K, committed 6080K, reserved 1048576K
}
Event: 33.869 GC heap before
{Heap before GC invocations=30 (full 0):
 garbage-first heap   total 735232K, used 515072K [0x0000000705800000, 0x0000000800000000)
  region size 2048K, 89 young (182272K), 13 survivors (26624K)
 Metaspace       used 55617K, committed 55936K, reserved 1114112K
  class space    used 5943K, committed 6080K, reserved 1048576K
}
Event: 33.982 GC heap after
{Heap after GC invocations=31 (full 0):
 garbage-first heap   total 735232K, used 410624K [0x0000000705800000, 0x0000000800000000)
  region size 2048K, 12 young (24576K), 12 survivors (24576K)
 Metaspace       used 55617K, committed 55936K, reserved 1114112K
  class space    used 5943K, committed 6080K, reserved 1048576K
}
Event: 34.517 GC heap before
{Heap before GC invocations=31 (full 0):
 garbage-first heap   total 735232K, used 535552K [0x0000000705800000, 0x0000000800000000)
  region size 2048K, 73 young (149504K), 12 survivors (24576K)
 Metaspace       used 55620K, committed 56000K, reserved 1114112K
  class space    used 5943K, committed 6080K, reserved 1048576K
}
Event: 34.596 GC heap after
{Heap after GC invocations=32 (full 0):
 garbage-first heap   total 735232K, used 448512K [0x0000000705800000, 0x0000000800000000)
  region size 2048K, 10 young (20480K), 10 survivors (20480K)
 Metaspace       used 55620K, committed 56000K, reserved 1114112K
  class space    used 5943K, committed 6080K, reserved 1048576K
}
Event: 35.518 GC heap before
{Heap before GC invocations=32 (full 0):
 garbage-first heap   total 735232K, used 559104K [0x0000000705800000, 0x0000000800000000)
  region size 2048K, 62 young (126976K), 10 survivors (20480K)
 Metaspace       used 55633K, committed 56000K, reserved 1114112K
  class space    used 5943K, committed 6080K, reserved 1048576K
}

