<?xml version="1.0" encoding="UTF-8"?>
<testng-results ignored="0" total="6" passed="5" failed="1" skipped="0">
  <reporter-output>
  </reporter-output>
  <suite started-at="2023-12-15T17:47:02 IST" name="Default suite" finished-at="2023-12-15T17:51:34 IST" duration-ms="271768">
    <groups>
      <group name="cucumber">
        <method signature="AbstractTestNGCucumberTests.runScenario(io.cucumber.testng.PickleWrapper,io.cucumber.testng.FeatureWrapper)[pri:0, instance:Runner.TestApplication@72cc7e6f]" name="runScenario" class="io.cucumber.testng.AbstractTestNGCucumberTests"/>
      </group> <!-- cucumber -->
    </groups>
    <test started-at="2023-12-15T17:47:02 IST" name="Default test" finished-at="2023-12-15T17:51:34 IST" duration-ms="271768">
      <class name="Runner.TestApplication">
        <test-method is-config="true" signature="setUpClass()[pri:0, instance:Runner.TestApplication@72cc7e6f]" started-at="2023-12-15T17:47:02 IST" name="setUpClass" finished-at="2023-12-15T17:47:03 IST" duration-ms="1100" status="PASS">
          <reporter-output>
          </reporter-output>
        </test-method> <!-- setUpClass -->
        <test-method signature="runScenario(io.cucumber.testng.PickleWrapper,io.cucumber.testng.FeatureWrapper)[pri:0, instance:Runner.TestApplication@72cc7e6f]" started-at="2023-12-15T17:47:03 IST" name="runScenario" description="Runs Cucumber Scenarios" data-provider="scenarios" finished-at="2023-12-15T17:47:35 IST" duration-ms="31763" status="PASS">
          <params>
            <param index="0">
              <value>
                <![CDATA["Verify the Fields"]]>
              </value>
            </param>
            <param index="1">
              <value>
                <![CDATA["Optional[Tawarruq AppData Entry Followup details]"]]>
              </value>
            </param>
          </params>
          <reporter-output>
          </reporter-output>
        </test-method> <!-- runScenario -->
        <test-method signature="runScenario(io.cucumber.testng.PickleWrapper,io.cucumber.testng.FeatureWrapper)[pri:0, instance:Runner.TestApplication@72cc7e6f]" started-at="2023-12-15T17:47:35 IST" name="runScenario" description="Runs Cucumber Scenarios" data-provider="scenarios" finished-at="2023-12-15T17:48:10 IST" duration-ms="35340" status="PASS">
          <params>
            <param index="0">
              <value>
                <![CDATA["Verify the Fields and Save"]]>
              </value>
            </param>
            <param index="1">
              <value>
                <![CDATA["Optional[Tawarruq AppData Entry Followup details]"]]>
              </value>
            </param>
          </params>
          <reporter-output>
          </reporter-output>
        </test-method> <!-- runScenario -->
        <test-method signature="runScenario(io.cucumber.testng.PickleWrapper,io.cucumber.testng.FeatureWrapper)[pri:0, instance:Runner.TestApplication@72cc7e6f]" started-at="2023-12-15T17:48:10 IST" name="runScenario" description="Runs Cucumber Scenarios" data-provider="scenarios" finished-at="2023-12-15T17:48:44 IST" duration-ms="33483" status="PASS">
          <params>
            <param index="0">
              <value>
                <![CDATA["Verify the save button success message"]]>
              </value>
            </param>
            <param index="1">
              <value>
                <![CDATA["Optional[Tawarruq AppData Entry Followup details]"]]>
              </value>
            </param>
          </params>
          <reporter-output>
          </reporter-output>
        </test-method> <!-- runScenario -->
        <test-method signature="runScenario(io.cucumber.testng.PickleWrapper,io.cucumber.testng.FeatureWrapper)[pri:0, instance:Runner.TestApplication@72cc7e6f]" started-at="2023-12-15T17:48:44 IST" name="runScenario" description="Runs Cucumber Scenarios" data-provider="scenarios" finished-at="2023-12-15T17:49:08 IST" duration-ms="24242" status="FAIL">
          <params>
            <param index="0">
              <value>
                <![CDATA["Verify the validation message for invalid data"]]>
              </value>
            </param>
            <param index="1">
              <value>
                <![CDATA["Optional[Tawarruq AppData Entry Followup details]"]]>
              </value>
            </param>
          </params>
          <exception class="java.lang.AssertionError">
            <message>
              <![CDATA[expected [true] but found [false]]]>
            </message>
            <full-stacktrace>
              <![CDATA[java.lang.AssertionError: expected [true] but found [false]
at org.testng.Assert.fail(Assert.java:99)
at org.testng.Assert.failNotEquals(Assert.java:1037)
at org.testng.Assert.assertTrue(Assert.java:45)
at org.testng.Assert.assertTrue(Assert.java:55)
at stepdefinitions.TawarahAppDataEntryIncomeDetailsList.user_607_verify_validation_message_for_mandatory_field_as_blank_under_income_details_screen(TawarahAppDataEntryIncomeDetailsList.java:3412)
at ✽.User_607 verify validation message for mandatory field as blank under Income details screen(file:///C:/Users/inindc00607/git/ULS_Ijarah_1/Gowtham_ULS_New/src/test/java/features/TawarruqAppDataEntryFollowupdetails.feature:73)
]]>
            </full-stacktrace>
          </exception> <!-- java.lang.AssertionError -->
          <reporter-output>
          </reporter-output>
        </test-method> <!-- runScenario -->
        <test-method signature="runScenario(io.cucumber.testng.PickleWrapper,io.cucumber.testng.FeatureWrapper)[pri:0, instance:Runner.TestApplication@72cc7e6f]" started-at="2023-12-15T17:49:08 IST" name="runScenario" description="Runs Cucumber Scenarios" data-provider="scenarios" finished-at="2023-12-15T17:50:03 IST" duration-ms="54827" status="PASS">
          <params>
            <param index="0">
              <value>
                <![CDATA["Verify the validation message for invalid data"]]>
              </value>
            </param>
            <param index="1">
              <value>
                <![CDATA["Optional[Tawarruq AppData Entry Followup details]"]]>
              </value>
            </param>
          </params>
          <reporter-output>
          </reporter-output>
        </test-method> <!-- runScenario -->
        <test-method signature="runScenario(io.cucumber.testng.PickleWrapper,io.cucumber.testng.FeatureWrapper)[pri:0, instance:Runner.TestApplication@72cc7e6f]" started-at="2023-12-15T17:50:03 IST" name="runScenario" description="Runs Cucumber Scenarios" data-provider="scenarios" finished-at="2023-12-15T17:50:47 IST" duration-ms="44570" status="PASS">
          <params>
            <param index="0">
              <value>
                <![CDATA["Verify the Fields"]]>
              </value>
            </param>
            <param index="1">
              <value>
                <![CDATA["Optional[Tawarruq AppData Entry Followup details]"]]>
              </value>
            </param>
          </params>
          <reporter-output>
          </reporter-output>
        </test-method> <!-- runScenario -->
        <test-method is-config="true" signature="tearDownClass()[pri:0, instance:Runner.TestApplication@72cc7e6f]" started-at="2023-12-15T17:50:47 IST" name="tearDownClass" finished-at="2023-12-15T17:51:34 IST" duration-ms="46383" status="PASS">
          <reporter-output>
          </reporter-output>
        </test-method> <!-- tearDownClass -->
      </class> <!-- Runner.TestApplication -->
    </test> <!-- Default test -->
  </suite> <!-- Default suite -->
</testng-results>
