<?xml version="1.0" encoding="UTF-8"?>
<testng-results ignored="0" total="1" passed="1" failed="0" skipped="0">
  <reporter-output>
  </reporter-output>
  <suite started-at="2024-02-09T18:44:43 IST" name="Default suite" finished-at="2024-02-09T18:45:46 IST" duration-ms="62999">
    <groups>
      <group name="cucumber">
        <method signature="AbstractTestNGCucumberTests.runScenario(io.cucumber.testng.PickleWrapper,io.cucumber.testng.FeatureWrapper)[pri:0, instance:runner.TestApplication@1caa0244]" name="runScenario" class="io.cucumber.testng.AbstractTestNGCucumberTests"/>
      </group> <!-- cucumber -->
    </groups>
    <test started-at="2024-02-09T18:44:43 IST" name="Default test" finished-at="2024-02-09T18:45:46 IST" duration-ms="62999">
      <class name="runner.TestApplication">
        <test-method is-config="true" signature="setUpClass()[pri:0, instance:runner.TestApplication@1caa0244]" started-at="2024-02-09T18:44:43 IST" name="setUpClass" finished-at="2024-02-09T18:44:44 IST" duration-ms="959" status="PASS">
          <reporter-output>
          </reporter-output>
        </test-method> <!-- setUpClass -->
        <test-method signature="runScenario(io.cucumber.testng.PickleWrapper,io.cucumber.testng.FeatureWrapper)[pri:0, instance:runner.TestApplication@1caa0244]" started-at="2024-02-09T18:44:44 IST" name="runScenario" description="Runs Cucumber Scenarios" data-provider="scenarios" finished-at="2024-02-09T18:45:33 IST" duration-ms="49168" status="PASS">
          <params>
            <param index="0">
              <value>
                <![CDATA["To verify user is able to modify Customer Debt record in the system"]]>
              </value>
            </param>
            <param index="1">
              <value>
                <![CDATA["Optional[To check the Customer debt details feature]"]]>
              </value>
            </param>
          </params>
          <reporter-output>
          </reporter-output>
        </test-method> <!-- runScenario -->
        <test-method is-config="true" signature="tearDownClass()[pri:0, instance:runner.TestApplication@1caa0244]" started-at="2024-02-09T18:45:33 IST" name="tearDownClass" finished-at="2024-02-09T18:45:46 IST" duration-ms="12816" status="PASS">
          <reporter-output>
          </reporter-output>
        </test-method> <!-- tearDownClass -->
      </class> <!-- runner.TestApplication -->
    </test> <!-- Default test -->
  </suite> <!-- Default suite -->
</testng-results>
