<?xml version="1.0" encoding="UTF-8"?>
<testng-results ignored="0" total="1" passed="1" failed="0" skipped="0">
  <reporter-output>
  </reporter-output>
  <suite started-at="2024-01-20T10:13:57 IST" name="Default suite" finished-at="2024-01-20T10:14:40 IST" duration-ms="43877">
    <groups>
      <group name="cucumber">
        <method signature="AbstractTestNGCucumberTests.runScenario(io.cucumber.testng.PickleWrapper,io.cucumber.testng.FeatureWrapper)[pri:0, instance:Runner.TestApplication@1caa0244]" name="runScenario" class="io.cucumber.testng.AbstractTestNGCucumberTests"/>
      </group> <!-- cucumber -->
    </groups>
    <test started-at="2024-01-20T10:13:57 IST" name="Default test" finished-at="2024-01-20T10:14:40 IST" duration-ms="43877">
      <class name="Runner.TestApplication">
        <test-method is-config="true" signature="setUpClass()[pri:0, instance:Runner.TestApplication@1caa0244]" started-at="2024-01-20T10:13:57 IST" name="setUpClass" finished-at="2024-01-20T10:13:57 IST" duration-ms="923" status="PASS">
          <reporter-output>
          </reporter-output>
        </test-method> <!-- setUpClass -->
        <test-method signature="runScenario(io.cucumber.testng.PickleWrapper,io.cucumber.testng.FeatureWrapper)[pri:0, instance:Runner.TestApplication@1caa0244]" started-at="2024-01-20T10:13:57 IST" name="runScenario" description="Runs Cucumber Scenarios" data-provider="scenarios" finished-at="2024-01-20T10:14:30 IST" duration-ms="32579" status="PASS">
          <params>
            <param index="0">
              <value>
                <![CDATA["To verify the below fields are Dropdown, Textbox, Mandatory/Non-Mandatory and Editable"]]>
              </value>
            </param>
            <param index="1">
              <value>
                <![CDATA["Optional[To check the Tawarruq --> App Data Entry stage --> Document details screen]"]]>
              </value>
            </param>
          </params>
          <reporter-output>
          </reporter-output>
        </test-method> <!-- runScenario -->
        <test-method is-config="true" signature="tearDownClass()[pri:0, instance:Runner.TestApplication@1caa0244]" started-at="2024-01-20T10:14:30 IST" name="tearDownClass" finished-at="2024-01-20T10:14:40 IST" duration-ms="10327" status="PASS">
          <reporter-output>
          </reporter-output>
        </test-method> <!-- tearDownClass -->
      </class> <!-- Runner.TestApplication -->
    </test> <!-- Default test -->
  </suite> <!-- Default suite -->
</testng-results>
