<?xml version="1.0" encoding="UTF-8"?>
<testng-results ignored="0" total="1" passed="1" failed="0" skipped="0">
  <reporter-output>
  </reporter-output>
  <suite started-at="2023-11-17T17:50:08 IST" name="Default suite" finished-at="2023-11-17T17:51:54 IST" duration-ms="105700">
    <groups>
      <group name="cucumber">
        <method signature="AbstractTestNGCucumberTests.runScenario(io.cucumber.testng.PickleWrapper,io.cucumber.testng.FeatureWrapper)[pri:0, instance:Runner.TestApplication@1caa0244]" name="runScenario" class="io.cucumber.testng.AbstractTestNGCucumberTests"/>
      </group> <!-- cucumber -->
    </groups>
    <test started-at="2023-11-17T17:50:08 IST" name="Default test" finished-at="2023-11-17T17:51:54 IST" duration-ms="105700">
      <class name="Runner.TestApplication">
        <test-method is-config="true" signature="setUpClass()[pri:0, instance:Runner.TestApplication@1caa0244]" started-at="2023-11-17T17:50:08 IST" name="setUpClass" finished-at="2023-11-17T17:50:09 IST" duration-ms="1055" status="PASS">
          <reporter-output>
          </reporter-output>
        </test-method> <!-- setUpClass -->
        <test-method signature="runScenario(io.cucumber.testng.PickleWrapper,io.cucumber.testng.FeatureWrapper)[pri:0, instance:Runner.TestApplication@1caa0244]" started-at="2023-11-17T17:50:09 IST" name="runScenario" description="Runs Cucumber Scenarios" data-provider="scenarios" finished-at="2023-11-17T17:51:21 IST" duration-ms="71878" status="PASS">
          <params>
            <param index="0">
              <value>
                <![CDATA["Employment Details screen should be available under Data Check stage should get open with below fields and button,"]]>
              </value>
            </param>
            <param index="1">
              <value>
                <![CDATA["Optional[To verify the Murabaha Application --> Data check stage --> Customer Financials --> Employment details screen]"]]>
              </value>
            </param>
          </params>
          <reporter-output>
          </reporter-output>
        </test-method> <!-- runScenario -->
        <test-method is-config="true" signature="tearDownClass()[pri:0, instance:Runner.TestApplication@1caa0244]" started-at="2023-11-17T17:51:21 IST" name="tearDownClass" finished-at="2023-11-17T17:51:54 IST" duration-ms="32722" status="PASS">
          <reporter-output>
          </reporter-output>
        </test-method> <!-- tearDownClass -->
      </class> <!-- Runner.TestApplication -->
    </test> <!-- Default test -->
  </suite> <!-- Default suite -->
</testng-results>
