<?xml version="1.0" encoding="UTF-8"?>
<testng-results ignored="0" total="1" passed="1" failed="0" skipped="0">
  <reporter-output>
  </reporter-output>
  <suite started-at="2024-02-21T10:26:44 IST" name="Default suite" finished-at="2024-02-21T10:28:01 IST" duration-ms="76891">
    <groups>
      <group name="cucumber">
        <method signature="AbstractTestNGCucumberTests.runScenario(io.cucumber.testng.PickleWrapper,io.cucumber.testng.FeatureWrapper)[pri:0, instance:runner.TestApplication@7ce026d3]" name="runScenario" class="io.cucumber.testng.AbstractTestNGCucumberTests"/>
      </group> <!-- cucumber -->
    </groups>
    <test started-at="2024-02-21T10:26:44 IST" name="Default test" finished-at="2024-02-21T10:28:01 IST" duration-ms="76891">
      <class name="runner.TestApplication">
        <test-method is-config="true" signature="setUpClass()[pri:0, instance:runner.TestApplication@7ce026d3]" started-at="2024-02-21T10:26:44 IST" name="setUpClass" finished-at="2024-02-21T10:26:45 IST" duration-ms="861" status="PASS">
          <reporter-output>
          </reporter-output>
        </test-method> <!-- setUpClass -->
        <test-method signature="runScenario(io.cucumber.testng.PickleWrapper,io.cucumber.testng.FeatureWrapper)[pri:0, instance:runner.TestApplication@7ce026d3]" started-at="2024-02-21T10:26:45 IST" name="runScenario" description="Runs Cucumber Scenarios" data-provider="scenarios" finished-at="2024-02-21T10:27:37 IST" duration-ms="52041" status="PASS">
          <params>
            <param index="0">
              <value>
                <![CDATA["Creation of Contact Details record - Contact Details details screen should get open with Phone details & Email details section with below mentioned Fields"]]>
              </value>
            </param>
            <param index="1">
              <value>
                <![CDATA["Optional[To check the Consumer Durable - App Data Entry -> Additional Customer info tab -> Contact Details screen]"]]>
              </value>
            </param>
          </params>
          <reporter-output>
          </reporter-output>
        </test-method> <!-- runScenario -->
        <test-method is-config="true" signature="tearDownClass()[pri:0, instance:runner.TestApplication@7ce026d3]" started-at="2024-02-21T10:27:37 IST" name="tearDownClass" finished-at="2024-02-21T10:28:01 IST" duration-ms="23924" status="PASS">
          <reporter-output>
          </reporter-output>
        </test-method> <!-- tearDownClass -->
      </class> <!-- runner.TestApplication -->
    </test> <!-- Default test -->
  </suite> <!-- Default suite -->
</testng-results>
