<?xml version="1.0" encoding="UTF-8"?>
<testng-results ignored="0" total="1" passed="1" failed="0" skipped="0">
  <reporter-output>
  </reporter-output>
  <suite started-at="2023-10-13T17:40:29 IST" name="Default suite" finished-at="2023-10-13T17:41:49 IST" duration-ms="79976">
    <groups>
      <group name="cucumber">
        <method signature="AbstractTestNGCucumberTests.runScenario(io.cucumber.testng.PickleWrapper,io.cucumber.testng.FeatureWrapper)[pri:0, instance:Runner.TestApplication@7ce026d3]" name="runScenario" class="io.cucumber.testng.AbstractTestNGCucumberTests"/>
      </group> <!-- cucumber -->
    </groups>
    <test started-at="2023-10-13T17:40:29 IST" name="Default test" finished-at="2023-10-13T17:41:49 IST" duration-ms="79976">
      <class name="Runner.TestApplication">
        <test-method is-config="true" signature="setUpClass()[pri:0, instance:Runner.TestApplication@7ce026d3]" started-at="2023-10-13T17:40:30 IST" name="setUpClass" finished-at="2023-10-13T17:40:31 IST" duration-ms="1143" status="PASS">
          <reporter-output>
          </reporter-output>
        </test-method> <!-- setUpClass -->
        <test-method signature="runScenario(io.cucumber.testng.PickleWrapper,io.cucumber.testng.FeatureWrapper)[pri:0, instance:Runner.TestApplication@7ce026d3]" started-at="2023-10-13T17:40:31 IST" name="runScenario" description="Runs Cucumber Scenarios" data-provider="scenarios" finished-at="2023-10-13T17:41:34 IST" duration-ms="63785" status="PASS">
          <params>
            <param index="0">
              <value>
                <![CDATA["To verify while modification system allow user to save the record with valid data"]]>
              </value>
            </param>
            <param index="1">
              <value>
                <![CDATA["Optional[To check the Murabaha --> App Data Entry stage, Customer Debt screen]"]]>
              </value>
            </param>
          </params>
          <reporter-output>
          </reporter-output>
        </test-method> <!-- runScenario -->
        <test-method is-config="true" signature="tearDownClass()[pri:0, instance:Runner.TestApplication@7ce026d3]" started-at="2023-10-13T17:41:34 IST" name="tearDownClass" finished-at="2023-10-13T17:41:49 IST" duration-ms="14986" status="PASS">
          <reporter-output>
          </reporter-output>
        </test-method> <!-- tearDownClass -->
      </class> <!-- Runner.TestApplication -->
    </test> <!-- Default test -->
  </suite> <!-- Default suite -->
</testng-results>
