<?xml version="1.0" encoding="UTF-8"?>
<testng-results ignored="0" total="5" passed="5" failed="0" skipped="0">
  <reporter-output>
  </reporter-output>
  <suite started-at="2023-10-20T12:38:54 IST" name="Default suite" finished-at="2023-10-20T12:41:23 IST" duration-ms="149538">
    <groups>
      <group name="cucumber">
        <method signature="AbstractTestNGCucumberTests.runScenario(io.cucumber.testng.PickleWrapper,io.cucumber.testng.FeatureWrapper)[pri:0, instance:Runner.TestApplication@1caa0244]" name="runScenario" class="io.cucumber.testng.AbstractTestNGCucumberTests"/>
      </group> <!-- cucumber -->
    </groups>
    <test started-at="2023-10-20T12:38:54 IST" name="Default test" finished-at="2023-10-20T12:41:23 IST" duration-ms="149538">
      <class name="Runner.TestApplication">
        <test-method is-config="true" signature="setUpClass()[pri:0, instance:Runner.TestApplication@1caa0244]" started-at="2023-10-20T12:38:54 IST" name="setUpClass" finished-at="2023-10-20T12:38:55 IST" duration-ms="1091" status="PASS">
          <reporter-output>
          </reporter-output>
        </test-method> <!-- setUpClass -->
        <test-method signature="runScenario(io.cucumber.testng.PickleWrapper,io.cucumber.testng.FeatureWrapper)[pri:0, instance:Runner.TestApplication@1caa0244]" started-at="2023-10-20T12:38:55 IST" name="runScenario" description="Runs Cucumber Scenarios" data-provider="scenarios" finished-at="2023-10-20T12:39:24 IST" duration-ms="28813" status="PASS">
          <params>
            <param index="0">
              <value>
                <![CDATA["Application Detail details screen should get open with below mentioned Field"]]>
              </value>
            </param>
            <param index="1">
              <value>
                <![CDATA["Optional[To check the Murabaha --> Data Check stage, Application Details screen]"]]>
              </value>
            </param>
          </params>
          <reporter-output>
          </reporter-output>
        </test-method> <!-- runScenario -->
        <test-method signature="runScenario(io.cucumber.testng.PickleWrapper,io.cucumber.testng.FeatureWrapper)[pri:0, instance:Runner.TestApplication@1caa0244]" started-at="2023-10-20T12:39:24 IST" name="runScenario" description="Runs Cucumber Scenarios" data-provider="scenarios" finished-at="2023-10-20T12:39:43 IST" duration-ms="19623" status="PASS">
          <params>
            <param index="0">
              <value>
                <![CDATA["Referral/Sourcing Details section should get open with below mentioned fields and buttons"]]>
              </value>
            </param>
            <param index="1">
              <value>
                <![CDATA["Optional[To check the Murabaha --> Data Check stage, Application Details screen]"]]>
              </value>
            </param>
          </params>
          <reporter-output>
          </reporter-output>
        </test-method> <!-- runScenario -->
        <test-method signature="runScenario(io.cucumber.testng.PickleWrapper,io.cucumber.testng.FeatureWrapper)[pri:0, instance:Runner.TestApplication@1caa0244]" started-at="2023-10-20T12:39:43 IST" name="runScenario" description="Runs Cucumber Scenarios" data-provider="scenarios" finished-at="2023-10-20T12:40:03 IST" duration-ms="19534" status="PASS">
          <params>
            <param index="0">
              <value>
                <![CDATA["To verify the fields are Mandatory,Non-editable and Dropdown or Input."]]>
              </value>
            </param>
            <param index="1">
              <value>
                <![CDATA["Optional[To check the Murabaha --> Data Check stage, Application Details screen]"]]>
              </value>
            </param>
          </params>
          <reporter-output>
          </reporter-output>
        </test-method> <!-- runScenario -->
        <test-method signature="runScenario(io.cucumber.testng.PickleWrapper,io.cucumber.testng.FeatureWrapper)[pri:0, instance:Runner.TestApplication@1caa0244]" started-at="2023-10-20T12:40:03 IST" name="runScenario" description="Runs Cucumber Scenarios" data-provider="scenarios" finished-at="2023-10-20T12:40:23 IST" duration-ms="20521" status="PASS">
          <params>
            <param index="0">
              <value>
                <![CDATA["To verify the fields are Mandatory,Non-editable and Dropdown or Input."]]>
              </value>
            </param>
            <param index="1">
              <value>
                <![CDATA["Optional[To check the Murabaha --> Data Check stage, Application Details screen]"]]>
              </value>
            </param>
          </params>
          <reporter-output>
          </reporter-output>
        </test-method> <!-- runScenario -->
        <test-method signature="runScenario(io.cucumber.testng.PickleWrapper,io.cucumber.testng.FeatureWrapper)[pri:0, instance:Runner.TestApplication@1caa0244]" started-at="2023-10-20T12:40:23 IST" name="runScenario" description="Runs Cucumber Scenarios" data-provider="scenarios" finished-at="2023-10-20T12:40:43 IST" duration-ms="19330" status="PASS">
          <params>
            <param index="0">
              <value>
                <![CDATA["To Validate the below fields in Referral/Sourcing Details section under Application Details tab"]]>
              </value>
            </param>
            <param index="1">
              <value>
                <![CDATA["Optional[To check the Murabaha --> Data Check stage, Application Details screen]"]]>
              </value>
            </param>
          </params>
          <reporter-output>
          </reporter-output>
        </test-method> <!-- runScenario -->
        <test-method is-config="true" signature="tearDownClass()[pri:0, instance:Runner.TestApplication@1caa0244]" started-at="2023-10-20T12:40:43 IST" name="tearDownClass" finished-at="2023-10-20T12:41:23 IST" duration-ms="40573" status="PASS">
          <reporter-output>
          </reporter-output>
        </test-method> <!-- tearDownClass -->
      </class> <!-- Runner.TestApplication -->
    </test> <!-- Default test -->
  </suite> <!-- Default suite -->
</testng-results>
