<?xml version="1.0" encoding="UTF-8"?>
<testng-results ignored="0" total="1" passed="1" failed="0" skipped="0">
  <reporter-output>
  </reporter-output>
  <suite started-at="2024-01-30T14:06:12 IST" name="Default suite" finished-at="2024-01-30T14:07:29 IST" duration-ms="77194">
    <groups>
      <group name="cucumber">
        <method signature="AbstractTestNGCucumberTests.runScenario(io.cucumber.testng.PickleWrapper,io.cucumber.testng.FeatureWrapper)[pri:0, instance:runner.TestApplication@7ce026d3]" name="runScenario" class="io.cucumber.testng.AbstractTestNGCucumberTests"/>
      </group> <!-- cucumber -->
    </groups>
    <test started-at="2024-01-30T14:06:12 IST" name="Default test" finished-at="2024-01-30T14:07:29 IST" duration-ms="77194">
      <class name="runner.TestApplication">
        <test-method is-config="true" signature="setUpClass()[pri:0, instance:runner.TestApplication@7ce026d3]" started-at="2024-01-30T14:06:12 IST" name="setUpClass" finished-at="2024-01-30T14:06:13 IST" duration-ms="1034" status="PASS">
          <reporter-output>
          </reporter-output>
        </test-method> <!-- setUpClass -->
        <test-method signature="runScenario(io.cucumber.testng.PickleWrapper,io.cucumber.testng.FeatureWrapper)[pri:0, instance:runner.TestApplication@7ce026d3]" started-at="2024-01-30T14:06:13 IST" name="runScenario" description="Runs Cucumber Scenarios" data-provider="scenarios" finished-at="2024-01-30T14:07:08 IST" duration-ms="55130" status="PASS">
          <params>
            <param index="0">
              <value>
                <![CDATA["To verify the save button & Offer button under offer decision"]]>
              </value>
            </param>
            <param index="1">
              <value>
                <![CDATA["Optional[To check the Tawarruq - Underwriter test cases]"]]>
              </value>
            </param>
          </params>
          <reporter-output>
          </reporter-output>
        </test-method> <!-- runScenario -->
        <test-method is-config="true" signature="tearDownClass()[pri:0, instance:runner.TestApplication@7ce026d3]" started-at="2024-01-30T14:07:08 IST" name="tearDownClass" finished-at="2024-01-30T14:07:29 IST" duration-ms="20988" status="PASS">
          <reporter-output>
          </reporter-output>
        </test-method> <!-- tearDownClass -->
      </class> <!-- runner.TestApplication -->
    </test> <!-- Default test -->
  </suite> <!-- Default suite -->
</testng-results>
