<?xml version="1.0" encoding="UTF-8"?>
<testng-results ignored="0" total="1" passed="1" failed="0" skipped="0">
  <reporter-output>
  </reporter-output>
  <suite started-at="2024-01-12T15:28:03 IST" name="Default suite" finished-at="2024-01-12T15:29:05 IST" duration-ms="61462">
    <groups>
      <group name="cucumber">
        <method signature="AbstractTestNGCucumberTests.runScenario(io.cucumber.testng.PickleWrapper,io.cucumber.testng.FeatureWrapper)[pri:0, instance:Runner.TestApplication@1caa0244]" name="runScenario" class="io.cucumber.testng.AbstractTestNGCucumberTests"/>
      </group> <!-- cucumber -->
    </groups>
    <test started-at="2024-01-12T15:28:03 IST" name="Default test" finished-at="2024-01-12T15:29:05 IST" duration-ms="61462">
      <class name="Runner.TestApplication">
        <test-method is-config="true" signature="setUpClass()[pri:0, instance:Runner.TestApplication@1caa0244]" started-at="2024-01-12T15:28:03 IST" name="setUpClass" finished-at="2024-01-12T15:28:04 IST" duration-ms="942" status="PASS">
          <reporter-output>
          </reporter-output>
        </test-method> <!-- setUpClass -->
        <test-method signature="runScenario(io.cucumber.testng.PickleWrapper,io.cucumber.testng.FeatureWrapper)[pri:0, instance:Runner.TestApplication@1caa0244]" started-at="2024-01-12T15:28:04 IST" name="runScenario" description="Runs Cucumber Scenarios" data-provider="scenarios" finished-at="2024-01-12T15:28:49 IST" duration-ms="44639" status="PASS">
          <params>
            <param index="0">
              <value>
                <![CDATA["Creation of Asset Details record - Asset Price and Down Payment Details section should get open with all valid fields in proper format"]]>
              </value>
            </param>
            <param index="1">
              <value>
                <![CDATA["Optional[To check the Murabaha --> App Data Entry stage --> Asset Details screen]"]]>
              </value>
            </param>
          </params>
          <reporter-output>
          </reporter-output>
        </test-method> <!-- runScenario -->
        <test-method is-config="true" signature="tearDownClass()[pri:0, instance:Runner.TestApplication@1caa0244]" started-at="2024-01-12T15:28:49 IST" name="tearDownClass" finished-at="2024-01-12T15:29:05 IST" duration-ms="15839" status="PASS">
          <reporter-output>
          </reporter-output>
        </test-method> <!-- tearDownClass -->
      </class> <!-- Runner.TestApplication -->
    </test> <!-- Default test -->
  </suite> <!-- Default suite -->
</testng-results>
