<?xml version="1.0" encoding="UTF-8"?>
<testng-results ignored="0" total="1" passed="1" failed="0" skipped="0">
  <reporter-output>
  </reporter-output>
  <suite started-at="2023-10-27T15:09:48 IST" name="Default suite" finished-at="2023-10-27T15:10:45 IST" duration-ms="57145">
    <groups>
      <group name="cucumber">
        <method signature="AbstractTestNGCucumberTests.runScenario(io.cucumber.testng.PickleWrapper,io.cucumber.testng.FeatureWrapper)[pri:0, instance:Runner.TestApplication@7ce026d3]" name="runScenario" class="io.cucumber.testng.AbstractTestNGCucumberTests"/>
      </group> <!-- cucumber -->
    </groups>
    <test started-at="2023-10-27T15:09:48 IST" name="Default test" finished-at="2023-10-27T15:10:45 IST" duration-ms="57145">
      <class name="Runner.TestApplication">
        <test-method is-config="true" signature="setUpClass()[pri:0, instance:Runner.TestApplication@7ce026d3]" started-at="2023-10-27T15:09:48 IST" name="setUpClass" finished-at="2023-10-27T15:09:48 IST" duration-ms="910" status="PASS">
          <reporter-output>
          </reporter-output>
        </test-method> <!-- setUpClass -->
        <test-method signature="runScenario(io.cucumber.testng.PickleWrapper,io.cucumber.testng.FeatureWrapper)[pri:0, instance:Runner.TestApplication@7ce026d3]" started-at="2023-10-27T15:09:48 IST" name="runScenario" description="Runs Cucumber Scenarios" data-provider="scenarios" finished-at="2023-10-27T15:10:28 IST" duration-ms="39450" status="PASS">
          <params>
            <param index="0">
              <value>
                <![CDATA["System should display the below mention fields on List view of Application Detail"]]>
              </value>
            </param>
            <param index="1">
              <value>
                <![CDATA["Optional[To check the Tawarruq --> App Data Entry stage --> Application Details screen]"]]>
              </value>
            </param>
          </params>
          <reporter-output>
          </reporter-output>
        </test-method> <!-- runScenario -->
        <test-method is-config="true" signature="tearDownClass()[pri:0, instance:Runner.TestApplication@7ce026d3]" started-at="2023-10-27T15:10:28 IST" name="tearDownClass" finished-at="2023-10-27T15:10:45 IST" duration-ms="16737" status="PASS">
          <reporter-output>
          </reporter-output>
        </test-method> <!-- tearDownClass -->
      </class> <!-- Runner.TestApplication -->
    </test> <!-- Default test -->
  </suite> <!-- Default suite -->
</testng-results>
