<?xml version="1.0" encoding="UTF-8"?>
<testng-results ignored="0" total="1" passed="0" failed="1" skipped="0">
  <reporter-output>
  </reporter-output>
  <suite started-at="2023-09-06T18:45:36 IST" name="Default suite" finished-at="2023-09-06T18:46:14 IST" duration-ms="38550">
    <groups>
      <group name="cucumber">
        <method signature="AbstractTestNGCucumberTests.runScenario(io.cucumber.testng.PickleWrapper,io.cucumber.testng.FeatureWrapper)[pri:0, instance:Runner.TestApplication@7ce026d3]" name="runScenario" class="io.cucumber.testng.AbstractTestNGCucumberTests"/>
      </group> <!-- cucumber -->
    </groups>
    <test started-at="2023-09-06T18:45:36 IST" name="Default test" finished-at="2023-09-06T18:46:14 IST" duration-ms="38550">
      <class name="Runner.TestApplication">
        <test-method is-config="true" signature="setUpClass()[pri:0, instance:Runner.TestApplication@7ce026d3]" started-at="2023-09-06T18:45:36 IST" name="setUpClass" finished-at="2023-09-06T18:45:38 IST" duration-ms="2190" status="PASS">
          <reporter-output>
          </reporter-output>
        </test-method> <!-- setUpClass -->
        <test-method signature="runScenario(io.cucumber.testng.PickleWrapper,io.cucumber.testng.FeatureWrapper)[pri:0, instance:Runner.TestApplication@7ce026d3]" started-at="2023-09-06T18:45:38 IST" name="runScenario" description="Runs Cucumber Scenarios" data-provider="scenarios" finished-at="2023-09-06T18:46:05 IST" duration-ms="27568" status="FAIL">
          <params>
            <param index="0">
              <value>
                <![CDATA["To verify user is able to Add Customer Debt record in the system"]]>
              </value>
            </param>
            <param index="1">
              <value>
                <![CDATA["Optional[To check the Customer debt details feature]"]]>
              </value>
            </param>
          </params>
          <exception class="java.lang.NullPointerException">
            <message>
              <![CDATA[Cannot invoke "org.openqa.selenium.WebElement.click()" because the return value of "helper.JavascriptHelper.executeScriptWithWebElement(String)" is null]]>
            </message>
            <full-stacktrace>
              <![CDATA[java.lang.NullPointerException: Cannot invoke "org.openqa.selenium.WebElement.click()" because the return value of "helper.JavascriptHelper.executeScriptWithWebElement(String)" is null
at stepdefinitions.IjaraLogin.loginWithIjaraApplication(IjaraLogin.java:29)
at stepdefinitions.IjaraTest.login_with_valid_credentials(IjaraTest.java:22)
at ✽.login with valid credentials(file:///C:/Users/inindc00608/git/KULS_Sankar/KULS_Sankar/src/test/java/features/CustomerDebt.feature:110)
]]>
            </full-stacktrace>
          </exception> <!-- java.lang.NullPointerException -->
          <reporter-output>
          </reporter-output>
        </test-method> <!-- runScenario -->
        <test-method is-config="true" signature="tearDownClass()[pri:0, instance:Runner.TestApplication@7ce026d3]" started-at="2023-09-06T18:46:05 IST" name="tearDownClass" finished-at="2023-09-06T18:46:14 IST" duration-ms="8669" status="PASS">
          <reporter-output>
          </reporter-output>
        </test-method> <!-- tearDownClass -->
      </class> <!-- Runner.TestApplication -->
    </test> <!-- Default test -->
  </suite> <!-- Default suite -->
</testng-results>
