<?xml version="1.0" encoding="UTF-8"?>
<testng-results ignored="0" total="1" passed="1" failed="0" skipped="0">
  <reporter-output>
  </reporter-output>
  <suite started-at="2023-12-15T18:16:06 IST" name="Default suite" finished-at="2023-12-15T18:16:47 IST" duration-ms="41570">
    <groups>
      <group name="cucumber">
        <method signature="AbstractTestNGCucumberTests.runScenario(io.cucumber.testng.PickleWrapper,io.cucumber.testng.FeatureWrapper)[pri:0, instance:Runner.TestApplication@7ce026d3]" name="runScenario" class="io.cucumber.testng.AbstractTestNGCucumberTests"/>
      </group> <!-- cucumber -->
    </groups>
    <test started-at="2023-12-15T18:16:06 IST" name="Default test" finished-at="2023-12-15T18:16:47 IST" duration-ms="41570">
      <class name="Runner.TestApplication">
        <test-method is-config="true" signature="setUpClass()[pri:0, instance:Runner.TestApplication@7ce026d3]" started-at="2023-12-15T18:16:06 IST" name="setUpClass" finished-at="2023-12-15T18:16:07 IST" duration-ms="988" status="PASS">
          <reporter-output>
          </reporter-output>
        </test-method> <!-- setUpClass -->
        <test-method signature="runScenario(io.cucumber.testng.PickleWrapper,io.cucumber.testng.FeatureWrapper)[pri:0, instance:Runner.TestApplication@7ce026d3]" started-at="2023-12-15T18:16:07 IST" name="runScenario" description="Runs Cucumber Scenarios" data-provider="scenarios" finished-at="2023-12-15T18:16:38 IST" duration-ms="31124" status="PASS">
          <params>
            <param index="0">
              <value>
                <![CDATA["Modification of Application Details record -> To verify system allow user to modify the Application Detail"]]>
              </value>
            </param>
            <param index="1">
              <value>
                <![CDATA["Optional[To check the Auto Loan -- App Data Entry stage -> Application Details screen]"]]>
              </value>
            </param>
          </params>
          <reporter-output>
          </reporter-output>
        </test-method> <!-- runScenario -->
        <test-method is-config="true" signature="tearDownClass()[pri:0, instance:Runner.TestApplication@7ce026d3]" started-at="2023-12-15T18:16:38 IST" name="tearDownClass" finished-at="2023-12-15T18:16:47 IST" duration-ms="9417" status="PASS">
          <reporter-output>
          </reporter-output>
        </test-method> <!-- tearDownClass -->
      </class> <!-- Runner.TestApplication -->
    </test> <!-- Default test -->
  </suite> <!-- Default suite -->
</testng-results>
