<?xml version="1.0" encoding="UTF-8"?>
<testng-results ignored="0" total="8" passed="7" failed="1" skipped="0">
  <reporter-output>
  </reporter-output>
  <suite started-at="2024-02-28T18:49:31 IST" name="Default suite" finished-at="2024-02-28T18:56:28 IST" duration-ms="417065">
    <groups>
      <group name="cucumber">
        <method signature="AbstractTestNGCucumberTests.runScenario(io.cucumber.testng.PickleWrapper,io.cucumber.testng.FeatureWrapper)[pri:0, instance:runner.TestApplication@1caa0244]" name="runScenario" class="io.cucumber.testng.AbstractTestNGCucumberTests"/>
      </group> <!-- cucumber -->
    </groups>
    <test started-at="2024-02-28T18:49:31 IST" name="Default test" finished-at="2024-02-28T18:56:28 IST" duration-ms="417065">
      <class name="runner.TestApplication">
        <test-method is-config="true" signature="setUpClass()[pri:0, instance:runner.TestApplication@1caa0244]" started-at="2024-02-28T18:49:31 IST" name="setUpClass" finished-at="2024-02-28T18:49:32 IST" duration-ms="1165" status="PASS">
          <reporter-output>
          </reporter-output>
        </test-method> <!-- setUpClass -->
        <test-method signature="runScenario(io.cucumber.testng.PickleWrapper,io.cucumber.testng.FeatureWrapper)[pri:0, instance:runner.TestApplication@1caa0244]" started-at="2024-02-28T18:49:32 IST" name="runScenario" description="Runs Cucumber Scenarios" data-provider="scenarios" finished-at="2024-02-28T18:50:37 IST" duration-ms="64950" status="PASS">
          <params>
            <param index="0">
              <value>
                <![CDATA["Creation of Customer Dept record - Customer Debt screen should get open with all valid fields in proper format with below mention buttons"]]>
              </value>
            </param>
            <param index="1">
              <value>
                <![CDATA["Optional[To check the Auto Loan - App Data Entry stage -> Customer Financial tab -> Financial Commitments/Customer Debt screen]"]]>
              </value>
            </param>
          </params>
          <reporter-output>
          </reporter-output>
        </test-method> <!-- runScenario -->
        <test-method signature="runScenario(io.cucumber.testng.PickleWrapper,io.cucumber.testng.FeatureWrapper)[pri:0, instance:runner.TestApplication@1caa0244]" started-at="2024-02-28T18:50:37 IST" name="runScenario" description="Runs Cucumber Scenarios" data-provider="scenarios" finished-at="2024-02-28T18:51:25 IST" duration-ms="47923" status="PASS">
          <params>
            <param index="0">
              <value>
                <![CDATA["Creation of Customer Dept record - System allow user to save the record with valid data andSystem display the confirmation message"]]>
              </value>
            </param>
            <param index="1">
              <value>
                <![CDATA["Optional[To check the Auto Loan - App Data Entry stage -> Customer Financial tab -> Financial Commitments/Customer Debt screen]"]]>
              </value>
            </param>
          </params>
          <reporter-output>
          </reporter-output>
        </test-method> <!-- runScenario -->
        <test-method signature="runScenario(io.cucumber.testng.PickleWrapper,io.cucumber.testng.FeatureWrapper)[pri:0, instance:runner.TestApplication@1caa0244]" started-at="2024-02-28T18:51:25 IST" name="runScenario" description="Runs Cucumber Scenarios" data-provider="scenarios" finished-at="2024-02-28T18:51:38 IST" duration-ms="12295" status="FAIL">
          <params>
            <param index="0">
              <value>
                <![CDATA["Creation of Customer Dept record - To verfiy the below fields should be mandatory/Non-Mandatory and LOV/Textbox"]]>
              </value>
            </param>
            <param index="1">
              <value>
                <![CDATA["Optional[To check the Auto Loan - App Data Entry stage -> Customer Financial tab -> Financial Commitments/Customer Debt screen]"]]>
              </value>
            </param>
          </params>
          <exception class="org.openqa.selenium.StaleElementReferenceException">
            <message>
              <![CDATA[stale element reference: stale element not found
  (Session info: chrome=122.0.6261.94)
For documentation on this error, please visit: https://www.selenium.dev/documentation/webdriver/troubleshooting/errors#stale-element-reference-exception
Build info: version: '4.11.0', revision: '040bc5406b'
System info: os.name: 'Windows 10', os.arch: 'amd64', os.version: '10.0', java.version: '16.0.2'
Driver info: org.openqa.selenium.chrome.ChromeDriver
Command: [914fff05e0db2b349c7c487df3cdd6f7, isElementDisplayed {id=f.A87EBBA1DB0FA14CA4BB4C655DB5BB16.d.9B6140A6D872090E010B97D94E87DD8E.e.22}]
Capabilities {acceptInsecureCerts: false, browserName: chrome, browserVersion: 122.0.6261.94, chrome: {chromedriverVersion: 122.0.6261.94 (880dbf29479c..., userDataDir: C:\Users\ININDC~1\AppData\L...}, fedcm:accounts: true, goog:chromeOptions: {debuggerAddress: localhost:53136}, networkConnectionEnabled: false, pageLoadStrategy: normal, platformName: windows, proxy: Proxy(), se:cdp: ws://localhost:53136/devtoo..., se:cdpVersion: 122.0.6261.94, setWindowRect: true, strictFileInteractability: false, timeouts: {implicit: 0, pageLoad: 300000, script: 30000}, unhandledPromptBehavior: dismiss and notify, webauthn:extension:credBlob: true, webauthn:extension:largeBlob: true, webauthn:extension:minPinLength: true, webauthn:extension:prf: true, webauthn:virtualAuthenticators: true}
Element: [org.openqa.selenium.remote.RemoteWebElement@1999f612 -> unknown locator]
Session ID: 914fff05e0db2b349c7c487df3cdd6f7]]>
            </message>
            <full-stacktrace>
              <![CDATA[org.openqa.selenium.StaleElementReferenceException: stale element reference: stale element not found
  (Session info: chrome=122.0.6261.94)
For documentation on this error, please visit: https://www.selenium.dev/documentation/webdriver/troubleshooting/errors#stale-element-reference-exception
Build info: version: '4.11.0', revision: '040bc5406b'
System info: os.name: 'Windows 10', os.arch: 'amd64', os.version: '10.0', java.version: '16.0.2'
Driver info: org.openqa.selenium.chrome.ChromeDriver
Command: [914fff05e0db2b349c7c487df3cdd6f7, isElementDisplayed {id=f.A87EBBA1DB0FA14CA4BB4C655DB5BB16.d.9B6140A6D872090E010B97D94E87DD8E.e.22}]
Capabilities {acceptInsecureCerts: false, browserName: chrome, browserVersion: 122.0.6261.94, chrome: {chromedriverVersion: 122.0.6261.94 (880dbf29479c..., userDataDir: C:\Users\ININDC~1\AppData\L...}, fedcm:accounts: true, goog:chromeOptions: {debuggerAddress: localhost:53136}, networkConnectionEnabled: false, pageLoadStrategy: normal, platformName: windows, proxy: Proxy(), se:cdp: ws://localhost:53136/devtoo..., se:cdpVersion: 122.0.6261.94, setWindowRect: true, strictFileInteractability: false, timeouts: {implicit: 0, pageLoad: 300000, script: 30000}, unhandledPromptBehavior: dismiss and notify, webauthn:extension:credBlob: true, webauthn:extension:largeBlob: true, webauthn:extension:minPinLength: true, webauthn:extension:prf: true, webauthn:virtualAuthenticators: true}
Element: [org.openqa.selenium.remote.RemoteWebElement@1999f612 -> unknown locator]
Session ID: 914fff05e0db2b349c7c487df3cdd6f7
at java.base/jdk.internal.reflect.NativeConstructorAccessorImpl.newInstance0(Native Method)
at java.base/jdk.internal.reflect.NativeConstructorAccessorImpl.newInstance(NativeConstructorAccessorImpl.java:78)
at java.base/jdk.internal.reflect.DelegatingConstructorAccessorImpl.newInstance(DelegatingConstructorAccessorImpl.java:45)
at java.base/java.lang.reflect.Constructor.newInstanceWithCaller(Constructor.java:499)
at java.base/java.lang.reflect.Constructor.newInstance(Constructor.java:480)
at org.openqa.selenium.remote.codec.w3c.W3CHttpResponseCodec.createException(W3CHttpResponseCodec.java:200)
at org.openqa.selenium.remote.codec.w3c.W3CHttpResponseCodec.decode(W3CHttpResponseCodec.java:133)
at org.openqa.selenium.remote.codec.w3c.W3CHttpResponseCodec.decode(W3CHttpResponseCodec.java:52)
at org.openqa.selenium.remote.HttpCommandExecutor.execute(HttpCommandExecutor.java:191)
at org.openqa.selenium.remote.service.DriverCommandExecutor.invokeExecute(DriverCommandExecutor.java:196)
at org.openqa.selenium.remote.service.DriverCommandExecutor.execute(DriverCommandExecutor.java:171)
at org.openqa.selenium.remote.RemoteWebDriver.execute(RemoteWebDriver.java:518)
at org.openqa.selenium.remote.RemoteWebElement.execute(RemoteWebElement.java:224)
at org.openqa.selenium.remote.RemoteWebElement.isDisplayed(RemoteWebElement.java:280)
at stepdefinitions.IjaraLogin.loginWithIjaraApplication(IjaraLogin.java:50)
at stepdefinitions.IjaraTest.login_with_valid_credentials_auto_loan_app_data_entry(IjaraTest.java:110)
at ✽.login with valid credentials - Auto Loan - App Data Entry(file:///C:/Users/inindc00608/git/KULS_Sankar/KULS_Sankar/src/test/java/features/AL_AppData_FinancialCommitments.feature:83)
]]>
            </full-stacktrace>
          </exception> <!-- org.openqa.selenium.StaleElementReferenceException -->
          <reporter-output>
          </reporter-output>
        </test-method> <!-- runScenario -->
        <test-method signature="runScenario(io.cucumber.testng.PickleWrapper,io.cucumber.testng.FeatureWrapper)[pri:0, instance:runner.TestApplication@1caa0244]" started-at="2024-02-28T18:51:38 IST" name="runScenario" description="Runs Cucumber Scenarios" data-provider="scenarios" finished-at="2024-02-28T18:52:24 IST" duration-ms="46202" status="PASS">
          <params>
            <param index="0">
              <value>
                <![CDATA["Creation of Customer Dept record - To verify the impact when user keep any mandatory field blank, enter characters value in numeric field and click on save button"]]>
              </value>
            </param>
            <param index="1">
              <value>
                <![CDATA["Optional[To check the Auto Loan - App Data Entry stage -> Customer Financial tab -> Financial Commitments/Customer Debt screen]"]]>
              </value>
            </param>
          </params>
          <reporter-output>
          </reporter-output>
        </test-method> <!-- runScenario -->
        <test-method signature="runScenario(io.cucumber.testng.PickleWrapper,io.cucumber.testng.FeatureWrapper)[pri:0, instance:runner.TestApplication@1caa0244]" started-at="2024-02-28T18:52:24 IST" name="runScenario" description="Runs Cucumber Scenarios" data-provider="scenarios" finished-at="2024-02-28T18:53:07 IST" duration-ms="42805" status="PASS">
          <params>
            <param index="0">
              <value>
                <![CDATA["Modification of Customer Debt record - To verify system allow user to modify the Customer Debt Information"]]>
              </value>
            </param>
            <param index="1">
              <value>
                <![CDATA["Optional[To check the Auto Loan - App Data Entry stage -> Customer Financial tab -> Financial Commitments/Customer Debt screen]"]]>
              </value>
            </param>
          </params>
          <reporter-output>
          </reporter-output>
        </test-method> <!-- runScenario -->
        <test-method signature="runScenario(io.cucumber.testng.PickleWrapper,io.cucumber.testng.FeatureWrapper)[pri:0, instance:runner.TestApplication@1caa0244]" started-at="2024-02-28T18:53:07 IST" name="runScenario" description="Runs Cucumber Scenarios" data-provider="scenarios" finished-at="2024-02-28T18:53:51 IST" duration-ms="44296" status="PASS">
          <params>
            <param index="0">
              <value>
                <![CDATA["List view of Customer Debt - To verify the below field are available in Financial commitments listview"]]>
              </value>
            </param>
            <param index="1">
              <value>
                <![CDATA["Optional[To check the Auto Loan - App Data Entry stage -> Customer Financial tab -> Financial Commitments/Customer Debt screen]"]]>
              </value>
            </param>
          </params>
          <reporter-output>
          </reporter-output>
        </test-method> <!-- runScenario -->
        <test-method signature="runScenario(io.cucumber.testng.PickleWrapper,io.cucumber.testng.FeatureWrapper)[pri:0, instance:runner.TestApplication@1caa0244]" started-at="2024-02-28T18:53:51 IST" name="runScenario" description="Runs Cucumber Scenarios" data-provider="scenarios" finished-at="2024-02-28T18:54:23 IST" duration-ms="31648" status="PASS">
          <params>
            <param index="0">
              <value>
                <![CDATA["List view of Customer Debt - To verify system allow user to modify the Customer Debt Information"]]>
              </value>
            </param>
            <param index="1">
              <value>
                <![CDATA["Optional[To check the Auto Loan - App Data Entry stage -> Customer Financial tab -> Financial Commitments/Customer Debt screen]"]]>
              </value>
            </param>
          </params>
          <reporter-output>
          </reporter-output>
        </test-method> <!-- runScenario -->
        <test-method signature="runScenario(io.cucumber.testng.PickleWrapper,io.cucumber.testng.FeatureWrapper)[pri:0, instance:runner.TestApplication@1caa0244]" started-at="2024-02-28T18:54:23 IST" name="runScenario" description="Runs Cucumber Scenarios" data-provider="scenarios" finished-at="2024-02-28T18:54:58 IST" duration-ms="35719" status="PASS">
          <params>
            <param index="0">
              <value>
                <![CDATA["List view of Customer Debt - To verify the functionality of Export to PDF and Excel button"]]>
              </value>
            </param>
            <param index="1">
              <value>
                <![CDATA["Optional[To check the Auto Loan - App Data Entry stage -> Customer Financial tab -> Financial Commitments/Customer Debt screen]"]]>
              </value>
            </param>
          </params>
          <reporter-output>
          </reporter-output>
        </test-method> <!-- runScenario -->
        <test-method is-config="true" signature="tearDownClass()[pri:0, instance:runner.TestApplication@1caa0244]" started-at="2024-02-28T18:54:58 IST" name="tearDownClass" finished-at="2024-02-28T18:56:28 IST" duration-ms="89976" status="PASS">
          <reporter-output>
          </reporter-output>
        </test-method> <!-- tearDownClass -->
      </class> <!-- runner.TestApplication -->
    </test> <!-- Default test -->
  </suite> <!-- Default suite -->
</testng-results>
