<?xml version="1.0" encoding="UTF-8"?>
<!-- Generated by org.testng.reporters.JUnitReportReporter -->
<testsuite hostname="PSK9T3U-DESKTOP" failures="0" tests="1" name="Runner.TestApplication" time="40.782" errors="1" timestamp="2023-12-18T15:40:05 IST" skipped="0">
  <testcase classname="Runner.TestApplication" name="runScenario" time="40.782">
    <error message="Cannot invoke &quot;org.openqa.selenium.WebElement.isDisplayed()&quot; because the return value of &quot;helper.JavascriptHelper.executeScriptWithWebElement(String)&quot; is null" type="java.lang.NullPointerException">
      <![CDATA[java.lang.NullPointerException: Cannot invoke "org.openqa.selenium.WebElement.isDisplayed()" because the return value of "helper.JavascriptHelper.executeScriptWithWebElement(String)" is null
at stepdefinitions.IjaraTest.user_626_verify_address_type_should_visible_in_address_details_screen(IjaraTest.java:2251)
at ✽.user_626 verify Address type should visible in address details screen(file:///C:/Users/ININDC00482/eclipse-workspace/ULS_Ijarah_MainRepository/src/test/java/features/IjarahFeatures/Ijarah_APPDATACHECK_AddressDetails.feature:16)
]]>
    </error>
  </testcase> <!-- runScenario -->
  <system-out/>
</testsuite> <!-- Runner.TestApplication -->
