<?xml version="1.0" encoding="UTF-8"?>
<!-- Generated by org.testng.reporters.JUnitXMLReporter -->
<testsuite ignored="0" hostname="INMUVAVD000608" failures="1" tests="1" name="Default test" time="38.55" errors="0" timestamp="2023-09-06T18:46:14 IST">
  <testcase classname="io.cucumber.testng.AbstractTestNGCucumberTests" name="runScenario" time="27.568">
    <failure type="java.lang.NullPointerException" message="Cannot invoke &amp;quot;org.openqa.selenium.WebElement.click()&amp;quot; because the return value of &amp;quot;helper.JavascriptHelper.executeScriptWithWebElement(String)&amp;quot; is null">
      <![CDATA[java.lang.NullPointerException: Cannot invoke "org.openqa.selenium.WebElement.click()" because the return value of "helper.JavascriptHelper.executeScriptWithWebElement(String)" is null
at stepdefinitions.IjaraLogin.loginWithIjaraApplication(IjaraLogin.java:29)
at stepdefinitions.IjaraTest.login_with_valid_credentials(IjaraTest.java:22)
at ✽.login with valid credentials(file:///C:/Users/inindc00608/git/KULS_Sankar/KULS_Sankar/src/test/java/features/CustomerDebt.feature:110)
]]>
    </failure>
  </testcase> <!-- runScenario -->
</testsuite> <!-- Default test -->
