<?xml version="1.0" encoding="UTF-8"?>
<testng-results ignored="0" total="2" passed="1" failed="1" skipped="0">
  <reporter-output>
  </reporter-output>
  <suite started-at="2023-11-24T16:48:00 IST" name="Default suite" finished-at="2023-11-24T16:49:29 IST" duration-ms="88580">
    <groups>
      <group name="cucumber">
        <method signature="AbstractTestNGCucumberTests.runScenario(io.cucumber.testng.PickleWrapper,io.cucumber.testng.FeatureWrapper)[pri:0, instance:Runner.TestApplication@72cc7e6f]" name="runScenario" class="io.cucumber.testng.AbstractTestNGCucumberTests"/>
      </group> <!-- cucumber -->
    </groups>
    <test started-at="2023-11-24T16:48:00 IST" name="Default test" finished-at="2023-11-24T16:49:29 IST" duration-ms="88580">
      <class name="Runner.TestApplication">
        <test-method is-config="true" signature="setUpClass()[pri:0, instance:Runner.TestApplication@72cc7e6f]" started-at="2023-11-24T16:48:00 IST" name="setUpClass" finished-at="2023-11-24T16:48:01 IST" duration-ms="977" status="PASS">
          <reporter-output>
          </reporter-output>
        </test-method> <!-- setUpClass -->
        <test-method signature="runScenario(io.cucumber.testng.PickleWrapper,io.cucumber.testng.FeatureWrapper)[pri:0, instance:Runner.TestApplication@72cc7e6f]" started-at="2023-11-24T16:48:01 IST" name="runScenario" description="Runs Cucumber Scenarios" data-provider="scenarios" finished-at="2023-11-24T16:48:34 IST" duration-ms="32366" status="PASS">
          <params>
            <param index="0">
              <value>
                <![CDATA["Creation of Living Expense with valid data."]]>
              </value>
            </param>
            <param index="1">
              <value>
                <![CDATA["Optional[Verify the functionalities for AppDataEntry(LivingExpenses)]"]]>
              </value>
            </param>
          </params>
          <reporter-output>
          </reporter-output>
        </test-method> <!-- runScenario -->
        <test-method signature="runScenario(io.cucumber.testng.PickleWrapper,io.cucumber.testng.FeatureWrapper)[pri:0, instance:Runner.TestApplication@72cc7e6f]" started-at="2023-11-24T16:48:34 IST" name="runScenario" description="Runs Cucumber Scenarios" data-provider="scenarios" finished-at="2023-11-24T16:49:05 IST" duration-ms="31395" status="FAIL">
          <params>
            <param index="0">
              <value>
                <![CDATA["Creation of Living Expense with valid data."]]>
              </value>
            </param>
            <param index="1">
              <value>
                <![CDATA["Optional[Verify the functionalities for AppDataEntry(LivingExpenses)]"]]>
              </value>
            </param>
          </params>
          <exception class="org.openqa.selenium.ElementClickInterceptedException">
            <message>
              <![CDATA[element click intercepted: Element <ion-item _ngcontent-pnx-c224="" lines="none" tooltipposition="bottom" class="p-element UserAccSec headerSecdiv item md item-lines-none item-fill-none in-list hydrated" ng-reflect-lines="none" ng-reflect-tooltip-position="bottom" ng-reflect-text="Profile" role="listitem">...</ion-item> is not clickable at point (1877, 26). Other element would receive the click: <div class="ng-tns-c144-6 ng-star-inserted ng-trigger ng-trigger-flyInOut ngx-toastr toast-success" toast-component="" style="opacity: 1;">...</div>
  (Session info: chrome=119.0.6045.160)
Build info: version: '4.11.0', revision: '040bc5406b'
System info: os.name: 'Windows 10', os.arch: 'amd64', os.version: '10.0', java.version: '17.0.7'
Driver info: org.openqa.selenium.chrome.ChromeDriver
Command: [fce9f8be71d5c00eeee067c353bf566c, clickElement {id=425349FC794A246285694159EF0E3FA5_element_144}]
Capabilities {acceptInsecureCerts: false, browserName: chrome, browserVersion: 119.0.6045.160, chrome: {chromedriverVersion: 119.0.6045.105 (38c72552c5e..., userDataDir: C:\Users\ININDC~1\AppData\L...}, fedcm:accounts: true, goog:chromeOptions: {debuggerAddress: localhost:55211}, networkConnectionEnabled: false, pageLoadStrategy: normal, platformName: windows, proxy: Proxy(), se:cdp: ws://localhost:55211/devtoo..., se:cdpVersion: 119.0.6045.160, setWindowRect: true, strictFileInteractability: false, timeouts: {implicit: 0, pageLoad: 300000, script: 30000}, unhandledPromptBehavior: dismiss and notify, webauthn:extension:credBlob: true, webauthn:extension:largeBlob: true, webauthn:extension:minPinLength: true, webauthn:extension:prf: true, webauthn:virtualAuthenticators: true}
Element: [org.openqa.selenium.remote.RemoteWebElement@59e29f98 -> unknown locator]
Session ID: fce9f8be71d5c00eeee067c353bf566c]]>
            </message>
            <full-stacktrace>
              <![CDATA[org.openqa.selenium.ElementClickInterceptedException: element click intercepted: Element <ion-item _ngcontent-pnx-c224="" lines="none" tooltipposition="bottom" class="p-element UserAccSec headerSecdiv item md item-lines-none item-fill-none in-list hydrated" ng-reflect-lines="none" ng-reflect-tooltip-position="bottom" ng-reflect-text="Profile" role="listitem">...</ion-item> is not clickable at point (1877, 26). Other element would receive the click: <div class="ng-tns-c144-6 ng-star-inserted ng-trigger ng-trigger-flyInOut ngx-toastr toast-success" toast-component="" style="opacity: 1;">...</div>
  (Session info: chrome=119.0.6045.160)
Build info: version: '4.11.0', revision: '040bc5406b'
System info: os.name: 'Windows 10', os.arch: 'amd64', os.version: '10.0', java.version: '17.0.7'
Driver info: org.openqa.selenium.chrome.ChromeDriver
Command: [fce9f8be71d5c00eeee067c353bf566c, clickElement {id=425349FC794A246285694159EF0E3FA5_element_144}]
Capabilities {acceptInsecureCerts: false, browserName: chrome, browserVersion: 119.0.6045.160, chrome: {chromedriverVersion: 119.0.6045.105 (38c72552c5e..., userDataDir: C:\Users\ININDC~1\AppData\L...}, fedcm:accounts: true, goog:chromeOptions: {debuggerAddress: localhost:55211}, networkConnectionEnabled: false, pageLoadStrategy: normal, platformName: windows, proxy: Proxy(), se:cdp: ws://localhost:55211/devtoo..., se:cdpVersion: 119.0.6045.160, setWindowRect: true, strictFileInteractability: false, timeouts: {implicit: 0, pageLoad: 300000, script: 30000}, unhandledPromptBehavior: dismiss and notify, webauthn:extension:credBlob: true, webauthn:extension:largeBlob: true, webauthn:extension:minPinLength: true, webauthn:extension:prf: true, webauthn:virtualAuthenticators: true}
Element: [org.openqa.selenium.remote.RemoteWebElement@59e29f98 -> unknown locator]
Session ID: fce9f8be71d5c00eeee067c353bf566c
at java.base/jdk.internal.reflect.NativeConstructorAccessorImpl.newInstance0(Native Method)
at java.base/jdk.internal.reflect.NativeConstructorAccessorImpl.newInstance(NativeConstructorAccessorImpl.java:77)
at java.base/jdk.internal.reflect.DelegatingConstructorAccessorImpl.newInstance(DelegatingConstructorAccessorImpl.java:45)
at java.base/java.lang.reflect.Constructor.newInstanceWithCaller(Constructor.java:499)
at java.base/java.lang.reflect.Constructor.newInstance(Constructor.java:480)
at org.openqa.selenium.remote.codec.w3c.W3CHttpResponseCodec.createException(W3CHttpResponseCodec.java:200)
at org.openqa.selenium.remote.codec.w3c.W3CHttpResponseCodec.decode(W3CHttpResponseCodec.java:133)
at org.openqa.selenium.remote.codec.w3c.W3CHttpResponseCodec.decode(W3CHttpResponseCodec.java:52)
at org.openqa.selenium.remote.HttpCommandExecutor.execute(HttpCommandExecutor.java:191)
at org.openqa.selenium.remote.service.DriverCommandExecutor.invokeExecute(DriverCommandExecutor.java:196)
at org.openqa.selenium.remote.service.DriverCommandExecutor.execute(DriverCommandExecutor.java:171)
at org.openqa.selenium.remote.RemoteWebDriver.execute(RemoteWebDriver.java:518)
at org.openqa.selenium.remote.RemoteWebElement.execute(RemoteWebElement.java:224)
at org.openqa.selenium.remote.RemoteWebElement.click(RemoteWebElement.java:77)
at stepdefinitions.IjaraLogin.logoutFromIjara(IjaraLogin.java:363)
at stepdefinitions.IjaraTest.logout_from_the_ijara_application(IjaraTest.java:166)
at ✽.logout from the ijaraApplication(file:///C:/Users/inindc00610/git/ULS_Jay1/ULS_Jay/src/test/java/features/Tawarruq_AppDataEntry_LivingExpenses.feature:55)
]]>
            </full-stacktrace>
          </exception> <!-- org.openqa.selenium.ElementClickInterceptedException -->
          <reporter-output>
          </reporter-output>
        </test-method> <!-- runScenario -->
        <test-method is-config="true" signature="tearDownClass()[pri:0, instance:Runner.TestApplication@72cc7e6f]" started-at="2023-11-24T16:49:05 IST" name="tearDownClass" finished-at="2023-11-24T16:49:29 IST" duration-ms="23801" status="PASS">
          <reporter-output>
          </reporter-output>
        </test-method> <!-- tearDownClass -->
      </class> <!-- Runner.TestApplication -->
    </test> <!-- Default test -->
  </suite> <!-- Default suite -->
</testng-results>
