<?xml version="1.0" encoding="UTF-8"?>
<testng-results ignored="0" total="13" passed="13" failed="0" skipped="0">
  <reporter-output>
  </reporter-output>
  <suite started-at="2024-01-25T14:59:07 IST" name="Default suite" finished-at="2024-01-25T15:08:25 IST" duration-ms="558831">
    <groups>
      <group name="cucumber">
        <method signature="AbstractTestNGCucumberTests.runScenario(io.cucumber.testng.PickleWrapper,io.cucumber.testng.FeatureWrapper)[pri:0, instance:Runner.TestApplication@72cc7e6f]" name="runScenario" class="io.cucumber.testng.AbstractTestNGCucumberTests"/>
      </group> <!-- cucumber -->
    </groups>
    <test started-at="2024-01-25T14:59:07 IST" name="Default test" finished-at="2024-01-25T15:08:25 IST" duration-ms="558831">
      <class name="Runner.TestApplication">
        <test-method is-config="true" signature="setUpClass()[pri:0, instance:Runner.TestApplication@72cc7e6f]" started-at="2024-01-25T14:59:07 IST" name="setUpClass" finished-at="2024-01-25T14:59:08 IST" duration-ms="1093" status="PASS">
          <reporter-output>
          </reporter-output>
        </test-method> <!-- setUpClass -->
        <test-method signature="runScenario(io.cucumber.testng.PickleWrapper,io.cucumber.testng.FeatureWrapper)[pri:0, instance:Runner.TestApplication@72cc7e6f]" started-at="2024-01-25T14:59:08 IST" name="runScenario" description="Runs Cucumber Scenarios" data-provider="scenarios" finished-at="2024-01-25T14:59:53 IST" duration-ms="45618" status="PASS">
          <params>
            <param index="0">
              <value>
                <![CDATA["To verify that all fields are present in Customer Details"]]>
              </value>
            </param>
            <param index="1">
              <value>
                <![CDATA["Optional[Murabha App Data Entry Customer details]"]]>
              </value>
            </param>
          </params>
          <reporter-output>
          </reporter-output>
        </test-method> <!-- runScenario -->
        <test-method signature="runScenario(io.cucumber.testng.PickleWrapper,io.cucumber.testng.FeatureWrapper)[pri:0, instance:Runner.TestApplication@72cc7e6f]" started-at="2024-01-25T14:59:53 IST" name="runScenario" description="Runs Cucumber Scenarios" data-provider="scenarios" finished-at="2024-01-25T15:00:29 IST" duration-ms="35248" status="PASS">
          <params>
            <param index="0">
              <value>
                <![CDATA["To verify  fields Mandatory Editable Dropdown in Customer Details"]]>
              </value>
            </param>
            <param index="1">
              <value>
                <![CDATA["Optional[Murabha App Data Entry Customer details]"]]>
              </value>
            </param>
          </params>
          <reporter-output>
          </reporter-output>
        </test-method> <!-- runScenario -->
        <test-method signature="runScenario(io.cucumber.testng.PickleWrapper,io.cucumber.testng.FeatureWrapper)[pri:0, instance:Runner.TestApplication@72cc7e6f]" started-at="2024-01-25T15:00:29 IST" name="runScenario" description="Runs Cucumber Scenarios" data-provider="scenarios" finished-at="2024-01-25T15:00:59 IST" duration-ms="30752" status="PASS">
          <params>
            <param index="0">
              <value>
                <![CDATA["To verify  fields Mandatory Editable Dropdown in Customer Details"]]>
              </value>
            </param>
            <param index="1">
              <value>
                <![CDATA["Optional[Murabha App Data Entry Customer details]"]]>
              </value>
            </param>
          </params>
          <reporter-output>
          </reporter-output>
        </test-method> <!-- runScenario -->
        <test-method signature="runScenario(io.cucumber.testng.PickleWrapper,io.cucumber.testng.FeatureWrapper)[pri:0, instance:Runner.TestApplication@72cc7e6f]" started-at="2024-01-25T15:00:59 IST" name="runScenario" description="Runs Cucumber Scenarios" data-provider="scenarios" finished-at="2024-01-25T15:01:30 IST" duration-ms="31139" status="PASS">
          <params>
            <param index="0">
              <value>
                <![CDATA["To verify  fields Mandatory Editable Dropdown in Customer Details"]]>
              </value>
            </param>
            <param index="1">
              <value>
                <![CDATA["Optional[Murabha App Data Entry Customer details]"]]>
              </value>
            </param>
          </params>
          <reporter-output>
          </reporter-output>
        </test-method> <!-- runScenario -->
        <test-method signature="runScenario(io.cucumber.testng.PickleWrapper,io.cucumber.testng.FeatureWrapper)[pri:0, instance:Runner.TestApplication@72cc7e6f]" started-at="2024-01-25T15:01:30 IST" name="runScenario" description="Runs Cucumber Scenarios" data-provider="scenarios" finished-at="2024-01-25T15:02:05 IST" duration-ms="34113" status="PASS">
          <params>
            <param index="0">
              <value>
                <![CDATA["To verify  fields Mandatory Editable Dropdown in Customer Details"]]>
              </value>
            </param>
            <param index="1">
              <value>
                <![CDATA["Optional[Murabha App Data Entry Customer details]"]]>
              </value>
            </param>
          </params>
          <reporter-output>
          </reporter-output>
        </test-method> <!-- runScenario -->
        <test-method signature="runScenario(io.cucumber.testng.PickleWrapper,io.cucumber.testng.FeatureWrapper)[pri:0, instance:Runner.TestApplication@72cc7e6f]" started-at="2024-01-25T15:02:05 IST" name="runScenario" description="Runs Cucumber Scenarios" data-provider="scenarios" finished-at="2024-01-25T15:02:39 IST" duration-ms="34271" status="PASS">
          <params>
            <param index="0">
              <value>
                <![CDATA["To verify  fields Mandatory Editable Dropdown in Customer Details"]]>
              </value>
            </param>
            <param index="1">
              <value>
                <![CDATA["Optional[Murabha App Data Entry Customer details]"]]>
              </value>
            </param>
          </params>
          <reporter-output>
          </reporter-output>
        </test-method> <!-- runScenario -->
        <test-method signature="runScenario(io.cucumber.testng.PickleWrapper,io.cucumber.testng.FeatureWrapper)[pri:0, instance:Runner.TestApplication@72cc7e6f]" started-at="2024-01-25T15:02:39 IST" name="runScenario" description="Runs Cucumber Scenarios" data-provider="scenarios" finished-at="2024-01-25T15:03:06 IST" duration-ms="27055" status="PASS">
          <params>
            <param index="0">
              <value>
                <![CDATA["To verify  fields Mandatory Editable Dropdown in Customer Details"]]>
              </value>
            </param>
            <param index="1">
              <value>
                <![CDATA["Optional[Murabha App Data Entry Customer details]"]]>
              </value>
            </param>
          </params>
          <reporter-output>
          </reporter-output>
        </test-method> <!-- runScenario -->
        <test-method signature="runScenario(io.cucumber.testng.PickleWrapper,io.cucumber.testng.FeatureWrapper)[pri:0, instance:Runner.TestApplication@72cc7e6f]" started-at="2024-01-25T15:03:06 IST" name="runScenario" description="Runs Cucumber Scenarios" data-provider="scenarios" finished-at="2024-01-25T15:03:41 IST" duration-ms="34608" status="PASS">
          <params>
            <param index="0">
              <value>
                <![CDATA["To verify  fields Mandatory Editable Dropdown in Customer Details"]]>
              </value>
            </param>
            <param index="1">
              <value>
                <![CDATA["Optional[Murabha App Data Entry Customer details]"]]>
              </value>
            </param>
          </params>
          <reporter-output>
          </reporter-output>
        </test-method> <!-- runScenario -->
        <test-method signature="runScenario(io.cucumber.testng.PickleWrapper,io.cucumber.testng.FeatureWrapper)[pri:0, instance:Runner.TestApplication@72cc7e6f]" started-at="2024-01-25T15:03:41 IST" name="runScenario" description="Runs Cucumber Scenarios" data-provider="scenarios" finished-at="2024-01-25T15:04:13 IST" duration-ms="32912" status="PASS">
          <params>
            <param index="0">
              <value>
                <![CDATA["To verify that all fields are present in Customer Details"]]>
              </value>
            </param>
            <param index="1">
              <value>
                <![CDATA["Optional[Murabha App Data Entry Customer details]"]]>
              </value>
            </param>
          </params>
          <reporter-output>
          </reporter-output>
        </test-method> <!-- runScenario -->
        <test-method signature="runScenario(io.cucumber.testng.PickleWrapper,io.cucumber.testng.FeatureWrapper)[pri:0, instance:Runner.TestApplication@72cc7e6f]" started-at="2024-01-25T15:04:13 IST" name="runScenario" description="Runs Cucumber Scenarios" data-provider="scenarios" finished-at="2024-01-25T15:04:50 IST" duration-ms="36573" status="PASS">
          <params>
            <param index="0">
              <value>
                <![CDATA["To verify that all fields are present in Customer Details"]]>
              </value>
            </param>
            <param index="1">
              <value>
                <![CDATA["Optional[Murabha App Data Entry Customer details]"]]>
              </value>
            </param>
          </params>
          <reporter-output>
          </reporter-output>
        </test-method> <!-- runScenario -->
        <test-method signature="runScenario(io.cucumber.testng.PickleWrapper,io.cucumber.testng.FeatureWrapper)[pri:0, instance:Runner.TestApplication@72cc7e6f]" started-at="2024-01-25T15:04:50 IST" name="runScenario" description="Runs Cucumber Scenarios" data-provider="scenarios" finished-at="2024-01-25T15:05:37 IST" duration-ms="46515" status="PASS">
          <params>
            <param index="0">
              <value>
                <![CDATA["To verify  functionality of Activate Deactivate button"]]>
              </value>
            </param>
            <param index="1">
              <value>
                <![CDATA["Optional[Murabha App Data Entry Customer details]"]]>
              </value>
            </param>
          </params>
          <reporter-output>
          </reporter-output>
        </test-method> <!-- runScenario -->
        <test-method signature="runScenario(io.cucumber.testng.PickleWrapper,io.cucumber.testng.FeatureWrapper)[pri:0, instance:Runner.TestApplication@72cc7e6f]" started-at="2024-01-25T15:05:37 IST" name="runScenario" description="Runs Cucumber Scenarios" data-provider="scenarios" finished-at="2024-01-25T15:06:03 IST" duration-ms="26759" status="PASS">
          <params>
            <param index="0">
              <value>
                <![CDATA["To verify  fields list view"]]>
              </value>
            </param>
            <param index="1">
              <value>
                <![CDATA["Optional[Murabha App Data Entry Customer details]"]]>
              </value>
            </param>
          </params>
          <reporter-output>
          </reporter-output>
        </test-method> <!-- runScenario -->
        <test-method signature="runScenario(io.cucumber.testng.PickleWrapper,io.cucumber.testng.FeatureWrapper)[pri:0, instance:Runner.TestApplication@72cc7e6f]" started-at="2024-01-25T15:06:03 IST" name="runScenario" description="Runs Cucumber Scenarios" data-provider="scenarios" finished-at="2024-01-25T15:06:37 IST" duration-ms="33447" status="PASS">
          <params>
            <param index="0">
              <value>
                <![CDATA["To verify  PDF and EXcel button"]]>
              </value>
            </param>
            <param index="1">
              <value>
                <![CDATA["Optional[Murabha App Data Entry Customer details]"]]>
              </value>
            </param>
          </params>
          <reporter-output>
          </reporter-output>
        </test-method> <!-- runScenario -->
        <test-method is-config="true" signature="tearDownClass()[pri:0, instance:Runner.TestApplication@72cc7e6f]" started-at="2024-01-25T15:06:37 IST" name="tearDownClass" finished-at="2024-01-25T15:08:25 IST" duration-ms="108642" status="PASS">
          <reporter-output>
          </reporter-output>
        </test-method> <!-- tearDownClass -->
      </class> <!-- Runner.TestApplication -->
    </test> <!-- Default test -->
  </suite> <!-- Default suite -->
</testng-results>
