<?xml version="1.0" encoding="UTF-8"?>
<testng-results ignored="0" total="1" passed="0" failed="1" skipped="0">
  <reporter-output>
  </reporter-output>
  <suite started-at="2023-11-09T11:29:52 IST" name="Default suite" finished-at="2023-11-09T11:31:03 IST" duration-ms="71417">
    <groups>
      <group name="cucumber">
        <method signature="AbstractTestNGCucumberTests.runScenario(io.cucumber.testng.PickleWrapper,io.cucumber.testng.FeatureWrapper)[pri:0, instance:Runner.TestApplication@72cc7e6f]" name="runScenario" class="io.cucumber.testng.AbstractTestNGCucumberTests"/>
      </group> <!-- cucumber -->
    </groups>
    <test started-at="2023-11-09T11:29:52 IST" name="Default test" finished-at="2023-11-09T11:31:03 IST" duration-ms="71417">
      <class name="Runner.TestApplication">
        <test-method is-config="true" signature="setUpClass()[pri:0, instance:Runner.TestApplication@72cc7e6f]" started-at="2023-11-09T11:29:52 IST" name="setUpClass" finished-at="2023-11-09T11:29:53 IST" duration-ms="995" status="PASS">
          <reporter-output>
          </reporter-output>
        </test-method> <!-- setUpClass -->
        <test-method signature="runScenario(io.cucumber.testng.PickleWrapper,io.cucumber.testng.FeatureWrapper)[pri:0, instance:Runner.TestApplication@72cc7e6f]" started-at="2023-11-09T11:29:53 IST" name="runScenario" description="Runs Cucumber Scenarios" data-provider="scenarios" finished-at="2023-11-09T11:30:54 IST" duration-ms="60580" status="FAIL">
          <params>
            <param index="0">
              <value>
                <![CDATA["matching Data and Mis Matching Data"]]>
              </value>
            </param>
            <param index="1">
              <value>
                <![CDATA["Optional[Murabha app data check Quatation info]"]]>
              </value>
            </param>
          </params>
          <exception class="java.lang.AssertionError">
            <message>
              <![CDATA[Cannot invoke "org.openqa.selenium.WebElement.clear()" because the return value of "helper.JavascriptHelper.executeScriptWithWebElement(String)" is null]]>
            </message>
            <full-stacktrace>
              <![CDATA[java.lang.AssertionError: Cannot invoke "org.openqa.selenium.WebElement.clear()" because the return value of "helper.JavascriptHelper.executeScriptWithWebElement(String)" is null
at org.testng.Assert.fail(Assert.java:99)
at stepdefinitions.murabha_Steps.user_click_search_button_and_enter_mismatching_data(murabha_Steps.java:935)
at ✽.User_610 click search button and enter mismatching data(file:///C:/Users/inindc00610/git/ULS_Jay1/ULS_Jay/src/test/java/features/murabha_AppDataCheck_Quatation.feature:92)
]]>
            </full-stacktrace>
          </exception> <!-- java.lang.AssertionError -->
          <reporter-output>
          </reporter-output>
        </test-method> <!-- runScenario -->
        <test-method is-config="true" signature="tearDownClass()[pri:0, instance:Runner.TestApplication@72cc7e6f]" started-at="2023-11-09T11:30:54 IST" name="tearDownClass" finished-at="2023-11-09T11:31:03 IST" duration-ms="9787" status="PASS">
          <reporter-output>
          </reporter-output>
        </test-method> <!-- tearDownClass -->
      </class> <!-- Runner.TestApplication -->
    </test> <!-- Default test -->
  </suite> <!-- Default suite -->
</testng-results>
