<?xml version="1.0" encoding="UTF-8"?>
<testng-results ignored="0" total="6" passed="6" failed="0" skipped="0">
  <reporter-output>
  </reporter-output>
  <suite started-at="2024-01-22T11:33:52 IST" name="Default suite" finished-at="2024-01-22T11:37:11 IST" duration-ms="199539">
    <groups>
      <group name="cucumber">
        <method signature="AbstractTestNGCucumberTests.runScenario(io.cucumber.testng.PickleWrapper,io.cucumber.testng.FeatureWrapper)[pri:0, instance:Runner.TestApplication@72cc7e6f]" name="runScenario" class="io.cucumber.testng.AbstractTestNGCucumberTests"/>
      </group> <!-- cucumber -->
    </groups>
    <test started-at="2024-01-22T11:33:52 IST" name="Default test" finished-at="2024-01-22T11:37:11 IST" duration-ms="199539">
      <class name="Runner.TestApplication">
        <test-method is-config="true" signature="setUpClass()[pri:0, instance:Runner.TestApplication@72cc7e6f]" started-at="2024-01-22T11:33:52 IST" name="setUpClass" finished-at="2024-01-22T11:33:53 IST" duration-ms="964" status="PASS">
          <reporter-output>
          </reporter-output>
        </test-method> <!-- setUpClass -->
        <test-method signature="runScenario(io.cucumber.testng.PickleWrapper,io.cucumber.testng.FeatureWrapper)[pri:0, instance:Runner.TestApplication@72cc7e6f]" started-at="2024-01-22T11:33:53 IST" name="runScenario" description="Runs Cucumber Scenarios" data-provider="scenarios" finished-at="2024-01-22T11:34:26 IST" duration-ms="33249" status="PASS">
          <params>
            <param index="0">
              <value>
                <![CDATA["check Data product Deatils"]]>
              </value>
            </param>
            <param index="1">
              <value>
                <![CDATA["Optional[Ijara Appa Data Check product details or Facility Details]"]]>
              </value>
            </param>
          </params>
          <reporter-output>
          </reporter-output>
        </test-method> <!-- runScenario -->
        <test-method signature="runScenario(io.cucumber.testng.PickleWrapper,io.cucumber.testng.FeatureWrapper)[pri:0, instance:Runner.TestApplication@72cc7e6f]" started-at="2024-01-22T11:34:26 IST" name="runScenario" description="Runs Cucumber Scenarios" data-provider="scenarios" finished-at="2024-01-22T11:34:52 IST" duration-ms="26038" status="PASS">
          <params>
            <param index="0">
              <value>
                <![CDATA["check Data product Deatils"]]>
              </value>
            </param>
            <param index="1">
              <value>
                <![CDATA["Optional[Ijara Appa Data Check product details or Facility Details]"]]>
              </value>
            </param>
          </params>
          <reporter-output>
          </reporter-output>
        </test-method> <!-- runScenario -->
        <test-method signature="runScenario(io.cucumber.testng.PickleWrapper,io.cucumber.testng.FeatureWrapper)[pri:0, instance:Runner.TestApplication@72cc7e6f]" started-at="2024-01-22T11:34:52 IST" name="runScenario" description="Runs Cucumber Scenarios" data-provider="scenarios" finished-at="2024-01-22T11:35:19 IST" duration-ms="26461" status="PASS">
          <params>
            <param index="0">
              <value>
                <![CDATA["check Data product Deatils"]]>
              </value>
            </param>
            <param index="1">
              <value>
                <![CDATA["Optional[Ijara Appa Data Check product details or Facility Details]"]]>
              </value>
            </param>
          </params>
          <reporter-output>
          </reporter-output>
        </test-method> <!-- runScenario -->
        <test-method signature="runScenario(io.cucumber.testng.PickleWrapper,io.cucumber.testng.FeatureWrapper)[pri:0, instance:Runner.TestApplication@72cc7e6f]" started-at="2024-01-22T11:35:19 IST" name="runScenario" description="Runs Cucumber Scenarios" data-provider="scenarios" finished-at="2024-01-22T11:35:43 IST" duration-ms="24523" status="PASS">
          <params>
            <param index="0">
              <value>
                <![CDATA["check Data product Deatils"]]>
              </value>
            </param>
            <param index="1">
              <value>
                <![CDATA["Optional[Ijara Appa Data Check product details or Facility Details]"]]>
              </value>
            </param>
          </params>
          <reporter-output>
          </reporter-output>
        </test-method> <!-- runScenario -->
        <test-method signature="runScenario(io.cucumber.testng.PickleWrapper,io.cucumber.testng.FeatureWrapper)[pri:0, instance:Runner.TestApplication@72cc7e6f]" started-at="2024-01-22T11:35:43 IST" name="runScenario" description="Runs Cucumber Scenarios" data-provider="scenarios" finished-at="2024-01-22T11:36:08 IST" duration-ms="24801" status="PASS">
          <params>
            <param index="0">
              <value>
                <![CDATA["check Data product Deatils"]]>
              </value>
            </param>
            <param index="1">
              <value>
                <![CDATA["Optional[Ijara Appa Data Check product details or Facility Details]"]]>
              </value>
            </param>
          </params>
          <reporter-output>
          </reporter-output>
        </test-method> <!-- runScenario -->
        <test-method signature="runScenario(io.cucumber.testng.PickleWrapper,io.cucumber.testng.FeatureWrapper)[pri:0, instance:Runner.TestApplication@72cc7e6f]" started-at="2024-01-22T11:36:08 IST" name="runScenario" description="Runs Cucumber Scenarios" data-provider="scenarios" finished-at="2024-01-22T11:36:32 IST" duration-ms="24399" status="PASS">
          <params>
            <param index="0">
              <value>
                <![CDATA["check Data product Deatils"]]>
              </value>
            </param>
            <param index="1">
              <value>
                <![CDATA["Optional[Ijara Appa Data Check product details or Facility Details]"]]>
              </value>
            </param>
          </params>
          <reporter-output>
          </reporter-output>
        </test-method> <!-- runScenario -->
        <test-method is-config="true" signature="tearDownClass()[pri:0, instance:Runner.TestApplication@72cc7e6f]" started-at="2024-01-22T11:36:32 IST" name="tearDownClass" finished-at="2024-01-22T11:37:11 IST" duration-ms="39051" status="PASS">
          <reporter-output>
          </reporter-output>
        </test-method> <!-- tearDownClass -->
      </class> <!-- Runner.TestApplication -->
    </test> <!-- Default test -->
  </suite> <!-- Default suite -->
</testng-results>
