<?xml version="1.0" encoding="UTF-8"?>
<testng-results ignored="0" total="6" passed="6" failed="0" skipped="0">
  <reporter-output>
  </reporter-output>
  <suite started-at="2023-12-04T16:39:21 IST" name="Default suite" finished-at="2023-12-04T16:43:45 IST" duration-ms="263747">
    <groups>
      <group name="cucumber">
        <method signature="AbstractTestNGCucumberTests.runScenario(io.cucumber.testng.PickleWrapper,io.cucumber.testng.FeatureWrapper)[pri:0, instance:Runner.TestApplication@72cc7e6f]" name="runScenario" class="io.cucumber.testng.AbstractTestNGCucumberTests"/>
      </group> <!-- cucumber -->
    </groups>
    <test started-at="2023-12-04T16:39:21 IST" name="Default test" finished-at="2023-12-04T16:43:45 IST" duration-ms="263747">
      <class name="Runner.TestApplication">
        <test-method is-config="true" signature="setUpClass()[pri:0, instance:Runner.TestApplication@72cc7e6f]" started-at="2023-12-04T16:39:21 IST" name="setUpClass" finished-at="2023-12-04T16:39:23 IST" duration-ms="1472" status="PASS">
          <reporter-output>
          </reporter-output>
        </test-method> <!-- setUpClass -->
        <test-method signature="runScenario(io.cucumber.testng.PickleWrapper,io.cucumber.testng.FeatureWrapper)[pri:0, instance:Runner.TestApplication@72cc7e6f]" started-at="2023-12-04T16:39:23 IST" name="runScenario" description="Runs Cucumber Scenarios" data-provider="scenarios" finished-at="2023-12-04T16:40:31 IST" duration-ms="68271" status="PASS">
          <params>
            <param index="0">
              <value>
                <![CDATA["check Data product Deatils"]]>
              </value>
            </param>
            <param index="1">
              <value>
                <![CDATA["Optional[product details]"]]>
              </value>
            </param>
          </params>
          <reporter-output>
          </reporter-output>
        </test-method> <!-- runScenario -->
        <test-method signature="runScenario(io.cucumber.testng.PickleWrapper,io.cucumber.testng.FeatureWrapper)[pri:0, instance:Runner.TestApplication@72cc7e6f]" started-at="2023-12-04T16:40:31 IST" name="runScenario" description="Runs Cucumber Scenarios" data-provider="scenarios" finished-at="2023-12-04T16:40:56 IST" duration-ms="24639" status="PASS">
          <params>
            <param index="0">
              <value>
                <![CDATA["check Data product Deatils"]]>
              </value>
            </param>
            <param index="1">
              <value>
                <![CDATA["Optional[product details]"]]>
              </value>
            </param>
          </params>
          <reporter-output>
          </reporter-output>
        </test-method> <!-- runScenario -->
        <test-method signature="runScenario(io.cucumber.testng.PickleWrapper,io.cucumber.testng.FeatureWrapper)[pri:0, instance:Runner.TestApplication@72cc7e6f]" started-at="2023-12-04T16:40:56 IST" name="runScenario" description="Runs Cucumber Scenarios" data-provider="scenarios" finished-at="2023-12-04T16:41:35 IST" duration-ms="39589" status="PASS">
          <params>
            <param index="0">
              <value>
                <![CDATA["check Data product Deatils"]]>
              </value>
            </param>
            <param index="1">
              <value>
                <![CDATA["Optional[product details]"]]>
              </value>
            </param>
          </params>
          <reporter-output>
          </reporter-output>
        </test-method> <!-- runScenario -->
        <test-method signature="runScenario(io.cucumber.testng.PickleWrapper,io.cucumber.testng.FeatureWrapper)[pri:0, instance:Runner.TestApplication@72cc7e6f]" started-at="2023-12-04T16:41:35 IST" name="runScenario" description="Runs Cucumber Scenarios" data-provider="scenarios" finished-at="2023-12-04T16:42:16 IST" duration-ms="40650" status="PASS">
          <params>
            <param index="0">
              <value>
                <![CDATA["check Data product Deatils"]]>
              </value>
            </param>
            <param index="1">
              <value>
                <![CDATA["Optional[product details]"]]>
              </value>
            </param>
          </params>
          <reporter-output>
          </reporter-output>
        </test-method> <!-- runScenario -->
        <test-method signature="runScenario(io.cucumber.testng.PickleWrapper,io.cucumber.testng.FeatureWrapper)[pri:0, instance:Runner.TestApplication@72cc7e6f]" started-at="2023-12-04T16:42:16 IST" name="runScenario" description="Runs Cucumber Scenarios" data-provider="scenarios" finished-at="2023-12-04T16:42:49 IST" duration-ms="32679" status="PASS">
          <params>
            <param index="0">
              <value>
                <![CDATA["check Data product Deatils"]]>
              </value>
            </param>
            <param index="1">
              <value>
                <![CDATA["Optional[product details]"]]>
              </value>
            </param>
          </params>
          <reporter-output>
          </reporter-output>
        </test-method> <!-- runScenario -->
        <test-method signature="runScenario(io.cucumber.testng.PickleWrapper,io.cucumber.testng.FeatureWrapper)[pri:0, instance:Runner.TestApplication@72cc7e6f]" started-at="2023-12-04T16:42:49 IST" name="runScenario" description="Runs Cucumber Scenarios" data-provider="scenarios" finished-at="2023-12-04T16:43:11 IST" duration-ms="22121" status="PASS">
          <params>
            <param index="0">
              <value>
                <![CDATA["check Data product Deatils"]]>
              </value>
            </param>
            <param index="1">
              <value>
                <![CDATA["Optional[product details]"]]>
              </value>
            </param>
          </params>
          <reporter-output>
          </reporter-output>
        </test-method> <!-- runScenario -->
        <test-method is-config="true" signature="tearDownClass()[pri:0, instance:Runner.TestApplication@72cc7e6f]" started-at="2023-12-04T16:43:11 IST" name="tearDownClass" finished-at="2023-12-04T16:43:45 IST" duration-ms="34248" status="PASS">
          <reporter-output>
          </reporter-output>
        </test-method> <!-- tearDownClass -->
      </class> <!-- Runner.TestApplication -->
    </test> <!-- Default test -->
  </suite> <!-- Default suite -->
</testng-results>
