<?xml version="1.0" encoding="UTF-8"?>
<testng-results ignored="0" total="1" passed="1" failed="0" skipped="0">
  <reporter-output>
  </reporter-output>
  <suite started-at="2023-09-07T12:17:47 IST" name="Default suite" finished-at="2023-09-07T12:18:36 IST" duration-ms="48842">
    <groups>
      <group name="cucumber">
        <method signature="AbstractTestNGCucumberTests.runScenario(io.cucumber.testng.PickleWrapper,io.cucumber.testng.FeatureWrapper)[pri:0, instance:Runner.TestApplication@5f049ea1]" name="runScenario" class="io.cucumber.testng.AbstractTestNGCucumberTests"/>
      </group> <!-- cucumber -->
    </groups>
    <test started-at="2023-09-07T12:17:47 IST" name="Default test" finished-at="2023-09-07T12:18:36 IST" duration-ms="48842">
      <class name="Runner.TestApplication">
        <test-method is-config="true" signature="setUpClass()[pri:0, instance:Runner.TestApplication@5f049ea1]" started-at="2023-09-07T12:17:47 IST" name="setUpClass" finished-at="2023-09-07T12:17:48 IST" duration-ms="1033" status="PASS">
          <reporter-output>
          </reporter-output>
        </test-method> <!-- setUpClass -->
        <test-method signature="runScenario(io.cucumber.testng.PickleWrapper,io.cucumber.testng.FeatureWrapper)[pri:0, instance:Runner.TestApplication@5f049ea1]" started-at="2023-09-07T12:17:48 IST" name="runScenario" description="Runs Cucumber Scenarios" data-provider="scenarios" finished-at="2023-09-07T12:18:28 IST" duration-ms="40107" status="PASS">
          <params>
            <param index="0">
              <value>
                <![CDATA["Customer FollowUp Details"]]>
              </value>
            </param>
            <param index="1">
              <value>
                <![CDATA["Optional[App Data Customer FollowUp Details]"]]>
              </value>
            </param>
          </params>
          <reporter-output>
          </reporter-output>
        </test-method> <!-- runScenario -->
        <test-method is-config="true" signature="tearDownClass()[pri:0, instance:Runner.TestApplication@5f049ea1]" started-at="2023-09-07T12:18:28 IST" name="tearDownClass" finished-at="2023-09-07T12:18:36 IST" duration-ms="7659" status="PASS">
          <reporter-output>
          </reporter-output>
        </test-method> <!-- tearDownClass -->
      </class> <!-- Runner.TestApplication -->
    </test> <!-- Default test -->
  </suite> <!-- Default suite -->
</testng-results>
