<?xml version="1.0" encoding="UTF-8"?>
<testng-results ignored="0" total="3" passed="3" failed="0" skipped="0">
  <reporter-output>
  </reporter-output>
  <suite started-at="2023-11-23T15:58:02 IST" name="Default suite" finished-at="2023-11-23T16:01:07 IST" duration-ms="184894">
    <groups>
      <group name="cucumber">
        <method signature="AbstractTestNGCucumberTests.runScenario(io.cucumber.testng.PickleWrapper,io.cucumber.testng.FeatureWrapper)[pri:0, instance:Runner.TestApplication@72cc7e6f]" name="runScenario" class="io.cucumber.testng.AbstractTestNGCucumberTests"/>
      </group> <!-- cucumber -->
    </groups>
    <test started-at="2023-11-23T15:58:02 IST" name="Default test" finished-at="2023-11-23T16:01:07 IST" duration-ms="184894">
      <class name="Runner.TestApplication">
        <test-method is-config="true" signature="setUpClass()[pri:0, instance:Runner.TestApplication@72cc7e6f]" started-at="2023-11-23T15:58:02 IST" name="setUpClass" finished-at="2023-11-23T15:58:03 IST" duration-ms="955" status="PASS">
          <reporter-output>
          </reporter-output>
        </test-method> <!-- setUpClass -->
        <test-method signature="runScenario(io.cucumber.testng.PickleWrapper,io.cucumber.testng.FeatureWrapper)[pri:0, instance:Runner.TestApplication@72cc7e6f]" started-at="2023-11-23T15:58:03 IST" name="runScenario" description="Runs Cucumber Scenarios" data-provider="scenarios" finished-at="2023-11-23T15:59:03 IST" duration-ms="59638" status="PASS">
          <params>
            <param index="0">
              <value>
                <![CDATA["System should display the list of below mention fields for Income List"]]>
              </value>
            </param>
            <param index="1">
              <value>
                <![CDATA["Optional[To verify the Tawarruq Application --> App Data Entry stage --> Customer Financials --> Income details screen]"]]>
              </value>
            </param>
          </params>
          <reporter-output>
          </reporter-output>
        </test-method> <!-- runScenario -->
        <test-method signature="runScenario(io.cucumber.testng.PickleWrapper,io.cucumber.testng.FeatureWrapper)[pri:0, instance:Runner.TestApplication@72cc7e6f]" started-at="2023-11-23T15:59:03 IST" name="runScenario" description="Runs Cucumber Scenarios" data-provider="scenarios" finished-at="2023-11-23T15:59:42 IST" duration-ms="39812" status="PASS">
          <params>
            <param index="0">
              <value>
                <![CDATA["System should display the list of below mention fields for Income List"]]>
              </value>
            </param>
            <param index="1">
              <value>
                <![CDATA["Optional[To verify the Tawarruq Application --> App Data Entry stage --> Customer Financials --> Income details screen]"]]>
              </value>
            </param>
          </params>
          <reporter-output>
          </reporter-output>
        </test-method> <!-- runScenario -->
        <test-method signature="runScenario(io.cucumber.testng.PickleWrapper,io.cucumber.testng.FeatureWrapper)[pri:0, instance:Runner.TestApplication@72cc7e6f]" started-at="2023-11-23T15:59:42 IST" name="runScenario" description="Runs Cucumber Scenarios" data-provider="scenarios" finished-at="2023-11-23T16:00:33 IST" duration-ms="50860" status="PASS">
          <params>
            <param index="0">
              <value>
                <![CDATA["System should display the list of below mention fields for Income List"]]>
              </value>
            </param>
            <param index="1">
              <value>
                <![CDATA["Optional[To verify the Tawarruq Application --> App Data Entry stage --> Customer Financials --> Income details screen]"]]>
              </value>
            </param>
          </params>
          <reporter-output>
          </reporter-output>
        </test-method> <!-- runScenario -->
        <test-method is-config="true" signature="tearDownClass()[pri:0, instance:Runner.TestApplication@72cc7e6f]" started-at="2023-11-23T16:00:33 IST" name="tearDownClass" finished-at="2023-11-23T16:01:07 IST" duration-ms="33582" status="PASS">
          <reporter-output>
          </reporter-output>
        </test-method> <!-- tearDownClass -->
      </class> <!-- Runner.TestApplication -->
    </test> <!-- Default test -->
  </suite> <!-- Default suite -->
</testng-results>
