<?xml version="1.0" encoding="UTF-8"?>
<testng-results ignored="0" total="1" passed="0" failed="1" skipped="0">
  <reporter-output>
  </reporter-output>
  <suite started-at="2024-01-05T17:16:37 IST" name="Default suite" finished-at="2024-01-05T17:17:59 IST" duration-ms="81496">
    <groups>
      <group name="cucumber">
        <method signature="AbstractTestNGCucumberTests.runScenario(io.cucumber.testng.PickleWrapper,io.cucumber.testng.FeatureWrapper)[pri:0, instance:Runner.TestApplication@72cc7e6f]" name="runScenario" class="io.cucumber.testng.AbstractTestNGCucumberTests"/>
      </group> <!-- cucumber -->
    </groups>
    <test started-at="2024-01-05T17:16:37 IST" name="Default test" finished-at="2024-01-05T17:17:59 IST" duration-ms="81496">
      <class name="Runner.TestApplication">
        <test-method is-config="true" signature="setUpClass()[pri:0, instance:Runner.TestApplication@72cc7e6f]" started-at="2024-01-05T17:16:37 IST" name="setUpClass" finished-at="2024-01-05T17:16:38 IST" duration-ms="1078" status="PASS">
          <reporter-output>
          </reporter-output>
        </test-method> <!-- setUpClass -->
        <test-method signature="runScenario(io.cucumber.testng.PickleWrapper,io.cucumber.testng.FeatureWrapper)[pri:0, instance:Runner.TestApplication@72cc7e6f]" started-at="2024-01-05T17:16:38 IST" name="runScenario" description="Runs Cucumber Scenarios" data-provider="scenarios" finished-at="2024-01-05T17:17:48 IST" duration-ms="69914" status="FAIL">
          <params>
            <param index="0">
              <value>
                <![CDATA["verify the field"]]>
              </value>
            </param>
            <param index="1">
              <value>
                <![CDATA["Optional[AutoLoan AppData Entry documents details]"]]>
              </value>
            </param>
          </params>
          <exception class="java.lang.AssertionError">
            <message>
              <![CDATA[Cannot invoke "org.openqa.selenium.WebElement.isDisplayed()" because the return value of "helper.JavascriptHelper.executeScriptWithWebElement(String)" is null]]>
            </message>
            <full-stacktrace>
              <![CDATA[java.lang.AssertionError: Cannot invoke "org.openqa.selenium.WebElement.isDisplayed()" because the return value of "helper.JavascriptHelper.executeScriptWithWebElement(String)" is null
at org.testng.Assert.fail(Assert.java:99)
at stepdefinitions.AutoLoan_Stepa.user_click_save_and_verify_in_documents_details_screen(AutoLoan_Stepa.java:4647)
at ✽.User_610 click save and verify in documents details screen(file:///C:/Users/inindc00610/git/ULS_Jay1/ULS_Jay/src/test/java/features/AutoLoan_AppDataEntry_DocumentsDetails.feature:61)
]]>
            </full-stacktrace>
          </exception> <!-- java.lang.AssertionError -->
          <reporter-output>
          </reporter-output>
        </test-method> <!-- runScenario -->
        <test-method is-config="true" signature="tearDownClass()[pri:0, instance:Runner.TestApplication@72cc7e6f]" started-at="2024-01-05T17:17:48 IST" name="tearDownClass" finished-at="2024-01-05T17:17:59 IST" duration-ms="10437" status="PASS">
          <reporter-output>
          </reporter-output>
        </test-method> <!-- tearDownClass -->
      </class> <!-- Runner.TestApplication -->
    </test> <!-- Default test -->
  </suite> <!-- Default suite -->
</testng-results>
