<?xml version="1.0" encoding="UTF-8"?>
<testng-results ignored="0" total="1" passed="0" failed="1" skipped="0">
  <reporter-output>
  </reporter-output>
  <suite started-at="2024-01-10T18:19:39 IST" name="Default suite" finished-at="2024-01-10T18:20:12 IST" duration-ms="32282">
    <groups>
      <group name="cucumber">
        <method signature="AbstractTestNGCucumberTests.runScenario(io.cucumber.testng.PickleWrapper,io.cucumber.testng.FeatureWrapper)[pri:0, instance:Runner.TestApplication@72cc7e6f]" name="runScenario" class="io.cucumber.testng.AbstractTestNGCucumberTests"/>
      </group> <!-- cucumber -->
    </groups>
    <test started-at="2024-01-10T18:19:39 IST" name="Default test" finished-at="2024-01-10T18:20:12 IST" duration-ms="32282">
      <class name="Runner.TestApplication">
        <test-method is-config="true" signature="setUpClass()[pri:0, instance:Runner.TestApplication@72cc7e6f]" started-at="2024-01-10T18:19:39 IST" name="setUpClass" finished-at="2024-01-10T18:19:41 IST" duration-ms="1140" status="PASS">
          <reporter-output>
          </reporter-output>
        </test-method> <!-- setUpClass -->
        <test-method signature="runScenario(io.cucumber.testng.PickleWrapper,io.cucumber.testng.FeatureWrapper)[pri:0, instance:Runner.TestApplication@72cc7e6f]" started-at="2024-01-10T18:19:41 IST" name="runScenario" description="Runs Cucumber Scenarios" data-provider="scenarios" finished-at="2024-01-10T18:20:08 IST" duration-ms="27153" status="FAIL">
          <params>
            <param index="0">
              <value>
                <![CDATA["To verify fields Mandatory Editable Type in Document Details"]]>
              </value>
            </param>
            <param index="1">
              <value>
                <![CDATA["Optional[Ijara App Data Entry Facility details]"]]>
              </value>
            </param>
          </params>
          <exception class="java.lang.AssertionError">
            <message>
              <![CDATA[Cannot invoke "org.openqa.selenium.WebElement.click()" because the return value of "helper.JavascriptHelper.executeScriptWithWebElement(String)" is null]]>
            </message>
            <full-stacktrace>
              <![CDATA[java.lang.AssertionError: Cannot invoke "org.openqa.selenium.WebElement.click()" because the return value of "helper.JavascriptHelper.executeScriptWithWebElement(String)" is null
at org.testng.Assert.fail(Assert.java:99)
at stepdefinitions.IjaraTest.login_with_valid_credentials17(IjaraTest.java:256)
at ✽.login with valid credentials17(file:///C:/Users/inindc00610/git/ULS_Jay1/ULS_Jay/src/test/java/features/Iijara_AppDataEntry_FacilityDetails.feature:37)
]]>
            </full-stacktrace>
          </exception> <!-- java.lang.AssertionError -->
          <reporter-output>
          </reporter-output>
        </test-method> <!-- runScenario -->
        <test-method is-config="true" signature="tearDownClass()[pri:0, instance:Runner.TestApplication@72cc7e6f]" started-at="2024-01-10T18:20:08 IST" name="tearDownClass" finished-at="2024-01-10T18:20:12 IST" duration-ms="3932" status="PASS">
          <reporter-output>
          </reporter-output>
        </test-method> <!-- tearDownClass -->
      </class> <!-- Runner.TestApplication -->
    </test> <!-- Default test -->
  </suite> <!-- Default suite -->
</testng-results>
