<?xml version="1.0" encoding="UTF-8"?>
<testng-results ignored="0" total="8" passed="8" failed="0" skipped="0">
  <reporter-output>
  </reporter-output>
  <suite started-at="2024-01-20T10:54:34 IST" name="Default suite" finished-at="2024-01-20T11:00:21 IST" duration-ms="346208">
    <groups>
      <group name="cucumber">
        <method signature="AbstractTestNGCucumberTests.runScenario(io.cucumber.testng.PickleWrapper,io.cucumber.testng.FeatureWrapper)[pri:0, instance:Runner.TestApplication@72cc7e6f]" name="runScenario" class="io.cucumber.testng.AbstractTestNGCucumberTests"/>
      </group> <!-- cucumber -->
    </groups>
    <test started-at="2024-01-20T10:54:34 IST" name="Default test" finished-at="2024-01-20T11:00:21 IST" duration-ms="346208">
      <class name="Runner.TestApplication">
        <test-method is-config="true" signature="setUpClass()[pri:0, instance:Runner.TestApplication@72cc7e6f]" started-at="2024-01-20T10:54:34 IST" name="setUpClass" finished-at="2024-01-20T10:54:36 IST" duration-ms="1379" status="PASS">
          <reporter-output>
          </reporter-output>
        </test-method> <!-- setUpClass -->
        <test-method signature="runScenario(io.cucumber.testng.PickleWrapper,io.cucumber.testng.FeatureWrapper)[pri:0, instance:Runner.TestApplication@72cc7e6f]" started-at="2024-01-20T10:54:36 IST" name="runScenario" description="Runs Cucumber Scenarios" data-provider="scenarios" finished-at="2024-01-20T10:55:23 IST" duration-ms="46847" status="PASS">
          <params>
            <param index="0">
              <value>
                <![CDATA["To verify that all fields are present in Customer Details"]]>
              </value>
            </param>
            <param index="1">
              <value>
                <![CDATA["Optional[Murabha App Data Entry Customer details]"]]>
              </value>
            </param>
          </params>
          <reporter-output>
          </reporter-output>
        </test-method> <!-- runScenario -->
        <test-method signature="runScenario(io.cucumber.testng.PickleWrapper,io.cucumber.testng.FeatureWrapper)[pri:0, instance:Runner.TestApplication@72cc7e6f]" started-at="2024-01-20T10:55:23 IST" name="runScenario" description="Runs Cucumber Scenarios" data-provider="scenarios" finished-at="2024-01-20T10:56:01 IST" duration-ms="38018" status="PASS">
          <params>
            <param index="0">
              <value>
                <![CDATA["To verify  fields Mandatory Editable Dropdown in Customer Details"]]>
              </value>
            </param>
            <param index="1">
              <value>
                <![CDATA["Optional[Murabha App Data Entry Customer details]"]]>
              </value>
            </param>
          </params>
          <reporter-output>
          </reporter-output>
        </test-method> <!-- runScenario -->
        <test-method signature="runScenario(io.cucumber.testng.PickleWrapper,io.cucumber.testng.FeatureWrapper)[pri:0, instance:Runner.TestApplication@72cc7e6f]" started-at="2024-01-20T10:56:01 IST" name="runScenario" description="Runs Cucumber Scenarios" data-provider="scenarios" finished-at="2024-01-20T10:56:33 IST" duration-ms="32336" status="PASS">
          <params>
            <param index="0">
              <value>
                <![CDATA["To verify  fields Mandatory Editable Dropdown in Customer Details"]]>
              </value>
            </param>
            <param index="1">
              <value>
                <![CDATA["Optional[Murabha App Data Entry Customer details]"]]>
              </value>
            </param>
          </params>
          <reporter-output>
          </reporter-output>
        </test-method> <!-- runScenario -->
        <test-method signature="runScenario(io.cucumber.testng.PickleWrapper,io.cucumber.testng.FeatureWrapper)[pri:0, instance:Runner.TestApplication@72cc7e6f]" started-at="2024-01-20T10:56:33 IST" name="runScenario" description="Runs Cucumber Scenarios" data-provider="scenarios" finished-at="2024-01-20T10:57:06 IST" duration-ms="32990" status="PASS">
          <params>
            <param index="0">
              <value>
                <![CDATA["To verify  fields Mandatory Editable Dropdown in Customer Details"]]>
              </value>
            </param>
            <param index="1">
              <value>
                <![CDATA["Optional[Murabha App Data Entry Customer details]"]]>
              </value>
            </param>
          </params>
          <reporter-output>
          </reporter-output>
        </test-method> <!-- runScenario -->
        <test-method signature="runScenario(io.cucumber.testng.PickleWrapper,io.cucumber.testng.FeatureWrapper)[pri:0, instance:Runner.TestApplication@72cc7e6f]" started-at="2024-01-20T10:57:06 IST" name="runScenario" description="Runs Cucumber Scenarios" data-provider="scenarios" finished-at="2024-01-20T10:57:43 IST" duration-ms="36709" status="PASS">
          <params>
            <param index="0">
              <value>
                <![CDATA["To verify  fields Mandatory Editable Dropdown in Customer Details"]]>
              </value>
            </param>
            <param index="1">
              <value>
                <![CDATA["Optional[Murabha App Data Entry Customer details]"]]>
              </value>
            </param>
          </params>
          <reporter-output>
          </reporter-output>
        </test-method> <!-- runScenario -->
        <test-method signature="runScenario(io.cucumber.testng.PickleWrapper,io.cucumber.testng.FeatureWrapper)[pri:0, instance:Runner.TestApplication@72cc7e6f]" started-at="2024-01-20T10:57:43 IST" name="runScenario" description="Runs Cucumber Scenarios" data-provider="scenarios" finished-at="2024-01-20T10:58:15 IST" duration-ms="32421" status="PASS">
          <params>
            <param index="0">
              <value>
                <![CDATA["To verify  fields Mandatory Editable Dropdown in Customer Details"]]>
              </value>
            </param>
            <param index="1">
              <value>
                <![CDATA["Optional[Murabha App Data Entry Customer details]"]]>
              </value>
            </param>
          </params>
          <reporter-output>
          </reporter-output>
        </test-method> <!-- runScenario -->
        <test-method signature="runScenario(io.cucumber.testng.PickleWrapper,io.cucumber.testng.FeatureWrapper)[pri:0, instance:Runner.TestApplication@72cc7e6f]" started-at="2024-01-20T10:58:15 IST" name="runScenario" description="Runs Cucumber Scenarios" data-provider="scenarios" finished-at="2024-01-20T10:58:43 IST" duration-ms="27374" status="PASS">
          <params>
            <param index="0">
              <value>
                <![CDATA["To verify  fields Mandatory Editable Dropdown in Customer Details"]]>
              </value>
            </param>
            <param index="1">
              <value>
                <![CDATA["Optional[Murabha App Data Entry Customer details]"]]>
              </value>
            </param>
          </params>
          <reporter-output>
          </reporter-output>
        </test-method> <!-- runScenario -->
        <test-method signature="runScenario(io.cucumber.testng.PickleWrapper,io.cucumber.testng.FeatureWrapper)[pri:0, instance:Runner.TestApplication@72cc7e6f]" started-at="2024-01-20T10:58:43 IST" name="runScenario" description="Runs Cucumber Scenarios" data-provider="scenarios" finished-at="2024-01-20T10:59:12 IST" duration-ms="29749" status="PASS">
          <params>
            <param index="0">
              <value>
                <![CDATA["To verify  fields Mandatory Editable Dropdown in Customer Details"]]>
              </value>
            </param>
            <param index="1">
              <value>
                <![CDATA["Optional[Murabha App Data Entry Customer details]"]]>
              </value>
            </param>
          </params>
          <reporter-output>
          </reporter-output>
        </test-method> <!-- runScenario -->
        <test-method is-config="true" signature="tearDownClass()[pri:0, instance:Runner.TestApplication@72cc7e6f]" started-at="2024-01-20T10:59:12 IST" name="tearDownClass" finished-at="2024-01-20T11:00:21 IST" duration-ms="68288" status="PASS">
          <reporter-output>
          </reporter-output>
        </test-method> <!-- tearDownClass -->
      </class> <!-- Runner.TestApplication -->
    </test> <!-- Default test -->
  </suite> <!-- Default suite -->
</testng-results>
