<?xml version="1.0" encoding="UTF-8"?>
<!-- Generated by org.testng.reporters.JUnitReportReporter -->
<testsuite hostname="AWS-PVDI-24" failures="1" tests="5" name="Runner.TestApplication" time="157.728" errors="0" timestamp="2023-11-28T17:48:28 IST" skipped="0">
  <testcase classname="Runner.TestApplication" name="runScenario" time="31.130"/>
  <system-out/>
  <testcase classname="Runner.TestApplication" name="runScenario" time="47.371"/>
  <system-out/>
  <testcase classname="Runner.TestApplication" name="runScenario" time="34.185">
    <failure message="javascript error: Cannot read properties of null (reading &#039;style&#039;)
  (Session info: chrome=119.0.6045.160)
Build info: version: &#039;4.11.0&#039;, revision: &#039;040bc5406b&#039;
System info: os.name: &#039;Windows 10&#039;, os.arch: &#039;amd64&#039;, os.version: &#039;10.0&#039;, java.version: &#039;16.0.2&#039;
Driver info: org.openqa.selenium.chrome.ChromeDriver
Command: [73705664fa3d3dfd4a8c62eab8ca0f38, executeScript {script=arguments[0].style.border=&#039;2px solid black&#039;, args=[null]}]
Capabilities {acceptInsecureCerts: false, browserName: chrome, browserVersion: 119.0.6045.160, chrome: {chromedriverVersion: 119.0.6045.105 (38c72552c5e..., userDataDir: C:\Users\ININDC~1\AppData\L...}, fedcm:accounts: true, goog:chromeOptions: {debuggerAddress: localhost:54204}, networkConnectionEnabled: false, pageLoadStrategy: normal, platformName: windows, proxy: Proxy(), se:cdp: ws://localhost:54204/devtoo..., se:cdpVersion: 119.0.6045.160, setWindowRect: true, strictFileInteractability: false, timeouts: {implicit: 0, pageLoad: 300000, script: 30000}, unhandledPromptBehavior: dismiss and notify, webauthn:extension:credBlob: true, webauthn:extension:largeBlob: true, webauthn:extension:minPinLength: true, webauthn:extension:prf: true, webauthn:virtualAuthenticators: true}
Session ID: 73705664fa3d3dfd4a8c62eab8ca0f38" type="java.lang.AssertionError">
      <![CDATA[java.lang.AssertionError: javascript error: Cannot read properties of null (reading 'style')
  (Session info: chrome=119.0.6045.160)
Build info: version: '4.11.0', revision: '040bc5406b'
System info: os.name: 'Windows 10', os.arch: 'amd64', os.version: '10.0', java.version: '16.0.2'
Driver info: org.openqa.selenium.chrome.ChromeDriver
Command: [73705664fa3d3dfd4a8c62eab8ca0f38, executeScript {script=arguments[0].style.border='2px solid black', args=[null]}]
Capabilities {acceptInsecureCerts: false, browserName: chrome, browserVersion: 119.0.6045.160, chrome: {chromedriverVersion: 119.0.6045.105 (38c72552c5e..., userDataDir: C:\Users\ININDC~1\AppData\L...}, fedcm:accounts: true, goog:chromeOptions: {debuggerAddress: localhost:54204}, networkConnectionEnabled: false, pageLoadStrategy: normal, platformName: windows, proxy: Proxy(), se:cdp: ws://localhost:54204/devtoo..., se:cdpVersion: 119.0.6045.160, setWindowRect: true, strictFileInteractability: false, timeouts: {implicit: 0, pageLoad: 300000, script: 30000}, unhandledPromptBehavior: dismiss and notify, webauthn:extension:credBlob: true, webauthn:extension:largeBlob: true, webauthn:extension:minPinLength: true, webauthn:extension:prf: true, webauthn:virtualAuthenticators: true}
Session ID: 73705664fa3d3dfd4a8c62eab8ca0f38
at org.junit.Assert.fail(Assert.java:88)
at stepdefinitions.IJARAH_Steps.user_verify_the_classification_dropdown_field_available_under_application_details_screen(IJARAH_Steps.java:7337)
at ✽.User_608 verify the Classification Dropdown field available under Application details screen(file:///C:/Users/inindc00608/git/KULS_Sankar/KULS_Sankar/src/test/java/features/Ijarah_DataCheck_ApplicationDetails.feature:94)
]]>
    </failure>
  </testcase> <!-- runScenario -->
  <system-out/>
  <testcase classname="Runner.TestApplication" name="runScenario" time="20.115"/>
  <system-out/>
  <testcase classname="Runner.TestApplication" name="runScenario" time="24.927"/>
  <system-out/>
</testsuite> <!-- Runner.TestApplication -->
