<?xml version="1.0" encoding="UTF-8"?>
<!-- Generated by org.testng.reporters.JUnitXMLReporter -->
<testsuite ignored="0" hostname="AWS-PVDI-8" failures="1" tests="1" name="Default test" time="38.629" errors="0" timestamp="2023-11-17T17:49:50 IST">
  <testcase classname="io.cucumber.testng.AbstractTestNGCucumberTests" name="runScenario" time="29.335">
    <failure type="java.lang.AssertionError" message="Eye button is not clicked">
      <![CDATA[java.lang.AssertionError: Eye button is not clicked
at org.junit.Assert.fail(Assert.java:88)
at stepdefinitions.Tawarraq_AppDataEntry_EmploymentDetails_Step.user_click_the_self_employed_professional_record_eye_button_under_employment_list_section_in_customer_financials_tab(Tawarraq_AppDataEntry_EmploymentDetails_Step.java:169)
at ✽.User_608 click the Self-Employed Professional record Eye button under Employment List section in Customer Financials tab(file:///C:/Users/ININDC00074/git/Arul_Ijarah/Ijarah_Arul/src/test/java/features/Tawarraq_AppDataEntry_EmploymentDetails.feature:19)
]]>
    </failure>
  </testcase> <!-- runScenario -->
</testsuite> <!-- Default test -->
