<?xml version="1.0" encoding="UTF-8"?>
<testng-results ignored="0" total="1" passed="0" failed="1" skipped="0">
  <reporter-output>
  </reporter-output>
  <suite started-at="2023-12-22T16:55:17 IST" name="Default suite" finished-at="2023-12-22T16:56:11 IST" duration-ms="53863">
    <groups>
      <group name="cucumber">
        <method signature="AbstractTestNGCucumberTests.runScenario(io.cucumber.testng.PickleWrapper,io.cucumber.testng.FeatureWrapper)[pri:0, instance:Runner.TestApplication@6e9a5ed8]" name="runScenario" class="io.cucumber.testng.AbstractTestNGCucumberTests"/>
      </group> <!-- cucumber -->
    </groups>
    <test started-at="2023-12-22T16:55:17 IST" name="Default test" finished-at="2023-12-22T16:56:11 IST" duration-ms="53863">
      <class name="Runner.TestApplication">
        <test-method is-config="true" signature="setUpClass()[pri:0, instance:Runner.TestApplication@6e9a5ed8]" started-at="2023-12-22T16:55:17 IST" name="setUpClass" finished-at="2023-12-22T16:55:19 IST" duration-ms="1513" status="PASS">
          <reporter-output>
          </reporter-output>
        </test-method> <!-- setUpClass -->
        <test-method signature="runScenario(io.cucumber.testng.PickleWrapper,io.cucumber.testng.FeatureWrapper)[pri:0, instance:Runner.TestApplication@6e9a5ed8]" started-at="2023-12-22T16:55:19 IST" name="runScenario" description="Runs Cucumber Scenarios" data-provider="scenarios" finished-at="2023-12-22T16:56:03 IST" duration-ms="43826" status="FAIL">
          <params>
            <param index="0">
              <value>
                <![CDATA["To test user can able to create the application details record with valid valid"]]>
              </value>
            </param>
            <param index="1">
              <value>
                <![CDATA["Optional[To test the murabha application details screen with murabha product]"]]>
              </value>
            </param>
          </params>
          <exception class="java.lang.NullPointerException">
            <message>
              <![CDATA[Cannot invoke "String.trim()" because "dropdownValue" is null]]>
            </message>
            <full-stacktrace>
              <![CDATA[java.lang.NullPointerException: Cannot invoke "String.trim()" because "dropdownValue" is null
at helper.ClicksAndActionsHelper.jsSelectUsingText(ClicksAndActionsHelper.java:161)
at stepdefinitions.ULS_ApplicationDetails_NewApp_Steps.user_076_in_customer_search_screen_select_the_customer_type(ULS_ApplicationDetails_NewApp_Steps.java:436)
at ✽.user_076 in customer search screen select the customer type(file:///C:/Users/ININDC00482/eclipse-workspace/ULS_Murabha_MainRepository/src/test/java/features/MurabhaFeatures/Murabaha_NewApp_ApplicationDetailsFEATURE.feature:14)
]]>
            </full-stacktrace>
          </exception> <!-- java.lang.NullPointerException -->
          <reporter-output>
          </reporter-output>
        </test-method> <!-- runScenario -->
        <test-method is-config="true" signature="tearDownClass()[pri:0, instance:Runner.TestApplication@6e9a5ed8]" started-at="2023-12-22T16:56:03 IST" name="tearDownClass" finished-at="2023-12-22T16:56:11 IST" duration-ms="8456" status="PASS">
          <reporter-output>
          </reporter-output>
        </test-method> <!-- tearDownClass -->
      </class> <!-- Runner.TestApplication -->
    </test> <!-- Default test -->
  </suite> <!-- Default suite -->
</testng-results>
