<?xml version="1.0" encoding="UTF-8"?>
<!-- Generated by org.testng.reporters.JUnitReportReporter -->
<testsuite hostname="AWS-PVDI-25" failures="0" tests="1" name="Runner.TestApplication" time="36.189" errors="1" timestamp="2023-11-23T14:53:25 IST" skipped="0">
  <testcase classname="Runner.TestApplication" name="runScenario" time="36.189">
    <error message="Cannot invoke &quot;String.trim()&quot; because the return value of &quot;java.util.Map.get(Object)&quot; is null" type="java.lang.NullPointerException">
      <![CDATA[java.lang.NullPointerException: Cannot invoke "String.trim()" because the return value of "java.util.Map.get(Object)" is null
at stepdefinitions.IjaraAppDataEntryCFIncome.user_select_the_salary_credited_to_bank_value_under_income_details_screen(IjaraAppDataEntryCFIncome.java:2869)
at ✽.User_608 select the Salary credited to Bank value under Income details screen(file:///C:/Users/inindc00607/git/ULS_Ijarah_1/Gowtham_ULS_New/src/test/java/features/IjaraAppDataEntryCFIncome.feature:32)
]]>
    </error>
  </testcase> <!-- runScenario -->
  <system-out/>
</testsuite> <!-- Runner.TestApplication -->
