<?xml version="1.0" encoding="UTF-8"?>
<!-- Generated by org.testng.reporters.JUnitReportReporter -->
<testsuite hostname="DESKTOP-PSK9T3U" failures="0" tests="1" name="Runner.TestApplication" time="17.099" errors="1" timestamp="2023-09-05T17:45:58 IST" skipped="0">
  <testcase classname="Runner.TestApplication" name="runScenario" time="17.099">
    <error message="Cannot invoke &quot;org.openqa.selenium.WebElement.click()&quot; because the return value of &quot;helper.JavascriptHelper.executeScriptWithWebElement(String)&quot; is null" type="java.lang.NullPointerException">
      <![CDATA[java.lang.NullPointerException: Cannot invoke "org.openqa.selenium.WebElement.click()" because the return value of "helper.JavascriptHelper.executeScriptWithWebElement(String)" is null
at stepdefinitions.IjaraLogin.loginWithIjaraApplication(IjaraLogin.java:29)
at stepdefinitions.IjaraTest.login_with_valid_credentials(IjaraTest.java:22)
at ✽.login with valid credentials(file:///C:/Users/ININDC00074/git/ULS_Ijarah/Gowtham_ULS_New/src/test/java/features/NewApplication.feature:60)
]]>
    </error>
  </testcase> <!-- runScenario -->
  <system-out/>
</testsuite> <!-- Runner.TestApplication -->
