<?xml version="1.0" encoding="UTF-8"?>
<testng-results ignored="0" total="1" passed="1" failed="0" skipped="0">
  <reporter-output>
  </reporter-output>
  <suite started-at="2024-02-06T18:43:01 IST" name="Default suite" finished-at="2024-02-06T19:54:14 IST" duration-ms="4273205">
    <groups>
    </groups>
    <test started-at="2024-02-06T18:43:01 IST" name="Default test" finished-at="2024-02-06T19:54:14 IST" duration-ms="4273205">
      <class name="runner.NewExcelTestRunner">
        <test-method is-config="true" signature="beforeTest()[pri:0, instance:runner.NewExcelTestRunner@2a76840c]" started-at="2024-02-06T18:43:01 IST" name="beforeTest" finished-at="2024-02-06T18:43:01 IST" duration-ms="22" status="PASS">
          <reporter-output>
          </reporter-output>
        </test-method> <!-- beforeTest -->
        <test-method signature="test()[pri:0, instance:runner.NewExcelTestRunner@2a76840c]" started-at="2024-02-06T18:43:01 IST" name="test" finished-at="2024-02-06T19:54:13 IST" duration-ms="4272415" status="PASS">
          <reporter-output>
          </reporter-output>
        </test-method> <!-- test -->
        <test-method is-config="true" signature="afterTest()[pri:0, instance:runner.NewExcelTestRunner@2a76840c]" started-at="2024-02-06T19:54:14 IST" name="afterTest" finished-at="2024-02-06T19:54:14 IST" duration-ms="674" status="PASS">
          <reporter-output>
          </reporter-output>
        </test-method> <!-- afterTest -->
      </class> <!-- runner.NewExcelTestRunner -->
    </test> <!-- Default test -->
  </suite> <!-- Default suite -->
</testng-results>
