<?xml version="1.0" encoding="UTF-8"?>
<testng-results ignored="0" total="1" passed="1" failed="0" skipped="0">
  <reporter-output>
  </reporter-output>
  <suite started-at="2024-02-06T12:41:47 IST" name="Suite" finished-at="2024-02-06T13:08:14 IST" duration-ms="1587104">
    <groups>
    </groups>
    <test started-at="2024-02-06T12:41:47 IST" name="ULS Test" finished-at="2024-02-06T13:08:14 IST" duration-ms="1587104">
      <class name="runner.NewExcelTestRunner">
        <test-method is-config="true" signature="beforeTest()[pri:0, instance:runner.NewExcelTestRunner@1852a3ff]" started-at="2024-02-06T12:41:47 IST" name="beforeTest" finished-at="2024-02-06T12:41:47 IST" duration-ms="14" status="PASS">
          <reporter-output>
          </reporter-output>
        </test-method> <!-- beforeTest -->
        <test-method signature="test()[pri:0, instance:runner.NewExcelTestRunner@1852a3ff]" started-at="2024-02-06T12:41:47 IST" name="test" finished-at="2024-02-06T13:08:14 IST" duration-ms="1586790" status="PASS">
          <reporter-output>
          </reporter-output>
        </test-method> <!-- test -->
        <test-method is-config="true" signature="afterTest()[pri:0, instance:runner.NewExcelTestRunner@1852a3ff]" started-at="2024-02-06T13:08:14 IST" name="afterTest" finished-at="2024-02-06T13:08:14 IST" duration-ms="252" status="PASS">
          <reporter-output>
          </reporter-output>
        </test-method> <!-- afterTest -->
      </class> <!-- runner.NewExcelTestRunner -->
    </test> <!-- ULS Test -->
  </suite> <!-- Suite -->
</testng-results>
