<?xml version="1.0" encoding="UTF-8"?>
<testng-results ignored="0" total="5" passed="5" failed="0" skipped="0">
  <reporter-output>
  </reporter-output>
  <suite started-at="2024-02-23T10:34:58 IST" name="Default suite" finished-at="2024-02-23T10:39:29 IST" duration-ms="271069">
    <groups>
      <group name="cucumber">
        <method signature="AbstractTestNGCucumberTests.runScenario(io.cucumber.testng.PickleWrapper,io.cucumber.testng.FeatureWrapper)[pri:0, instance:runner.TestApplication@343570b7]" name="runScenario" class="io.cucumber.testng.AbstractTestNGCucumberTests"/>
      </group> <!-- cucumber -->
    </groups>
    <test started-at="2024-02-23T10:34:58 IST" name="Default test" finished-at="2024-02-23T10:39:29 IST" duration-ms="271069">
      <class name="runner.TestApplication">
        <test-method is-config="true" signature="setUpClass()[pri:0, instance:runner.TestApplication@343570b7]" started-at="2024-02-23T10:34:58 IST" name="setUpClass" finished-at="2024-02-23T10:34:59 IST" duration-ms="715" status="PASS">
          <reporter-output>
          </reporter-output>
        </test-method> <!-- setUpClass -->
        <test-method signature="runScenario(io.cucumber.testng.PickleWrapper,io.cucumber.testng.FeatureWrapper)[pri:0, instance:runner.TestApplication@343570b7]" started-at="2024-02-23T10:34:59 IST" name="runScenario" description="Runs Cucumber Scenarios" data-provider="scenarios" finished-at="2024-02-23T10:35:59 IST" duration-ms="59773" status="PASS">
          <params>
            <param index="0">
              <value>
                <![CDATA["To verify drawdown sectionn should have facility detais and schedule details drawdown section and payment details section"]]>
              </value>
            </param>
            <param index="1">
              <value>
                <![CDATA["Optional[To test the drawdown details section in disbursment maker stage]"]]>
              </value>
            </param>
          </params>
          <reporter-output>
          </reporter-output>
        </test-method> <!-- runScenario -->
        <test-method signature="runScenario(io.cucumber.testng.PickleWrapper,io.cucumber.testng.FeatureWrapper)[pri:0, instance:runner.TestApplication@343570b7]" started-at="2024-02-23T10:35:59 IST" name="runScenario" description="Runs Cucumber Scenarios" data-provider="scenarios" finished-at="2024-02-23T10:36:44 IST" duration-ms="45476" status="PASS">
          <params>
            <param index="0">
              <value>
                <![CDATA["To verify in drawdown details section facility info section should have mentioned fields"]]>
              </value>
            </param>
            <param index="1">
              <value>
                <![CDATA["Optional[To test the drawdown details section in disbursment maker stage]"]]>
              </value>
            </param>
          </params>
          <reporter-output>
          </reporter-output>
        </test-method> <!-- runScenario -->
        <test-method signature="runScenario(io.cucumber.testng.PickleWrapper,io.cucumber.testng.FeatureWrapper)[pri:0, instance:runner.TestApplication@343570b7]" started-at="2024-02-23T10:36:44 IST" name="runScenario" description="Runs Cucumber Scenarios" data-provider="scenarios" finished-at="2024-02-23T10:37:23 IST" duration-ms="38320" status="PASS">
          <params>
            <param index="0">
              <value>
                <![CDATA["To verify schedule details should have mentioned list view fields that should be read only mode"]]>
              </value>
            </param>
            <param index="1">
              <value>
                <![CDATA["Optional[To test the drawdown details section in disbursment maker stage]"]]>
              </value>
            </param>
          </params>
          <reporter-output>
          </reporter-output>
        </test-method> <!-- runScenario -->
        <test-method signature="runScenario(io.cucumber.testng.PickleWrapper,io.cucumber.testng.FeatureWrapper)[pri:0, instance:runner.TestApplication@343570b7]" started-at="2024-02-23T10:37:23 IST" name="runScenario" description="Runs Cucumber Scenarios" data-provider="scenarios" finished-at="2024-02-23T10:38:02 IST" duration-ms="39155" status="PASS">
          <params>
            <param index="0">
              <value>
                <![CDATA["To verify payment details should have mentioned list view fields that should be read only mode"]]>
              </value>
            </param>
            <param index="1">
              <value>
                <![CDATA["Optional[To test the drawdown details section in disbursment maker stage]"]]>
              </value>
            </param>
          </params>
          <reporter-output>
          </reporter-output>
        </test-method> <!-- runScenario -->
        <test-method signature="runScenario(io.cucumber.testng.PickleWrapper,io.cucumber.testng.FeatureWrapper)[pri:0, instance:runner.TestApplication@343570b7]" started-at="2024-02-23T10:38:02 IST" name="runScenario" description="Runs Cucumber Scenarios" data-provider="scenarios" finished-at="2024-02-23T10:38:43 IST" duration-ms="41330" status="PASS">
          <params>
            <param index="0">
              <value>
                <![CDATA["To verify schedule details should have mentioned list view fields that should be read only mode"]]>
              </value>
            </param>
            <param index="1">
              <value>
                <![CDATA["Optional[To test the drawdown details section in disbursment maker stage]"]]>
              </value>
            </param>
          </params>
          <reporter-output>
          </reporter-output>
        </test-method> <!-- runScenario -->
        <test-method is-config="true" signature="tearDownClass()[pri:0, instance:runner.TestApplication@343570b7]" started-at="2024-02-23T10:38:43 IST" name="tearDownClass" finished-at="2024-02-23T10:39:29 IST" duration-ms="46235" status="PASS">
          <reporter-output>
          </reporter-output>
        </test-method> <!-- tearDownClass -->
      </class> <!-- runner.TestApplication -->
    </test> <!-- Default test -->
  </suite> <!-- Default suite -->
</testng-results>
