<?xml version="1.0" encoding="UTF-8"?>
<testng-results ignored="0" total="1" passed="1" failed="0" skipped="0">
  <reporter-output>
  </reporter-output>
  <suite started-at="2024-02-06T15:12:06 IST" name="Default suite" finished-at="2024-02-06T15:13:07 IST" duration-ms="60745">
    <groups>
      <group name="cucumber">
        <method signature="AbstractTestNGCucumberTests.runScenario(io.cucumber.testng.PickleWrapper,io.cucumber.testng.FeatureWrapper)[pri:0, instance:runner.TestApplication@4a83a74a]" name="runScenario" class="io.cucumber.testng.AbstractTestNGCucumberTests"/>
      </group> <!-- cucumber -->
    </groups>
    <test started-at="2024-02-06T15:12:06 IST" name="Default test" finished-at="2024-02-06T15:13:07 IST" duration-ms="60745">
      <class name="runner.TestApplication">
        <test-method is-config="true" signature="setUpClass()[pri:0, instance:runner.TestApplication@4a83a74a]" started-at="2024-02-06T15:12:06 IST" name="setUpClass" finished-at="2024-02-06T15:12:07 IST" duration-ms="1087" status="PASS">
          <reporter-output>
          </reporter-output>
        </test-method> <!-- setUpClass -->
        <test-method signature="runScenario(io.cucumber.testng.PickleWrapper,io.cucumber.testng.FeatureWrapper)[pri:0, instance:runner.TestApplication@4a83a74a]" started-at="2024-02-06T15:12:07 IST" name="runScenario" description="Runs Cucumber Scenarios" data-provider="scenarios" finished-at="2024-02-06T15:12:54 IST" duration-ms="46706" status="PASS">
          <params>
            <param index="0">
              <value>
                <![CDATA["To check underwriter user can add new record in recommendation/sanction condition screen"]]>
              </value>
            </param>
            <param index="1">
              <value>
                <![CDATA["Optional[To check the Auto Loan -- Underwriter L1 stage]"]]>
              </value>
            </param>
          </params>
          <reporter-output>
          </reporter-output>
        </test-method> <!-- runScenario -->
        <test-method is-config="true" signature="tearDownClass()[pri:0, instance:runner.TestApplication@4a83a74a]" started-at="2024-02-06T15:12:54 IST" name="tearDownClass" finished-at="2024-02-06T15:13:07 IST" duration-ms="12895" status="PASS">
          <reporter-output>
          </reporter-output>
        </test-method> <!-- tearDownClass -->
      </class> <!-- runner.TestApplication -->
    </test> <!-- Default test -->
  </suite> <!-- Default suite -->
</testng-results>
