<?xml version="1.0" encoding="UTF-8"?>
<testng-results ignored="0" total="1" passed="1" failed="0" skipped="0">
  <reporter-output>
  </reporter-output>
  <suite started-at="2024-02-14T17:39:40 IST" name="Default suite" finished-at="2024-02-14T17:41:21 IST" duration-ms="100857">
    <groups>
      <group name="cucumber">
        <method signature="AbstractTestNGCucumberTests.runScenario(io.cucumber.testng.PickleWrapper,io.cucumber.testng.FeatureWrapper)[pri:0, instance:runner.TestApplication@202b0582]" name="runScenario" class="io.cucumber.testng.AbstractTestNGCucumberTests"/>
      </group> <!-- cucumber -->
    </groups>
    <test started-at="2024-02-14T17:39:40 IST" name="Default test" finished-at="2024-02-14T17:41:21 IST" duration-ms="100857">
      <class name="runner.TestApplication">
        <test-method is-config="true" signature="setUpClass()[pri:0, instance:runner.TestApplication@202b0582]" started-at="2024-02-14T17:39:40 IST" name="setUpClass" finished-at="2024-02-14T17:39:41 IST" duration-ms="1052" status="PASS">
          <reporter-output>
          </reporter-output>
        </test-method> <!-- setUpClass -->
        <test-method signature="runScenario(io.cucumber.testng.PickleWrapper,io.cucumber.testng.FeatureWrapper)[pri:0, instance:runner.TestApplication@202b0582]" started-at="2024-02-14T17:39:41 IST" name="runScenario" description="Runs Cucumber Scenarios" data-provider="scenarios" finished-at="2024-02-14T17:40:57 IST" duration-ms="75576" status="PASS">
          <params>
            <param index="0">
              <value>
                <![CDATA["verify the field"]]>
              </value>
            </param>
            <param index="1">
              <value>
                <![CDATA["Optional[AutoLoan AppData Entry Customer Details]"]]>
              </value>
            </param>
          </params>
          <reporter-output>
          </reporter-output>
        </test-method> <!-- runScenario -->
        <test-method is-config="true" signature="tearDownClass()[pri:0, instance:runner.TestApplication@202b0582]" started-at="2024-02-14T17:40:57 IST" name="tearDownClass" finished-at="2024-02-14T17:41:21 IST" duration-ms="24183" status="PASS">
          <reporter-output>
          </reporter-output>
        </test-method> <!-- tearDownClass -->
      </class> <!-- runner.TestApplication -->
    </test> <!-- Default test -->
  </suite> <!-- Default suite -->
</testng-results>
