<?xml version="1.0" encoding="UTF-8"?>
<testng-results ignored="0" total="1" passed="1" failed="0" skipped="0">
  <reporter-output>
  </reporter-output>
  <suite started-at="2024-02-07T11:42:46 IST" name="Default suite" finished-at="2024-02-07T11:44:12 IST" duration-ms="86489">
    <groups>
      <group name="cucumber">
        <method signature="AbstractTestNGCucumberTests.runScenario(io.cucumber.testng.PickleWrapper,io.cucumber.testng.FeatureWrapper)[pri:0, instance:runner.TestApplication@343570b7]" name="runScenario" class="io.cucumber.testng.AbstractTestNGCucumberTests"/>
      </group> <!-- cucumber -->
    </groups>
    <test started-at="2024-02-07T11:42:46 IST" name="Default test" finished-at="2024-02-07T11:44:12 IST" duration-ms="86489">
      <class name="runner.TestApplication">
        <test-method is-config="true" signature="setUpClass()[pri:0, instance:runner.TestApplication@343570b7]" started-at="2024-02-07T11:42:46 IST" name="setUpClass" finished-at="2024-02-07T11:42:47 IST" duration-ms="805" status="PASS">
          <reporter-output>
          </reporter-output>
        </test-method> <!-- setUpClass -->
        <test-method signature="runScenario(io.cucumber.testng.PickleWrapper,io.cucumber.testng.FeatureWrapper)[pri:0, instance:runner.TestApplication@343570b7]" started-at="2024-02-07T11:42:47 IST" name="runScenario" description="Runs Cucumber Scenarios" data-provider="scenarios" finished-at="2024-02-07T11:43:51 IST" duration-ms="64316" status="PASS">
          <params>
            <param index="0">
              <value>
                <![CDATA["Creation of Customer Dept record - Customer Debt screen should get open with all valid fields in proper format with below mention buttons"]]>
              </value>
            </param>
            <param index="1">
              <value>
                <![CDATA["Optional[To check the Auto Loan - App Data Entry stage -> Customer Financial tab -> Financial Commitments/Customer Debt screen]"]]>
              </value>
            </param>
          </params>
          <reporter-output>
          </reporter-output>
        </test-method> <!-- runScenario -->
        <test-method is-config="true" signature="tearDownClass()[pri:0, instance:runner.TestApplication@343570b7]" started-at="2024-02-07T11:43:51 IST" name="tearDownClass" finished-at="2024-02-07T11:44:12 IST" duration-ms="21323" status="PASS">
          <reporter-output>
          </reporter-output>
        </test-method> <!-- tearDownClass -->
      </class> <!-- runner.TestApplication -->
    </test> <!-- Default test -->
  </suite> <!-- Default suite -->
</testng-results>
