<?xml version="1.0" encoding="UTF-8"?>
<testng-results ignored="0" total="7" passed="6" failed="1" skipped="0">
  <reporter-output>
  </reporter-output>
  <suite started-at="2024-02-12T09:57:40 IST" name="Default suite" finished-at="2024-02-12T10:06:12 IST" duration-ms="511894">
    <groups>
      <group name="cucumber">
        <method signature="AbstractTestNGCucumberTests.runScenario(io.cucumber.testng.PickleWrapper,io.cucumber.testng.FeatureWrapper)[pri:0, instance:runner.TestApplication@4a83a74a]" name="runScenario" class="io.cucumber.testng.AbstractTestNGCucumberTests"/>
      </group> <!-- cucumber -->
    </groups>
    <test started-at="2024-02-12T09:57:40 IST" name="Default test" finished-at="2024-02-12T10:06:12 IST" duration-ms="511894">
      <class name="runner.TestApplication">
        <test-method is-config="true" signature="setUpClass()[pri:0, instance:runner.TestApplication@4a83a74a]" started-at="2024-02-12T09:57:40 IST" name="setUpClass" finished-at="2024-02-12T09:57:41 IST" duration-ms="914" status="PASS">
          <reporter-output>
          </reporter-output>
        </test-method> <!-- setUpClass -->
        <test-method signature="runScenario(io.cucumber.testng.PickleWrapper,io.cucumber.testng.FeatureWrapper)[pri:0, instance:runner.TestApplication@4a83a74a]" started-at="2024-02-12T09:57:41 IST" name="runScenario" description="Runs Cucumber Scenarios" data-provider="scenarios" finished-at="2024-02-12T09:58:44 IST" duration-ms="62440" status="PASS">
          <params>
            <param index="0">
              <value>
                <![CDATA["To verify that user can able to add a record in Identification tab"]]>
              </value>
            </param>
            <param index="1">
              <value>
                <![CDATA["Optional[To check the Autoloan_Identification feature]"]]>
              </value>
            </param>
          </params>
          <reporter-output>
          </reporter-output>
        </test-method> <!-- runScenario -->
        <test-method signature="runScenario(io.cucumber.testng.PickleWrapper,io.cucumber.testng.FeatureWrapper)[pri:0, instance:runner.TestApplication@4a83a74a]" started-at="2024-02-12T09:58:44 IST" name="runScenario" description="Runs Cucumber Scenarios" data-provider="scenarios" finished-at="2024-02-12T09:59:25 IST" duration-ms="40800" status="PASS">
          <params>
            <param index="0">
              <value>
                <![CDATA["To verify that user can able to add a record with negative validation in Identification tab"]]>
              </value>
            </param>
            <param index="1">
              <value>
                <![CDATA["Optional[To check the Autoloan_Identification feature]"]]>
              </value>
            </param>
          </params>
          <reporter-output>
          </reporter-output>
        </test-method> <!-- runScenario -->
        <test-method signature="runScenario(io.cucumber.testng.PickleWrapper,io.cucumber.testng.FeatureWrapper)[pri:0, instance:runner.TestApplication@4a83a74a]" started-at="2024-02-12T09:59:25 IST" name="runScenario" description="Runs Cucumber Scenarios" data-provider="scenarios" finished-at="2024-02-12T10:00:07 IST" duration-ms="42743" status="PASS">
          <params>
            <param index="0">
              <value>
                <![CDATA["To verify that user can able to update a record in Identification tab"]]>
              </value>
            </param>
            <param index="1">
              <value>
                <![CDATA["Optional[To check the Autoloan_Identification feature]"]]>
              </value>
            </param>
          </params>
          <reporter-output>
          </reporter-output>
        </test-method> <!-- runScenario -->
        <test-method signature="runScenario(io.cucumber.testng.PickleWrapper,io.cucumber.testng.FeatureWrapper)[pri:0, instance:runner.TestApplication@4a83a74a]" started-at="2024-02-12T10:00:07 IST" name="runScenario" description="Runs Cucumber Scenarios" data-provider="scenarios" finished-at="2024-02-12T10:00:50 IST" duration-ms="43011" status="PASS">
          <params>
            <param index="0">
              <value>
                <![CDATA["To verify that user can able to update a record with negative validation in Identification tab"]]>
              </value>
            </param>
            <param index="1">
              <value>
                <![CDATA["Optional[To check the Autoloan_Identification feature]"]]>
              </value>
            </param>
          </params>
          <reporter-output>
          </reporter-output>
        </test-method> <!-- runScenario -->
        <test-method signature="runScenario(io.cucumber.testng.PickleWrapper,io.cucumber.testng.FeatureWrapper)[pri:0, instance:runner.TestApplication@4a83a74a]" started-at="2024-02-12T10:00:50 IST" name="runScenario" description="Runs Cucumber Scenarios" data-provider="scenarios" finished-at="2024-02-12T10:02:46 IST" duration-ms="115619" status="FAIL">
          <params>
            <param index="0">
              <value>
                <![CDATA["To verify that user can able to update a status of record in Identification tab"]]>
              </value>
            </param>
            <param index="1">
              <value>
                <![CDATA["Optional[To check the Autoloan_Identification feature]"]]>
              </value>
            </param>
          </params>
          <exception class="java.lang.AssertionError">
            <message>
              <![CDATA[element click intercepted: Element <button _ngcontent-ykk-c530="" tooltipposition="top" pbutton="" pripple="" type="button" icon="pi pi-pencil" class="p-element p-button-sm p-button-info p-button-raised p-button p-component p-button-icon-only ng-star-inserted" ng-reflect-icon="pi pi-pencil" ng-reflect-tooltip-position="top" ng-reflect-text="Edit">...</button> is not clickable at point (132, 351). Other element would receive the click: <button _ngcontent-ykk-c530="" tooltipposition="top" pbutton="" pripple="" type="button" icon="pi pi-pencil" class="p-element p-button-sm p-button-info p-button-raised p-button p-component p-button-icon-only ng-star-inserted" ng-reflect-icon="pi pi-pencil" ng-reflect-tooltip-position="top" ng-reflect-text="Edit">...</button>
  (Session info: chrome=121.0.6167.161)
Build info: version: '4.11.0', revision: '040bc5406b'
System info: os.name: 'Windows 10', os.arch: 'amd64', os.version: '10.0', java.version: '16.0.2'
Driver info: org.openqa.selenium.chrome.ChromeDriver
Command: [004b3fce9f1f10e7b984a1298b30920a, clickElement {id=A8932B571C2C375A8A84013B9377328F_element_179}]
Capabilities {acceptInsecureCerts: false, browserName: chrome, browserVersion: 121.0.6167.161, chrome: {chromedriverVersion: 121.0.6167.85 (3f98d690ad7e..., userDataDir: C:\Users\ININDC~1\AppData\L...}, fedcm:accounts: true, goog:chromeOptions: {debuggerAddress: localhost:56241}, networkConnectionEnabled: false, pageLoadStrategy: normal, platformName: windows, proxy: Proxy(), se:cdp: ws://localhost:56241/devtoo..., se:cdpVersion: 121.0.6167.161, setWindowRect: true, strictFileInteractability: false, timeouts: {implicit: 0, pageLoad: 300000, script: 30000}, unhandledPromptBehavior: dismiss and notify, webauthn:extension:credBlob: true, webauthn:extension:largeBlob: true, webauthn:extension:minPinLength: true, webauthn:extension:prf: true, webauthn:virtualAuthenticators: true}
Element: [org.openqa.selenium.remote.RemoteWebElement@6e3f863 -> unknown locator]
Session ID: 004b3fce9f1f10e7b984a1298b30920a]]>
            </message>
            <full-stacktrace>
              <![CDATA[java.lang.AssertionError: element click intercepted: Element <button _ngcontent-ykk-c530="" tooltipposition="top" pbutton="" pripple="" type="button" icon="pi pi-pencil" class="p-element p-button-sm p-button-info p-button-raised p-button p-component p-button-icon-only ng-star-inserted" ng-reflect-icon="pi pi-pencil" ng-reflect-tooltip-position="top" ng-reflect-text="Edit">...</button> is not clickable at point (132, 351). Other element would receive the click: <button _ngcontent-ykk-c530="" tooltipposition="top" pbutton="" pripple="" type="button" icon="pi pi-pencil" class="p-element p-button-sm p-button-info p-button-raised p-button p-component p-button-icon-only ng-star-inserted" ng-reflect-icon="pi pi-pencil" ng-reflect-tooltip-position="top" ng-reflect-text="Edit">...</button>
  (Session info: chrome=121.0.6167.161)
Build info: version: '4.11.0', revision: '040bc5406b'
System info: os.name: 'Windows 10', os.arch: 'amd64', os.version: '10.0', java.version: '16.0.2'
Driver info: org.openqa.selenium.chrome.ChromeDriver
Command: [004b3fce9f1f10e7b984a1298b30920a, clickElement {id=A8932B571C2C375A8A84013B9377328F_element_179}]
Capabilities {acceptInsecureCerts: false, browserName: chrome, browserVersion: 121.0.6167.161, chrome: {chromedriverVersion: 121.0.6167.85 (3f98d690ad7e..., userDataDir: C:\Users\ININDC~1\AppData\L...}, fedcm:accounts: true, goog:chromeOptions: {debuggerAddress: localhost:56241}, networkConnectionEnabled: false, pageLoadStrategy: normal, platformName: windows, proxy: Proxy(), se:cdp: ws://localhost:56241/devtoo..., se:cdpVersion: 121.0.6167.161, setWindowRect: true, strictFileInteractability: false, timeouts: {implicit: 0, pageLoad: 300000, script: 30000}, unhandledPromptBehavior: dismiss and notify, webauthn:extension:credBlob: true, webauthn:extension:largeBlob: true, webauthn:extension:minPinLength: true, webauthn:extension:prf: true, webauthn:virtualAuthenticators: true}
Element: [org.openqa.selenium.remote.RemoteWebElement@6e3f863 -> unknown locator]
Session ID: 004b3fce9f1f10e7b984a1298b30920a
at org.testng.Assert.fail(Assert.java:99)
at stepdefinitions.AutoLoan_AppDataEntry_IdentificationDetails_Step074.user_074_click_on_edit_icon_of_existing_record_in_autoloan_identification_details(AutoLoan_AppDataEntry_IdentificationDetails_Step074.java:594)
at âœ½.User_074 Click on Edit icon of existing record in Autoloan_Identification details(file:///C:/Users/inindc00604/git/ULS_IjarahAutoLoanMaster/AzentioAutomationFramework_AutoLoan/src/test/java/features/autoloan/AutoLoan_AppDataEntry_Identification.feature:99)
]]>
            </full-stacktrace>
          </exception> <!-- java.lang.AssertionError -->
          <reporter-output>
          </reporter-output>
        </test-method> <!-- runScenario -->
        <test-method signature="runScenario(io.cucumber.testng.PickleWrapper,io.cucumber.testng.FeatureWrapper)[pri:0, instance:runner.TestApplication@4a83a74a]" started-at="2024-02-12T10:02:46 IST" name="runScenario" description="Runs Cucumber Scenarios" data-provider="scenarios" finished-at="2024-02-12T10:03:31 IST" duration-ms="44516" status="PASS">
          <params>
            <param index="0">
              <value>
                <![CDATA["To verify that fields are displayed in Identification details view list"]]>
              </value>
            </param>
            <param index="1">
              <value>
                <![CDATA["Optional[To check the Autoloan_Identification feature]"]]>
              </value>
            </param>
          </params>
          <reporter-output>
          </reporter-output>
        </test-method> <!-- runScenario -->
        <test-method signature="runScenario(io.cucumber.testng.PickleWrapper,io.cucumber.testng.FeatureWrapper)[pri:0, instance:runner.TestApplication@4a83a74a]" started-at="2024-02-12T10:03:31 IST" name="runScenario" description="Runs Cucumber Scenarios" data-provider="scenarios" finished-at="2024-02-12T10:04:25 IST" duration-ms="54772" status="PASS">
          <params>
            <param index="0">
              <value>
                <![CDATA["To verify the search criteria and export functionality in Identification details view list"]]>
              </value>
            </param>
            <param index="1">
              <value>
                <![CDATA["Optional[To check the Autoloan_Identification feature]"]]>
              </value>
            </param>
          </params>
          <reporter-output>
          </reporter-output>
        </test-method> <!-- runScenario -->
        <test-method is-config="true" signature="tearDownClass()[pri:0, instance:runner.TestApplication@4a83a74a]" started-at="2024-02-12T10:04:25 IST" name="tearDownClass" finished-at="2024-02-12T10:06:12 IST" duration-ms="106988" status="PASS">
          <reporter-output>
          </reporter-output>
        </test-method> <!-- tearDownClass -->
      </class> <!-- runner.TestApplication -->
    </test> <!-- Default test -->
  </suite> <!-- Default suite -->
</testng-results>
