<?xml version="1.0" encoding="UTF-8"?>
<!-- Generated by org.testng.reporters.JUnitXMLReporter -->
<testsuite ignored="0" hostname="AWS-PVDI-24" failures="1" tests="1" name="Default test" time="111.681" errors="0" timestamp="2024-02-06T18:04:30 IST">
  <testcase classname="io.cucumber.testng.AbstractTestNGCucumberTests" name="runScenario" time="95.72">
    <failure type="java.lang.AssertionError" message="Cannot invoke &amp;quot;Object.toString()&amp;quot; because the return value of &amp;quot;helper.JavascriptHelper.executeScript(String)&amp;quot; is null">
      <![CDATA[java.lang.AssertionError: Cannot invoke "Object.toString()" because the return value of "helper.JavascriptHelper.executeScript(String)" is null
at org.junit.Assert.fail(Assert.java:88)
at stepdefinitions.AutoLoan_Steps.user_608_click_the_update_button_with_valid_data_in_customer_debt_screen(AutoLoan_Steps.java:10580)
at ✽.User_608 click the Update button with valid data in Customer Debt screen(file:///C:/Users/inindc00608/git/ULS_Ijarah_AutoLoanMaster/AzentioAutomationFramework_AutoLoan/src/test/java/features/autoloan/AL_AppData_FinancialCommitments.feature:196)
]]>
    </failure>
  </testcase> <!-- runScenario -->
</testsuite> <!-- Default test -->
