<?xml version="1.0" encoding="UTF-8"?>
<!-- Generated by org.testng.reporters.JUnitReportReporter -->
<testsuite hostname="AWS-PVDI-8" failures="1" tests="1" name="Runner.TestApplication" time="52.325" errors="0" timestamp="2024-01-24T11:44:49 IST" skipped="0">
  <testcase classname="Runner.TestApplication" name="runScenario" time="52.325">
    <failure message="Cannot invoke &quot;org.openqa.selenium.WebElement.isDisplayed()&quot; because the return value of &quot;helper.JavascriptHelper.executeScriptWithWebElement(String)&quot; is null" type="java.lang.AssertionError">
      <![CDATA[java.lang.AssertionError: Cannot invoke "org.openqa.selenium.WebElement.isDisplayed()" because the return value of "helper.JavascriptHelper.executeScriptWithWebElement(String)" is null
at org.junit.Assert.fail(Assert.java:88)
at stepdefinitions.IjaraLogin.loginWithIjaraApplication(IjaraLogin.java:72)
at stepdefinitions.IjaraTest.login_with_valid_credentials_for_murabha_data_check_customer_debt(IjaraTest.java:88)
at ✽.login with valid credentials for Murabha data check_Customer Debt(file:///C:/Users/ININDC00074/git/ULS_Ijarah_Arul/Ijarah_Arul/src/test/java/features/Murabha_AppDataCheck_CustomerDebt.feature:6)
]]>
    </failure>
  </testcase> <!-- runScenario -->
  <system-out/>
</testsuite> <!-- Runner.TestApplication -->
