<?xml version="1.0" encoding="UTF-8"?>
<!-- Generated by org.testng.reporters.JUnitReportReporter -->
<testsuite hostname="PSK9T3U-DESKTOP" failures="1" tests="1" name="Runner.TestApplication" time="196.425" errors="0" timestamp="2023-12-14T13:05:23 IST" skipped="0">
  <testcase classname="Runner.TestApplication" name="runScenario" time="196.425">
    <failure message="element click intercepted: Element &lt;ion-select _ngcontent-txh-c224=&quot;&quot; interface=&quot;popover&quot; mode=&quot;ios&quot; value=&quot;mod&quot; tooltipposition=&quot;bottom&quot; class=&quot;p-element ng-untouched ng-pristine ios in-item select-disabled hydrated ion-untouched ion-pristine&quot; ng-reflect-interface=&quot;popover&quot; ng-reflect-mode=&quot;ios&quot; ng-reflect-value=&quot;mod&quot; ng-reflect-tooltip-position=&quot;bottom&quot; ng-reflect-text=&quot;Module name&quot; ng-reflect-disabled=&quot;true&quot; ng-reflect-is-disabled=&quot;true&quot; ng-reflect-model=&quot;0&quot; role=&quot;button&quot; aria-haspopup=&quot;listbox&quot; aria-disabled=&quot;true&quot; aria-label=&quot;No Module Mapped&quot;&gt;...&lt;/ion-select&gt; is not clickable at point (1701, 29). Other element would receive the click: &lt;ion-list _ngcontent-txh-c224=&quot;&quot; class=&quot;p-0 md list-md hydrated&quot; ng-reflect-dir=&quot;ltr&quot; dir=&quot;ltr&quot; role=&quot;list&quot;&gt;...&lt;/ion-list&gt;
  (Session info: chrome=120.0.6099.71)
Build info: version: &#039;4.11.0&#039;, revision: &#039;040bc5406b&#039;
System info: os.name: &#039;Windows 10&#039;, os.arch: &#039;amd64&#039;, os.version: &#039;10.0&#039;, java.version: &#039;16.0.2&#039;
Driver info: org.openqa.selenium.chrome.ChromeDriver
Command: [fa3f433c25b634596436a8736299fae6, clickElement {id=7132FC56A05AC2E9A53F538EBB825DA2_element_25}]
Capabilities {acceptInsecureCerts: false, browserName: chrome, browserVersion: 120.0.6099.71, chrome: {chromedriverVersion: 120.0.6099.71 (9729082fe617..., userDataDir: C:\Users\ININDC~1\AppData\L...}, fedcm:accounts: true, goog:chromeOptions: {debuggerAddress: localhost:61785}, networkConnectionEnabled: false, pageLoadStrategy: normal, platformName: windows, proxy: Proxy(), se:cdp: ws://localhost:61785/devtoo..., se:cdpVersion: 120.0.6099.71, setWindowRect: true, strictFileInteractability: false, timeouts: {implicit: 0, pageLoad: 300000, script: 30000}, unhandledPromptBehavior: dismiss and notify, webauthn:extension:credBlob: true, webauthn:extension:largeBlob: true, webauthn:extension:minPinLength: true, webauthn:extension:prf: true, webauthn:virtualAuthenticators: true}
Element: [org.openqa.selenium.remote.RemoteWebElement@44143604 -&gt; unknown locator]
Session ID: fa3f433c25b634596436a8736299fae6" type="java.lang.AssertionError">
      <![CDATA[java.lang.AssertionError: element click intercepted: Element <ion-select _ngcontent-txh-c224="" interface="popover" mode="ios" value="mod" tooltipposition="bottom" class="p-element ng-untouched ng-pristine ios in-item select-disabled hydrated ion-untouched ion-pristine" ng-reflect-interface="popover" ng-reflect-mode="ios" ng-reflect-value="mod" ng-reflect-tooltip-position="bottom" ng-reflect-text="Module name" ng-reflect-disabled="true" ng-reflect-is-disabled="true" ng-reflect-model="0" role="button" aria-haspopup="listbox" aria-disabled="true" aria-label="No Module Mapped">...</ion-select> is not clickable at point (1701, 29). Other element would receive the click: <ion-list _ngcontent-txh-c224="" class="p-0 md list-md hydrated" ng-reflect-dir="ltr" dir="ltr" role="list">...</ion-list>
  (Session info: chrome=120.0.6099.71)
Build info: version: '4.11.0', revision: '040bc5406b'
System info: os.name: 'Windows 10', os.arch: 'amd64', os.version: '10.0', java.version: '16.0.2'
Driver info: org.openqa.selenium.chrome.ChromeDriver
Command: [fa3f433c25b634596436a8736299fae6, clickElement {id=7132FC56A05AC2E9A53F538EBB825DA2_element_25}]
Capabilities {acceptInsecureCerts: false, browserName: chrome, browserVersion: 120.0.6099.71, chrome: {chromedriverVersion: 120.0.6099.71 (9729082fe617..., userDataDir: C:\Users\ININDC~1\AppData\L...}, fedcm:accounts: true, goog:chromeOptions: {debuggerAddress: localhost:61785}, networkConnectionEnabled: false, pageLoadStrategy: normal, platformName: windows, proxy: Proxy(), se:cdp: ws://localhost:61785/devtoo..., se:cdpVersion: 120.0.6099.71, setWindowRect: true, strictFileInteractability: false, timeouts: {implicit: 0, pageLoad: 300000, script: 30000}, unhandledPromptBehavior: dismiss and notify, webauthn:extension:credBlob: true, webauthn:extension:largeBlob: true, webauthn:extension:minPinLength: true, webauthn:extension:prf: true, webauthn:virtualAuthenticators: true}
Element: [org.openqa.selenium.remote.RemoteWebElement@44143604 -> unknown locator]
Session ID: fa3f433c25b634596436a8736299fae6
at org.junit.Assert.fail(Assert.java:88)
at stepdefinitions.IjaraAddressDetailsSteps.click_on_module_dropdown_in_ijrarah(IjaraAddressDetailsSteps.java:131)
at ✽.click on module dropdown in IJRARAH(file:///C:/Users/ININDC00482/git/ULS_Ijarah4/AzentioAutomationFramework_ULSMainRepository/src/test/java/features/IjarahFeatures/Ijarah_APPDATAENTRY_AssetDetailsFEATURE.feature:7)
]]>
    </failure>
  </testcase> <!-- runScenario -->
  <system-out/>
</testsuite> <!-- Runner.TestApplication -->
