<?xml version="1.0" encoding="UTF-8"?>
<testng-results ignored="0" total="1" passed="1" failed="0" skipped="0">
  <reporter-output>
  </reporter-output>
  <suite started-at="2024-01-02T12:18:08 IST" name="Default suite" finished-at="2024-01-02T12:18:52 IST" duration-ms="43258">
    <groups>
      <group name="cucumber">
        <method signature="AbstractTestNGCucumberTests.runScenario(io.cucumber.testng.PickleWrapper,io.cucumber.testng.FeatureWrapper)[pri:0, instance:Runner.TestApplication@7bba5817]" name="runScenario" class="io.cucumber.testng.AbstractTestNGCucumberTests"/>
      </group> <!-- cucumber -->
    </groups>
    <test started-at="2024-01-02T12:18:08 IST" name="Default test" finished-at="2024-01-02T12:18:52 IST" duration-ms="43258">
      <class name="Runner.TestApplication">
        <test-method is-config="true" signature="setUpClass()[pri:0, instance:Runner.TestApplication@7bba5817]" started-at="2024-01-02T12:18:08 IST" name="setUpClass" finished-at="2024-01-02T12:18:09 IST" duration-ms="866" status="PASS">
          <reporter-output>
          </reporter-output>
        </test-method> <!-- setUpClass -->
        <test-method signature="runScenario(io.cucumber.testng.PickleWrapper,io.cucumber.testng.FeatureWrapper)[pri:0, instance:Runner.TestApplication@7bba5817]" started-at="2024-01-02T12:18:09 IST" name="runScenario" description="Runs Cucumber Scenarios" data-provider="scenarios" finished-at="2024-01-02T12:18:43 IST" duration-ms="33553" status="PASS">
          <params>
            <param index="0">
              <value>
                <![CDATA["To verify that user can able to update the record with negative validation in Autoloan_Employment details view list"]]>
              </value>
            </param>
            <param index="1">
              <value>
                <![CDATA["Optional[To check the Autoloan_Repayment mode feature]"]]>
              </value>
            </param>
          </params>
          <reporter-output>
          </reporter-output>
        </test-method> <!-- runScenario -->
        <test-method is-config="true" signature="tearDownClass()[pri:0, instance:Runner.TestApplication@7bba5817]" started-at="2024-01-02T12:18:43 IST" name="tearDownClass" finished-at="2024-01-02T12:18:52 IST" duration-ms="8798" status="PASS">
          <reporter-output>
          </reporter-output>
        </test-method> <!-- tearDownClass -->
      </class> <!-- Runner.TestApplication -->
    </test> <!-- Default test -->
  </suite> <!-- Default suite -->
</testng-results>
