<?xml version="1.0" encoding="UTF-8"?>
<testng-results ignored="0" total="1" passed="1" failed="0" skipped="0">
  <reporter-output>
  </reporter-output>
  <suite started-at="2024-02-29T15:43:59 IST" name="Default suite" finished-at="2024-02-29T15:47:25 IST" duration-ms="205477">
    <groups>
    </groups>
    <test started-at="2024-02-29T15:43:59 IST" name="Default test" finished-at="2024-02-29T15:47:25 IST" duration-ms="205477">
      <class name="runner.NewExcelTestRunner">
        <test-method is-config="true" signature="beforeTest()[pri:0, instance:runner.NewExcelTestRunner@55dfcc6]" started-at="2024-02-29T15:43:59 IST" name="beforeTest" finished-at="2024-02-29T15:43:59 IST" duration-ms="27" status="PASS">
          <reporter-output>
          </reporter-output>
        </test-method> <!-- beforeTest -->
        <test-method signature="test()[pri:0, instance:runner.NewExcelTestRunner@55dfcc6]" started-at="2024-02-29T15:43:59 IST" name="test" finished-at="2024-02-29T15:47:24 IST" duration-ms="205134" status="PASS">
          <reporter-output>
          </reporter-output>
        </test-method> <!-- test -->
        <test-method is-config="true" signature="afterTest()[pri:0, instance:runner.NewExcelTestRunner@55dfcc6]" started-at="2024-02-29T15:47:24 IST" name="afterTest" finished-at="2024-02-29T15:47:25 IST" duration-ms="207" status="PASS">
          <reporter-output>
          </reporter-output>
        </test-method> <!-- afterTest -->
      </class> <!-- runner.NewExcelTestRunner -->
    </test> <!-- Default test -->
  </suite> <!-- Default suite -->
</testng-results>
